{"/home/e35875/gremlin-visualizer/src/App.tsx": {"path":"/home/e35875/gremlin-visualizer/src/App.tsx","statementMap":{"0":{"start":{"line":7,"column":19},"end":{"line":42,"column":1}},"1":{"start":{"line":9,"column":38},"end":{"line":9,"column":51}},"2":{"start":{"line":11,"column":32},"end":{"line":15,"column":3}},"3":{"start":{"line":12,"column":4},"end":{"line":12,"column":59}},"4":{"start":{"line":13,"column":4},"end":{"line":13,"column":65}},"5":{"start":{"line":14,"column":4},"end":{"line":14,"column":43}},"6":{"start":{"line":17,"column":26},"end":{"line":25,"column":3}},"7":{"start":{"line":19,"column":6},"end":{"line":19,"column":81}},"8":{"start":{"line":20,"column":19},"end":{"line":20,"column":21}},"9":{"start":{"line":21,"column":19},"end":{"line":21,"column":44}},"10":{"start":{"line":22,"column":4},"end":{"line":24,"column":5}},"11":{"start":{"line":23,"column":6},"end":{"line":23,"column":33}},"12":{"start":{"line":27,"column":34},"end":{"line":31,"column":3}},"13":{"start":{"line":28,"column":4},"end":{"line":28,"column":62}},"14":{"start":{"line":29,"column":4},"end":{"line":29,"column":68}},"15":{"start":{"line":30,"column":4},"end":{"line":30,"column":43}},"16":{"start":{"line":33,"column":2},"end":{"line":40,"column":4}}},"fnMap":{"0":{"name":"(anonymous_0)","decl":{"start":{"line":7,"column":19},"end":{"line":7,"column":20}},"loc":{"start":{"line":7,"column":25},"end":{"line":42,"column":1}},"line":7},"1":{"name":"(anonymous_1)","decl":{"start":{"line":11,"column":32},"end":{"line":11,"column":33}},"loc":{"start":{"line":11,"column":89},"end":{"line":15,"column":3}},"line":11},"2":{"name":"(anonymous_2)","decl":{"start":{"line":17,"column":26},"end":{"line":17,"column":27}},"loc":{"start":{"line":17,"column":49},"end":{"line":25,"column":3}},"line":17},"3":{"name":"(anonymous_3)","decl":{"start":{"line":27,"column":34},"end":{"line":27,"column":35}},"loc":{"start":{"line":27,"column":40},"end":{"line":31,"column":3}},"line":27}},"branchMap":{"0":{"loc":{"start":{"line":22,"column":4},"end":{"line":24,"column":5}},"type":"if","locations":[{"start":{"line":22,"column":4},"end":{"line":24,"column":5}},{"start":{},"end":{}}],"line":22},"1":{"loc":{"start":{"line":22,"column":8},"end":{"line":22,"column":56}},"type":"binary-expr","locations":[{"start":{"line":22,"column":8},"end":{"line":22,"column":30}},{"start":{"line":22,"column":34},"end":{"line":22,"column":56}}],"line":22}},"s":{"0":0,"1":0,"2":0,"3":0,"4":0,"5":0,"6":0,"7":0,"8":0,"9":0,"10":0,"11":0,"12":0,"13":0,"14":0,"15":0,"16":0},"f":{"0":0,"1":0,"2":0,"3":0},"b":{"0":[0,0],"1":[0,0]}}
,"/home/e35875/gremlin-visualizer/src/constants.js": {"path":"/home/e35875/gremlin-visualizer/src/constants.js","statementMap":{"0":{"start":{"line":1,"column":19},"end":{"line":1,"column":42}},"1":{"start":{"line":2,"column":30},"end":{"line":2,"column":51}},"2":{"start":{"line":3,"column":34},"end":{"line":3,"column":59}},"3":{"start":{"line":4,"column":36},"end":{"line":4,"column":100}},"4":{"start":{"line":5,"column":24},"end":{"line":5,"column":29}},"5":{"start":{"line":6,"column":23},"end":{"line":26,"column":1}},"6":{"start":{"line":28,"column":38},"end":{"line":28,"column":43}},"7":{"start":{"line":29,"column":30},"end":{"line":29,"column":33}},"8":{"start":{"line":34,"column":38},"end":{"line":36,"column":1}},"9":{"start":{"line":38,"column":29},"end":{"line":41,"column":1}}},"fnMap":{},"branchMap":{},"s":{"0":0,"1":0,"2":0,"3":0,"4":0,"5":0,"6":0,"7":0,"8":0,"9":0},"f":{},"b":{}}
,"/home/e35875/gremlin-visualizer/src/index.tsx": {"path":"/home/e35875/gremlin-visualizer/src/index.tsx","statementMap":{"0":{"start":{"line":8,"column":13},"end":{"line":8,"column":80}},"1":{"start":{"line":10,"column":0},"end":{"line":14,"column":2}}},"fnMap":{},"branchMap":{},"s":{"0":0,"1":0},"f":{},"b":{}}
,"/home/e35875/gremlin-visualizer/src/app/store.ts": {"path":"/home/e35875/gremlin-visualizer/src/app/store.ts","statementMap":{"0":{"start":{"line":11,"column":14},"end":{"line":14,"column":2}},"1":{"start":{"line":18,"column":49},"end":{"line":18,"column":60}}},"fnMap":{},"branchMap":{},"s":{"0":0,"1":0},"f":{},"b":{}}
,"/home/e35875/gremlin-visualizer/src/assets/icons.ts": {"path":"/home/e35875/gremlin-visualizer/src/assets/icons.ts","statementMap":{"0":{"start":{"line":1,"column":38},"end":{"line":5,"column":1}},"1":{"start":{"line":14,"column":30},"end":{"line":21,"column":1}},"2":{"start":{"line":15,"column":2},"end":{"line":15,"column":39}},"3":{"start":{"line":15,"column":27},"end":{"line":15,"column":39}},"4":{"start":{"line":16,"column":15},"end":{"line":16,"column":27}},"5":{"start":{"line":17,"column":2},"end":{"line":19,"column":3}},"6":{"start":{"line":18,"column":4},"end":{"line":18,"column":16}},"7":{"start":{"line":20,"column":2},"end":{"line":20,"column":14}}},"fnMap":{"0":{"name":"(anonymous_0)","decl":{"start":{"line":14,"column":30},"end":{"line":14,"column":31}},"loc":{"start":{"line":14,"column":61},"end":{"line":21,"column":1}},"line":14}},"branchMap":{"0":{"loc":{"start":{"line":15,"column":2},"end":{"line":15,"column":39}},"type":"if","locations":[{"start":{"line":15,"column":2},"end":{"line":15,"column":39}},{"start":{},"end":{}}],"line":15},"1":{"loc":{"start":{"line":17,"column":2},"end":{"line":19,"column":3}},"type":"if","locations":[{"start":{"line":17,"column":2},"end":{"line":19,"column":3}},{"start":{},"end":{}}],"line":17}},"s":{"0":0,"1":0,"2":0,"3":0,"4":0,"5":0,"6":0,"7":0},"f":{"0":0},"b":{"0":[0,0],"1":[0,0]}}
,"/home/e35875/gremlin-visualizer/src/components/Details/DetailsComponent.tsx": {"path":"/home/e35875/gremlin-visualizer/src/components/Details/DetailsComponent.tsx","statementMap":{"0":{"start":{"line":46,"column":32},"end":{"line":334,"column":1}},"1":{"start":{"line":47,"column":19},"end":{"line":47,"column":32}},"2":{"start":{"line":48,"column":25},"end":{"line":48,"column":51}},"3":{"start":{"line":49,"column":41},"end":{"line":49,"column":65}},"4":{"start":{"line":50,"column":36},"end":{"line":50,"column":62}},"5":{"start":{"line":52,"column":36},"end":{"line":52,"column":65}},"6":{"start":{"line":53,"column":36},"end":{"line":53,"column":65}},"7":{"start":{"line":54,"column":48},"end":{"line":54,"column":72}},"8":{"start":{"line":55,"column":48},"end":{"line":55,"column":77}},"9":{"start":{"line":56,"column":50},"end":{"line":56,"column":79}},"10":{"start":{"line":58,"column":20},"end":{"line":58,"column":25}},"11":{"start":{"line":59,"column":26},"end":{"line":59,"column":30}},"12":{"start":{"line":60,"column":39},"end":{"line":60,"column":48}},"13":{"start":{"line":61,"column":27},"end":{"line":61,"column":31}},"14":{"start":{"line":62,"column":38},"end":{"line":62,"column":42}},"15":{"start":{"line":63,"column":2},"end":{"line":77,"column":3}},"16":{"start":{"line":64,"column":4},"end":{"line":64,"column":23}},"17":{"start":{"line":65,"column":4},"end":{"line":65,"column":47}},"18":{"start":{"line":66,"column":4},"end":{"line":66,"column":43}},"19":{"start":{"line":67,"column":4},"end":{"line":67,"column":59}},"20":{"start":{"line":68,"column":4},"end":{"line":68,"column":67}},"21":{"start":{"line":69,"column":4},"end":{"line":69,"column":28}},"22":{"start":{"line":70,"column":9},"end":{"line":77,"column":3}},"23":{"start":{"line":71,"column":4},"end":{"line":71,"column":23}},"24":{"start":{"line":72,"column":4},"end":{"line":72,"column":47}},"25":{"start":{"line":73,"column":4},"end":{"line":73,"column":43}},"26":{"start":{"line":74,"column":4},"end":{"line":74,"column":59}},"27":{"start":{"line":75,"column":4},"end":{"line":75,"column":28}},"28":{"start":{"line":76,"column":4},"end":{"line":76,"column":67}},"29":{"start":{"line":79,"column":2},"end":{"line":82,"column":35}},"30":{"start":{"line":80,"column":4},"end":{"line":80,"column":23}},"31":{"start":{"line":81,"column":4},"end":{"line":81,"column":23}},"32":{"start":{"line":90,"column":4},"end":{"line":90,"column":29}},"33":{"start":{"line":90,"column":22},"end":{"line":90,"column":29}},"34":{"start":{"line":91,"column":4},"end":{"line":119,"column":7}},"35":{"start":{"line":93,"column":6},"end":{"line":118,"column":18}},"36":{"start":{"line":110,"column":14},"end":{"line":110,"column":69}},"37":{"start":{"line":123,"column":18},"end":{"line":123,"column":51}},"38":{"start":{"line":124,"column":4},"end":{"line":141,"column":9}},"39":{"start":{"line":136,"column":8},"end":{"line":136,"column":60}},"40":{"start":{"line":139,"column":8},"end":{"line":139,"column":27}},"41":{"start":{"line":140,"column":8},"end":{"line":140,"column":49}},"42":{"start":{"line":145,"column":4},"end":{"line":162,"column":9}},"43":{"start":{"line":157,"column":8},"end":{"line":157,"column":81}},"44":{"start":{"line":160,"column":29},"end":{"line":160,"column":99}},"45":{"start":{"line":161,"column":8},"end":{"line":161,"column":41}},"46":{"start":{"line":166,"column":4},"end":{"line":183,"column":5}},"47":{"start":{"line":167,"column":6},"end":{"line":177,"column":10}},"48":{"start":{"line":178,"column":6},"end":{"line":178,"column":18}},"49":{"start":{"line":180,"column":27},"end":{"line":180,"column":115}},"50":{"start":{"line":181,"column":6},"end":{"line":181,"column":39}},"51":{"start":{"line":182,"column":6},"end":{"line":182,"column":18}},"52":{"start":{"line":188,"column":19},"end":{"line":188,"column":21}},"53":{"start":{"line":188,"column":37},"end":{"line":188,"column":39}},"54":{"start":{"line":190,"column":4},"end":{"line":203,"column":5}},"55":{"start":{"line":191,"column":6},"end":{"line":191,"column":75}},"56":{"start":{"line":192,"column":6},"end":{"line":192,"column":34}},"57":{"start":{"line":193,"column":6},"end":{"line":193,"column":13}},"58":{"start":{"line":194,"column":11},"end":{"line":203,"column":5}},"59":{"start":{"line":195,"column":6},"end":{"line":195,"column":69}},"60":{"start":{"line":196,"column":6},"end":{"line":196,"column":41}},"61":{"start":{"line":197,"column":11},"end":{"line":203,"column":5}},"62":{"start":{"line":198,"column":6},"end":{"line":198,"column":87}},"63":{"start":{"line":199,"column":6},"end":{"line":199,"column":66}},"64":{"start":{"line":201,"column":6},"end":{"line":201,"column":83}},"65":{"start":{"line":202,"column":6},"end":{"line":202,"column":66}},"66":{"start":{"line":205,"column":4},"end":{"line":206,"column":47}},"67":{"start":{"line":206,"column":18},"end":{"line":206,"column":46}},"68":{"start":{"line":211,"column":4},"end":{"line":211,"column":23}},"69":{"start":{"line":212,"column":4},"end":{"line":212,"column":23}},"70":{"start":{"line":213,"column":4},"end":{"line":213,"column":39}},"71":{"start":{"line":214,"column":4},"end":{"line":214,"column":45}},"72":{"start":{"line":218,"column":4},"end":{"line":218,"column":26}},"73":{"start":{"line":219,"column":4},"end":{"line":219,"column":70}},"74":{"start":{"line":219,"column":63},"end":{"line":219,"column":70}},"75":{"start":{"line":220,"column":4},"end":{"line":220,"column":67}},"76":{"start":{"line":221,"column":4},"end":{"line":221,"column":25}},"77":{"start":{"line":225,"column":4},"end":{"line":225,"column":29}},"78":{"start":{"line":226,"column":4},"end":{"line":226,"column":28}},"79":{"start":{"line":227,"column":4},"end":{"line":227,"column":29}},"80":{"start":{"line":230,"column":2},"end":{"line":332,"column":12}},"81":{"start":{"line":238,"column":31},"end":{"line":238,"column":60}},"82":{"start":{"line":248,"column":31},"end":{"line":248,"column":59}},"83":{"start":{"line":282,"column":55},"end":{"line":282,"column":79}},"84":{"start":{"line":306,"column":33},"end":{"line":306,"column":67}},"85":{"start":{"line":316,"column":33},"end":{"line":316,"column":68}}},"fnMap":{"0":{"name":"(anonymous_0)","decl":{"start":{"line":46,"column":32},"end":{"line":46,"column":33}},"loc":{"start":{"line":46,"column":38},"end":{"line":334,"column":1}},"line":46},"1":{"name":"(anonymous_1)","decl":{"start":{"line":79,"column":12},"end":{"line":79,"column":13}},"loc":{"start":{"line":79,"column":18},"end":{"line":82,"column":3}},"line":79},"2":{"name":"getRows","decl":{"start":{"line":89,"column":11},"end":{"line":89,"column":18}},"loc":{"start":{"line":89,"column":30},"end":{"line":120,"column":3}},"line":89},"3":{"name":"(anonymous_3)","decl":{"start":{"line":91,"column":36},"end":{"line":91,"column":37}},"loc":{"start":{"line":91,"column":41},"end":{"line":119,"column":5}},"line":91},"4":{"name":"(anonymous_4)","decl":{"start":{"line":109,"column":33},"end":{"line":109,"column":34}},"loc":{"start":{"line":109,"column":39},"end":{"line":111,"column":13}},"line":109},"5":{"name":"onTraverse","decl":{"start":{"line":122,"column":11},"end":{"line":122,"column":21}},"loc":{"start":{"line":122,"column":69},"end":{"line":142,"column":3}},"line":122},"6":{"name":"(anonymous_6)","decl":{"start":{"line":135,"column":12},"end":{"line":135,"column":13}},"loc":{"start":{"line":135,"column":26},"end":{"line":137,"column":7}},"line":135},"7":{"name":"(anonymous_7)","decl":{"start":{"line":138,"column":13},"end":{"line":138,"column":14}},"loc":{"start":{"line":138,"column":24},"end":{"line":141,"column":7}},"line":138},"8":{"name":"sendUpdateQuery","decl":{"start":{"line":144,"column":11},"end":{"line":144,"column":26}},"loc":{"start":{"line":144,"column":42},"end":{"line":163,"column":3}},"line":144},"9":{"name":"(anonymous_9)","decl":{"start":{"line":156,"column":12},"end":{"line":156,"column":13}},"loc":{"start":{"line":156,"column":26},"end":{"line":158,"column":7}},"line":156},"10":{"name":"(anonymous_10)","decl":{"start":{"line":159,"column":13},"end":{"line":159,"column":14}},"loc":{"start":{"line":159,"column":24},"end":{"line":162,"column":7}},"line":159},"11":{"name":"sendRawQuery","decl":{"start":{"line":165,"column":17},"end":{"line":165,"column":29}},"loc":{"start":{"line":165,"column":45},"end":{"line":184,"column":3}},"line":165},"12":{"name":"updateElementProperty","decl":{"start":{"line":186,"column":11},"end":{"line":186,"column":32}},"loc":{"start":{"line":186,"column":81},"end":{"line":208,"column":3}},"line":186},"13":{"name":"(anonymous_13)","decl":{"start":{"line":206,"column":12},"end":{"line":206,"column":13}},"loc":{"start":{"line":206,"column":18},"end":{"line":206,"column":46}},"line":206},"14":{"name":"onConfirmEdit","decl":{"start":{"line":210,"column":11},"end":{"line":210,"column":24}},"loc":{"start":{"line":210,"column":68},"end":{"line":215,"column":3}},"line":210},"15":{"name":"onConfirmAddProperty","decl":{"start":{"line":217,"column":11},"end":{"line":217,"column":31}},"loc":{"start":{"line":217,"column":72},"end":{"line":222,"column":3}},"line":217},"16":{"name":"onCancelAddProperty","decl":{"start":{"line":224,"column":11},"end":{"line":224,"column":30}},"loc":{"start":{"line":224,"column":33},"end":{"line":228,"column":3}},"line":224},"17":{"name":"(anonymous_17)","decl":{"start":{"line":238,"column":25},"end":{"line":238,"column":26}},"loc":{"start":{"line":238,"column":31},"end":{"line":238,"column":60}},"line":238},"18":{"name":"(anonymous_18)","decl":{"start":{"line":248,"column":25},"end":{"line":248,"column":26}},"loc":{"start":{"line":248,"column":31},"end":{"line":248,"column":59}},"line":248},"19":{"name":"(anonymous_19)","decl":{"start":{"line":282,"column":49},"end":{"line":282,"column":50}},"loc":{"start":{"line":282,"column":55},"end":{"line":282,"column":79}},"line":282},"20":{"name":"(anonymous_20)","decl":{"start":{"line":306,"column":28},"end":{"line":306,"column":29}},"loc":{"start":{"line":306,"column":33},"end":{"line":306,"column":67}},"line":306},"21":{"name":"(anonymous_21)","decl":{"start":{"line":316,"column":28},"end":{"line":316,"column":29}},"loc":{"start":{"line":316,"column":33},"end":{"line":316,"column":68}},"line":316}},"branchMap":{"0":{"loc":{"start":{"line":63,"column":2},"end":{"line":77,"column":3}},"type":"if","locations":[{"start":{"line":63,"column":2},"end":{"line":77,"column":3}},{"start":{"line":70,"column":9},"end":{"line":77,"column":3}}],"line":63},"1":{"loc":{"start":{"line":70,"column":9},"end":{"line":77,"column":3}},"type":"if","locations":[{"start":{"line":70,"column":9},"end":{"line":77,"column":3}},{"start":{},"end":{}}],"line":70},"2":{"loc":{"start":{"line":90,"column":4},"end":{"line":90,"column":29}},"type":"if","locations":[{"start":{"line":90,"column":4},"end":{"line":90,"column":29}},{"start":{},"end":{}}],"line":90},"3":{"loc":{"start":{"line":96,"column":11},"end":{"line":104,"column":45}},"type":"cond-expr","locations":[{"start":{"line":97,"column":12},"end":{"line":103,"column":14}},{"start":{"line":104,"column":14},"end":{"line":104,"column":45}}],"line":96},"4":{"loc":{"start":{"line":107,"column":9},"end":{"line":115,"column":17}},"type":"cond-expr","locations":[{"start":{"line":108,"column":10},"end":{"line":114,"column":22}},{"start":{"line":115,"column":12},"end":{"line":115,"column":17}}],"line":107},"5":{"loc":{"start":{"line":160,"column":29},"end":{"line":160,"column":99}},"type":"binary-expr","locations":[{"start":{"line":160,"column":29},"end":{"line":160,"column":58}},{"start":{"line":160,"column":62},"end":{"line":160,"column":75}},{"start":{"line":160,"column":79},"end":{"line":160,"column":99}}],"line":160},"6":{"loc":{"start":{"line":180,"column":27},"end":{"line":180,"column":115}},"type":"binary-expr","locations":[{"start":{"line":180,"column":27},"end":{"line":180,"column":65}},{"start":{"line":180,"column":69},"end":{"line":180,"column":91}},{"start":{"line":180,"column":95},"end":{"line":180,"column":115}}],"line":180},"7":{"loc":{"start":{"line":190,"column":4},"end":{"line":203,"column":5}},"type":"if","locations":[{"start":{"line":190,"column":4},"end":{"line":203,"column":5}},{"start":{"line":194,"column":11},"end":{"line":203,"column":5}}],"line":190},"8":{"loc":{"start":{"line":190,"column":8},"end":{"line":190,"column":46}},"type":"binary-expr","locations":[{"start":{"line":190,"column":8},"end":{"line":190,"column":33}},{"start":{"line":190,"column":37},"end":{"line":190,"column":46}}],"line":190},"9":{"loc":{"start":{"line":194,"column":11},"end":{"line":203,"column":5}},"type":"if","locations":[{"start":{"line":194,"column":11},"end":{"line":203,"column":5}},{"start":{"line":197,"column":11},"end":{"line":203,"column":5}}],"line":194},"10":{"loc":{"start":{"line":197,"column":11},"end":{"line":203,"column":5}},"type":"if","locations":[{"start":{"line":197,"column":11},"end":{"line":203,"column":5}},{"start":{"line":200,"column":11},"end":{"line":203,"column":5}}],"line":197},"11":{"loc":{"start":{"line":197,"column":15},"end":{"line":197,"column":53}},"type":"binary-expr","locations":[{"start":{"line":197,"column":15},"end":{"line":197,"column":40}},{"start":{"line":197,"column":44},"end":{"line":197,"column":53}}],"line":197},"12":{"loc":{"start":{"line":219,"column":4},"end":{"line":219,"column":70}},"type":"if","locations":[{"start":{"line":219,"column":4},"end":{"line":219,"column":70}},{"start":{},"end":{}}],"line":219},"13":{"loc":{"start":{"line":219,"column":8},"end":{"line":219,"column":61}},"type":"binary-expr","locations":[{"start":{"line":219,"column":8},"end":{"line":219,"column":32}},{"start":{"line":219,"column":36},"end":{"line":219,"column":61}}],"line":219},"14":{"loc":{"start":{"line":230,"column":9},"end":{"line":332,"column":12}},"type":"binary-expr","locations":[{"start":{"line":230,"column":9},"end":{"line":230,"column":20}},{"start":{"line":230,"column":25},"end":{"line":326,"column":9}},{"start":{"line":328,"column":5},"end":{"line":332,"column":11}}],"line":230},"15":{"loc":{"start":{"line":232,"column":9},"end":{"line":255,"column":9}},"type":"binary-expr","locations":[{"start":{"line":232,"column":9},"end":{"line":232,"column":34}},{"start":{"line":233,"column":10},"end":{"line":254,"column":17}}],"line":232},"16":{"loc":{"start":{"line":263,"column":19},"end":{"line":263,"column":76}},"type":"cond-expr","locations":[{"start":{"line":263,"column":45},"end":{"line":263,"column":68}},{"start":{"line":263,"column":71},"end":{"line":263,"column":76}}],"line":263},"17":{"loc":{"start":{"line":268,"column":19},"end":{"line":268,"column":76}},"type":"cond-expr","locations":[{"start":{"line":268,"column":45},"end":{"line":268,"column":68}},{"start":{"line":268,"column":71},"end":{"line":268,"column":76}}],"line":268},"18":{"loc":{"start":{"line":275,"column":9},"end":{"line":286,"column":17}},"type":"cond-expr","locations":[{"start":{"line":276,"column":10},"end":{"line":285,"column":17}},{"start":{"line":286,"column":12},"end":{"line":286,"column":17}}],"line":275}},"s":{"0":0,"1":0,"2":0,"3":0,"4":0,"5":0,"6":0,"7":0,"8":0,"9":0,"10":0,"11":0,"12":0,"13":0,"14":0,"15":0,"16":0,"17":0,"18":0,"19":0,"20":0,"21":0,"22":0,"23":0,"24":0,"25":0,"26":0,"27":0,"28":0,"29":0,"30":0,"31":0,"32":0,"33":0,"34":0,"35":0,"36":0,"37":0,"38":0,"39":0,"40":0,"41":0,"42":0,"43":0,"44":0,"45":0,"46":0,"47":0,"48":0,"49":0,"50":0,"51":0,"52":0,"53":0,"54":0,"55":0,"56":0,"57":0,"58":0,"59":0,"60":0,"61":0,"62":0,"63":0,"64":0,"65":0,"66":0,"67":0,"68":0,"69":0,"70":0,"71":0,"72":0,"73":0,"74":0,"75":0,"76":0,"77":0,"78":0,"79":0,"80":0,"81":0,"82":0,"83":0,"84":0,"85":0},"f":{"0":0,"1":0,"2":0,"3":0,"4":0,"5":0,"6":0,"7":0,"8":0,"9":0,"10":0,"11":0,"12":0,"13":0,"14":0,"15":0,"16":0,"17":0,"18":0,"19":0,"20":0,"21":0},"b":{"0":[0,0],"1":[0,0],"2":[0,0],"3":[0,0],"4":[0,0],"5":[0,0,0],"6":[0,0,0],"7":[0,0],"8":[0,0],"9":[0,0],"10":[0,0],"11":[0,0],"12":[0,0],"13":[0,0],"14":[0,0,0],"15":[0,0],"16":[0,0],"17":[0,0],"18":[0,0]}}
,"/home/e35875/gremlin-visualizer/src/components/Details/QueryComponent.tsx": {"path":"/home/e35875/gremlin-visualizer/src/components/Details/QueryComponent.tsx","statementMap":{"0":{"start":{"line":12,"column":14},"end":{"line":80,"column":1}},"1":{"start":{"line":13,"column":19},"end":{"line":13,"column":32}},"2":{"start":{"line":14,"column":32},"end":{"line":14,"column":58}},"3":{"start":{"line":15,"column":36},"end":{"line":17,"column":3}},"4":{"start":{"line":16,"column":26},"end":{"line":16,"column":39}},"5":{"start":{"line":20,"column":4},"end":{"line":20,"column":27}},"6":{"start":{"line":21,"column":4},"end":{"line":21,"column":34}},"7":{"start":{"line":25,"column":4},"end":{"line":25,"column":29}},"8":{"start":{"line":26,"column":4},"end":{"line":38,"column":9}},"9":{"start":{"line":33,"column":8},"end":{"line":33,"column":60}},"10":{"start":{"line":36,"column":8},"end":{"line":36,"column":27}},"11":{"start":{"line":37,"column":8},"end":{"line":37,"column":49}},"12":{"start":{"line":42,"column":4},"end":{"line":42,"column":43}},"13":{"start":{"line":43,"column":4},"end":{"line":43,"column":10}},"14":{"start":{"line":46,"column":2},"end":{"line":79,"column":12}}},"fnMap":{"0":{"name":"(anonymous_0)","decl":{"start":{"line":12,"column":14},"end":{"line":12,"column":15}},"loc":{"start":{"line":12,"column":23},"end":{"line":80,"column":1}},"line":12},"1":{"name":"(anonymous_1)","decl":{"start":{"line":16,"column":4},"end":{"line":16,"column":5}},"loc":{"start":{"line":16,"column":26},"end":{"line":16,"column":39}},"line":16},"2":{"name":"handleClearGraph","decl":{"start":{"line":19,"column":11},"end":{"line":19,"column":27}},"loc":{"start":{"line":19,"column":30},"end":{"line":22,"column":3}},"line":19},"3":{"name":"sendQuery","decl":{"start":{"line":24,"column":11},"end":{"line":24,"column":20}},"loc":{"start":{"line":24,"column":23},"end":{"line":39,"column":3}},"line":24},"4":{"name":"(anonymous_4)","decl":{"start":{"line":32,"column":12},"end":{"line":32,"column":13}},"loc":{"start":{"line":32,"column":26},"end":{"line":34,"column":7}},"line":32},"5":{"name":"(anonymous_5)","decl":{"start":{"line":35,"column":13},"end":{"line":35,"column":14}},"loc":{"start":{"line":35,"column":24},"end":{"line":38,"column":7}},"line":35},"6":{"name":"onQueryChanged","decl":{"start":{"line":41,"column":11},"end":{"line":41,"column":25}},"loc":{"start":{"line":41,"column":73},"end":{"line":44,"column":3}},"line":41}},"branchMap":{},"s":{"0":0,"1":0,"2":0,"3":0,"4":0,"5":0,"6":0,"7":0,"8":0,"9":0,"10":0,"11":0,"12":0,"13":0,"14":0},"f":{"0":0,"1":0,"2":0,"3":0,"4":0,"5":0,"6":0},"b":{}}
,"/home/e35875/gremlin-visualizer/src/components/Details/SavedQueriesComponent.tsx": {"path":"/home/e35875/gremlin-visualizer/src/components/Details/SavedQueriesComponent.tsx","statementMap":{"0":{"start":{"line":18,"column":21},"end":{"line":121,"column":1}},"1":{"start":{"line":19,"column":21},"end":{"line":19,"column":34}},"2":{"start":{"line":20,"column":27},"end":{"line":20,"column":53}},"3":{"start":{"line":21,"column":38},"end":{"line":23,"column":5}},"4":{"start":{"line":22,"column":30},"end":{"line":22,"column":43}},"5":{"start":{"line":24,"column":46},"end":{"line":24,"column":57}},"6":{"start":{"line":25,"column":42},"end":{"line":25,"column":57}},"7":{"start":{"line":26,"column":31},"end":{"line":27,"column":32}},"8":{"start":{"line":27,"column":9},"end":{"line":27,"column":30}},"9":{"start":{"line":29,"column":32},"end":{"line":32,"column":5}},"10":{"start":{"line":30,"column":8},"end":{"line":30,"column":32}},"11":{"start":{"line":31,"column":8},"end":{"line":31,"column":29}},"12":{"start":{"line":35,"column":23},"end":{"line":51,"column":5}},"13":{"start":{"line":36,"column":22},"end":{"line":36,"column":41}},"14":{"start":{"line":37,"column":8},"end":{"line":37,"column":33}},"15":{"start":{"line":38,"column":8},"end":{"line":50,"column":15}},"16":{"start":{"line":45,"column":16},"end":{"line":45,"column":78}},"17":{"start":{"line":48,"column":16},"end":{"line":48,"column":35}},"18":{"start":{"line":49,"column":16},"end":{"line":49,"column":57}},"19":{"start":{"line":55,"column":4},"end":{"line":120,"column":5}},"20":{"start":{"line":60,"column":24},"end":{"line":69,"column":41}},"21":{"start":{"line":62,"column":101},"end":{"line":62,"column":132}},"22":{"start":{"line":64,"column":68},"end":{"line":64,"column":83}},"23":{"start":{"line":95,"column":47},"end":{"line":95,"column":68}}},"fnMap":{"0":{"name":"(anonymous_0)","decl":{"start":{"line":18,"column":21},"end":{"line":18,"column":22}},"loc":{"start":{"line":18,"column":30},"end":{"line":121,"column":1}},"line":18},"1":{"name":"(anonymous_1)","decl":{"start":{"line":22,"column":8},"end":{"line":22,"column":9}},"loc":{"start":{"line":22,"column":30},"end":{"line":22,"column":43}},"line":22},"2":{"name":"(anonymous_2)","decl":{"start":{"line":26,"column":65},"end":{"line":26,"column":66}},"loc":{"start":{"line":27,"column":9},"end":{"line":27,"column":30}},"line":27},"3":{"name":"(anonymous_3)","decl":{"start":{"line":29,"column":32},"end":{"line":29,"column":33}},"loc":{"start":{"line":29,"column":104},"end":{"line":32,"column":5}},"line":29},"4":{"name":"(anonymous_4)","decl":{"start":{"line":35,"column":23},"end":{"line":35,"column":24}},"loc":{"start":{"line":35,"column":42},"end":{"line":51,"column":5}},"line":35},"5":{"name":"(anonymous_5)","decl":{"start":{"line":44,"column":18},"end":{"line":44,"column":19}},"loc":{"start":{"line":44,"column":32},"end":{"line":46,"column":13}},"line":44},"6":{"name":"(anonymous_6)","decl":{"start":{"line":47,"column":19},"end":{"line":47,"column":20}},"loc":{"start":{"line":47,"column":30},"end":{"line":50,"column":13}},"line":47},"7":{"name":"(anonymous_7)","decl":{"start":{"line":59,"column":33},"end":{"line":59,"column":34}},"loc":{"start":{"line":60,"column":24},"end":{"line":69,"column":41}},"line":60},"8":{"name":"(anonymous_8)","decl":{"start":{"line":62,"column":90},"end":{"line":62,"column":91}},"loc":{"start":{"line":62,"column":101},"end":{"line":62,"column":132}},"line":62},"9":{"name":"(anonymous_9)","decl":{"start":{"line":64,"column":57},"end":{"line":64,"column":58}},"loc":{"start":{"line":64,"column":68},"end":{"line":64,"column":83}},"line":64},"10":{"name":"(anonymous_10)","decl":{"start":{"line":95,"column":41},"end":{"line":95,"column":42}},"loc":{"start":{"line":95,"column":47},"end":{"line":95,"column":68}},"line":95}},"branchMap":{"0":{"loc":{"start":{"line":57,"column":45},"end":{"line":57,"column":73}},"type":"cond-expr","locations":[{"start":{"line":57,"column":59},"end":{"line":57,"column":64}},{"start":{"line":57,"column":67},"end":{"line":57,"column":73}}],"line":57},"1":{"loc":{"start":{"line":73,"column":13},"end":{"line":118,"column":13}},"type":"binary-expr","locations":[{"start":{"line":73,"column":13},"end":{"line":73,"column":24}},{"start":{"line":73,"column":28},"end":{"line":73,"column":46}},{"start":{"line":74,"column":16},"end":{"line":117,"column":22}}],"line":73}},"s":{"0":0,"1":0,"2":0,"3":0,"4":0,"5":0,"6":0,"7":0,"8":0,"9":0,"10":0,"11":0,"12":0,"13":0,"14":0,"15":0,"16":0,"17":0,"18":0,"19":0,"20":0,"21":0,"22":0,"23":0},"f":{"0":0,"1":0,"2":0,"3":0,"4":0,"5":0,"6":0,"7":0,"8":0,"9":0,"10":0},"b":{"0":[0,0],"1":[0,0,0]}}
,"/home/e35875/gremlin-visualizer/src/components/Details/SettingsComponent.tsx": {"path":"/home/e35875/gremlin-visualizer/src/components/Details/SettingsComponent.tsx","statementMap":{"0":{"start":{"line":53,"column":22},"end":{"line":132,"column":1}},"1":{"start":{"line":54,"column":19},"end":{"line":54,"column":32}},"2":{"start":{"line":55,"column":56},"end":{"line":55,"column":78}},"3":{"start":{"line":56,"column":26},"end":{"line":56,"column":51}},"4":{"start":{"line":57,"column":24},"end":{"line":62,"column":4}},"5":{"start":{"line":58,"column":4},"end":{"line":61,"column":6}},"6":{"start":{"line":64,"column":28},"end":{"line":66,"column":3}},"7":{"start":{"line":65,"column":4},"end":{"line":65,"column":37}},"8":{"start":{"line":69,"column":4},"end":{"line":69,"column":54}},"9":{"start":{"line":71,"column":34},"end":{"line":73,"column":3}},"10":{"start":{"line":71,"column":52},"end":{"line":73,"column":3}},"11":{"start":{"line":72,"column":4},"end":{"line":72,"column":79}},"12":{"start":{"line":75,"column":35},"end":{"line":82,"column":3}},"13":{"start":{"line":75,"column":68},"end":{"line":82,"column":3}},"14":{"start":{"line":76,"column":18},"end":{"line":76,"column":26}},"15":{"start":{"line":77,"column":22},"end":{"line":77,"column":37}},"16":{"start":{"line":78,"column":4},"end":{"line":78,"column":54}},"17":{"start":{"line":85,"column":2},"end":{"line":131,"column":4}},"18":{"start":{"line":88,"column":8},"end":{"line":128,"column":19}},"19":{"start":{"line":96,"column":27},"end":{"line":96,"column":45}},"20":{"start":{"line":97,"column":28},"end":{"line":97,"column":43}},"21":{"start":{"line":98,"column":14},"end":{"line":98,"column":64}},"22":{"start":{"line":109,"column":14},"end":{"line":119,"column":16}},"23":{"start":{"line":115,"column":32},"end":{"line":115,"column":50}},"24":{"start":{"line":116,"column":31},"end":{"line":116,"column":45}},"25":{"start":{"line":117,"column":18},"end":{"line":117,"column":68}},"26":{"start":{"line":124,"column":27},"end":{"line":124,"column":61}},"27":{"start":{"line":134,"column":24},"end":{"line":439,"column":1}},"28":{"start":{"line":135,"column":19},"end":{"line":135,"column":32}},"29":{"start":{"line":136,"column":25},"end":{"line":136,"column":51}},"30":{"start":{"line":137,"column":50},"end":{"line":137,"column":76}},"31":{"start":{"line":138,"column":21},"end":{"line":138,"column":56}},"32":{"start":{"line":140,"column":44},"end":{"line":140,"column":59}},"33":{"start":{"line":141,"column":44},"end":{"line":141,"column":59}},"34":{"start":{"line":142,"column":48},"end":{"line":142,"column":68}},"35":{"start":{"line":143,"column":52},"end":{"line":143,"column":72}},"36":{"start":{"line":144,"column":68},"end":{"line":144,"column":83}},"37":{"start":{"line":147,"column":4},"end":{"line":147,"column":28}},"38":{"start":{"line":151,"column":4},"end":{"line":151,"column":28}},"39":{"start":{"line":155,"column":4},"end":{"line":155,"column":29}},"40":{"start":{"line":159,"column":4},"end":{"line":159,"column":54}},"41":{"start":{"line":163,"column":4},"end":{"line":163,"column":37}},"42":{"start":{"line":167,"column":4},"end":{"line":167,"column":34}},"43":{"start":{"line":171,"column":4},"end":{"line":171,"column":44}},"44":{"start":{"line":175,"column":4},"end":{"line":175,"column":43}},"45":{"start":{"line":179,"column":4},"end":{"line":179,"column":31}},"46":{"start":{"line":180,"column":4},"end":{"line":180,"column":39}},"47":{"start":{"line":185,"column":4},"end":{"line":185,"column":43}},"48":{"start":{"line":189,"column":4},"end":{"line":189,"column":26}},"49":{"start":{"line":190,"column":20},"end":{"line":190,"column":84}},"50":{"start":{"line":190,"column":49},"end":{"line":190,"column":83}},"51":{"start":{"line":191,"column":4},"end":{"line":191,"column":31}},"52":{"start":{"line":192,"column":4},"end":{"line":192,"column":27}},"53":{"start":{"line":196,"column":4},"end":{"line":196,"column":28}},"54":{"start":{"line":197,"column":4},"end":{"line":197,"column":27}},"55":{"start":{"line":201,"column":29},"end":{"line":201,"column":90}},"56":{"start":{"line":201,"column":60},"end":{"line":201,"column":89}},"57":{"start":{"line":202,"column":4},"end":{"line":205,"column":77}},"58":{"start":{"line":202,"column":37},"end":{"line":204,"column":7}},"59":{"start":{"line":203,"column":6},"end":{"line":203,"column":95}},"60":{"start":{"line":205,"column":9},"end":{"line":205,"column":77}},"61":{"start":{"line":209,"column":4},"end":{"line":209,"column":28}},"62":{"start":{"line":210,"column":4},"end":{"line":210,"column":28}},"63":{"start":{"line":211,"column":4},"end":{"line":211,"column":39}},"64":{"start":{"line":215,"column":4},"end":{"line":215,"column":26}},"65":{"start":{"line":216,"column":4},"end":{"line":219,"column":5}},"66":{"start":{"line":216,"column":37},"end":{"line":216,"column":72}},"67":{"start":{"line":217,"column":6},"end":{"line":217,"column":40}},"68":{"start":{"line":218,"column":6},"end":{"line":218,"column":13}},"69":{"start":{"line":220,"column":4},"end":{"line":220,"column":29}},"70":{"start":{"line":224,"column":4},"end":{"line":224,"column":27}},"71":{"start":{"line":225,"column":25},"end":{"line":229,"column":5}},"72":{"start":{"line":230,"column":4},"end":{"line":230,"column":42}},"73":{"start":{"line":231,"column":4},"end":{"line":231,"column":27}},"74":{"start":{"line":235,"column":4},"end":{"line":235,"column":44}},"75":{"start":{"line":236,"column":4},"end":{"line":236,"column":39}},"76":{"start":{"line":239,"column":2},"end":{"line":438,"column":3}},"77":{"start":{"line":245,"column":33},"end":{"line":245,"column":66}},"78":{"start":{"line":253,"column":33},"end":{"line":253,"column":66}},"79":{"start":{"line":273,"column":28},"end":{"line":273,"column":46}},"80":{"start":{"line":274,"column":14},"end":{"line":274,"column":37}},"81":{"start":{"line":295,"column":38},"end":{"line":295,"column":80}},"82":{"start":{"line":303,"column":29},"end":{"line":303,"column":76}},"83":{"start":{"line":315,"column":25},"end":{"line":315,"column":47}},"84":{"start":{"line":321,"column":25},"end":{"line":321,"column":47}},"85":{"start":{"line":421,"column":23},"end":{"line":421,"column":58}}},"fnMap":{"0":{"name":"(anonymous_0)","decl":{"start":{"line":53,"column":22},"end":{"line":53,"column":23}},"loc":{"start":{"line":53,"column":62},"end":{"line":132,"column":1}},"line":53},"1":{"name":"(anonymous_1)","decl":{"start":{"line":57,"column":39},"end":{"line":57,"column":40}},"loc":{"start":{"line":57,"column":72},"end":{"line":62,"column":3}},"line":57},"2":{"name":"(anonymous_2)","decl":{"start":{"line":64,"column":28},"end":{"line":64,"column":29}},"loc":{"start":{"line":64,"column":47},"end":{"line":66,"column":3}},"line":64},"3":{"name":"onEditNodeLabel","decl":{"start":{"line":68,"column":11},"end":{"line":68,"column":26}},"loc":{"start":{"line":68,"column":58},"end":{"line":70,"column":3}},"line":68},"4":{"name":"(anonymous_4)","decl":{"start":{"line":71,"column":34},"end":{"line":71,"column":35}},"loc":{"start":{"line":71,"column":52},"end":{"line":73,"column":3}},"line":71},"5":{"name":"(anonymous_5)","decl":{"start":{"line":71,"column":52},"end":{"line":71,"column":53}},"loc":{"start":{"line":71,"column":69},"end":{"line":73,"column":3}},"line":71},"6":{"name":"(anonymous_6)","decl":{"start":{"line":75,"column":35},"end":{"line":75,"column":36}},"loc":{"start":{"line":75,"column":68},"end":{"line":82,"column":3}},"line":75},"7":{"name":"(anonymous_7)","decl":{"start":{"line":75,"column":68},"end":{"line":75,"column":69}},"loc":{"start":{"line":75,"column":99},"end":{"line":82,"column":3}},"line":75},"8":{"name":"(anonymous_8)","decl":{"start":{"line":87,"column":25},"end":{"line":87,"column":26}},"loc":{"start":{"line":88,"column":8},"end":{"line":128,"column":19}},"line":88},"9":{"name":"(anonymous_9)","decl":{"start":{"line":95,"column":22},"end":{"line":95,"column":23}},"loc":{"start":{"line":95,"column":33},"end":{"line":99,"column":13}},"line":95},"10":{"name":"(anonymous_10)","decl":{"start":{"line":108,"column":25},"end":{"line":108,"column":26}},"loc":{"start":{"line":109,"column":14},"end":{"line":119,"column":16}},"line":109},"11":{"name":"(anonymous_11)","decl":{"start":{"line":114,"column":26},"end":{"line":114,"column":27}},"loc":{"start":{"line":114,"column":37},"end":{"line":118,"column":17}},"line":114},"12":{"name":"(anonymous_12)","decl":{"start":{"line":124,"column":21},"end":{"line":124,"column":22}},"loc":{"start":{"line":124,"column":27},"end":{"line":124,"column":61}},"line":124},"13":{"name":"(anonymous_13)","decl":{"start":{"line":134,"column":24},"end":{"line":134,"column":25}},"loc":{"start":{"line":134,"column":30},"end":{"line":439,"column":1}},"line":134},"14":{"name":"onHostChanged","decl":{"start":{"line":146,"column":11},"end":{"line":146,"column":24}},"loc":{"start":{"line":146,"column":39},"end":{"line":148,"column":3}},"line":146},"15":{"name":"onPortChanged","decl":{"start":{"line":150,"column":11},"end":{"line":150,"column":24}},"loc":{"start":{"line":150,"column":39},"end":{"line":152,"column":3}},"line":150},"16":{"name":"onAddNodeLabel","decl":{"start":{"line":154,"column":11},"end":{"line":154,"column":25}},"loc":{"start":{"line":154,"column":28},"end":{"line":156,"column":3}},"line":154},"17":{"name":"onEditNodeLabel","decl":{"start":{"line":158,"column":11},"end":{"line":158,"column":26}},"loc":{"start":{"line":158,"column":61},"end":{"line":160,"column":3}},"line":158},"18":{"name":"onRemoveNodeLabel","decl":{"start":{"line":162,"column":11},"end":{"line":162,"column":28}},"loc":{"start":{"line":162,"column":44},"end":{"line":164,"column":3}},"line":162},"19":{"name":"onEditNodeLimit","decl":{"start":{"line":166,"column":11},"end":{"line":166,"column":26}},"loc":{"start":{"line":166,"column":42},"end":{"line":168,"column":3}},"line":166},"20":{"name":"onRefresh","decl":{"start":{"line":170,"column":11},"end":{"line":170,"column":20}},"loc":{"start":{"line":170,"column":23},"end":{"line":172,"column":3}},"line":170},"21":{"name":"onTogglePhysics","decl":{"start":{"line":174,"column":11},"end":{"line":174,"column":26}},"loc":{"start":{"line":174,"column":45},"end":{"line":176,"column":3}},"line":174},"22":{"name":"onLayoutChange","decl":{"start":{"line":178,"column":11},"end":{"line":178,"column":25}},"loc":{"start":{"line":178,"column":48},"end":{"line":181,"column":3}},"line":178},"23":{"name":"onSelectWorkspace","decl":{"start":{"line":184,"column":11},"end":{"line":184,"column":28}},"loc":{"start":{"line":184,"column":91},"end":{"line":186,"column":3}},"line":184},"24":{"name":"onConfirmLoadWorkspace","decl":{"start":{"line":188,"column":11},"end":{"line":188,"column":33}},"loc":{"start":{"line":188,"column":74},"end":{"line":193,"column":3}},"line":188},"25":{"name":"(anonymous_25)","decl":{"start":{"line":190,"column":36},"end":{"line":190,"column":37}},"loc":{"start":{"line":190,"column":49},"end":{"line":190,"column":83}},"line":190},"26":{"name":"onCancelLoadWorkspace","decl":{"start":{"line":195,"column":11},"end":{"line":195,"column":32}},"loc":{"start":{"line":195,"column":35},"end":{"line":198,"column":3}},"line":195},"27":{"name":"loadWorkspaceOptions","decl":{"start":{"line":200,"column":11},"end":{"line":200,"column":31}},"loc":{"start":{"line":200,"column":34},"end":{"line":206,"column":3}},"line":200},"28":{"name":"(anonymous_28)","decl":{"start":{"line":201,"column":47},"end":{"line":201,"column":48}},"loc":{"start":{"line":201,"column":60},"end":{"line":201,"column":89}},"line":201},"29":{"name":"(anonymous_29)","decl":{"start":{"line":202,"column":65},"end":{"line":202,"column":66}},"loc":{"start":{"line":202,"column":78},"end":{"line":204,"column":5}},"line":202},"30":{"name":"onCancelSaveWorkspace","decl":{"start":{"line":208,"column":11},"end":{"line":208,"column":32}},"loc":{"start":{"line":208,"column":35},"end":{"line":212,"column":3}},"line":208},"31":{"name":"onConfirmSaveWorkspace","decl":{"start":{"line":214,"column":11},"end":{"line":214,"column":33}},"loc":{"start":{"line":214,"column":74},"end":{"line":221,"column":3}},"line":214},"32":{"name":"(anonymous_32)","decl":{"start":{"line":216,"column":24},"end":{"line":216,"column":25}},"loc":{"start":{"line":216,"column":37},"end":{"line":216,"column":72}},"line":216},"33":{"name":"finishSaveWorkspace","decl":{"start":{"line":223,"column":11},"end":{"line":223,"column":30}},"loc":{"start":{"line":223,"column":78},"end":{"line":232,"column":3}},"line":223},"34":{"name":"onWorkspaceSaveNameChange","decl":{"start":{"line":234,"column":11},"end":{"line":234,"column":36}},"loc":{"start":{"line":234,"column":99},"end":{"line":237,"column":3}},"line":234},"35":{"name":"(anonymous_35)","decl":{"start":{"line":245,"column":22},"end":{"line":245,"column":23}},"loc":{"start":{"line":245,"column":33},"end":{"line":245,"column":66}},"line":245},"36":{"name":"(anonymous_36)","decl":{"start":{"line":253,"column":22},"end":{"line":253,"column":23}},"loc":{"start":{"line":253,"column":33},"end":{"line":253,"column":66}},"line":253},"37":{"name":"(anonymous_37)","decl":{"start":{"line":272,"column":22},"end":{"line":272,"column":23}},"loc":{"start":{"line":272,"column":33},"end":{"line":275,"column":13}},"line":272},"38":{"name":"(anonymous_38)","decl":{"start":{"line":295,"column":33},"end":{"line":295,"column":34}},"loc":{"start":{"line":295,"column":38},"end":{"line":295,"column":80}},"line":295},"39":{"name":"(anonymous_39)","decl":{"start":{"line":303,"column":23},"end":{"line":303,"column":24}},"loc":{"start":{"line":303,"column":29},"end":{"line":303,"column":76}},"line":303},"40":{"name":"(anonymous_40)","decl":{"start":{"line":315,"column":19},"end":{"line":315,"column":20}},"loc":{"start":{"line":315,"column":25},"end":{"line":315,"column":47}},"line":315},"41":{"name":"(anonymous_41)","decl":{"start":{"line":321,"column":19},"end":{"line":321,"column":20}},"loc":{"start":{"line":321,"column":25},"end":{"line":321,"column":47}},"line":321},"42":{"name":"(anonymous_42)","decl":{"start":{"line":421,"column":17},"end":{"line":421,"column":18}},"loc":{"start":{"line":421,"column":23},"end":{"line":421,"column":58}},"line":421}},"branchMap":{"0":{"loc":{"start":{"line":72,"column":27},"end":{"line":72,"column":77}},"type":"binary-expr","locations":[{"start":{"line":72,"column":27},"end":{"line":72,"column":71}},{"start":{"line":72,"column":75},"end":{"line":72,"column":77}}],"line":72},"1":{"loc":{"start":{"line":105,"column":19},"end":{"line":105,"column":40}},"type":"binary-expr","locations":[{"start":{"line":105,"column":19},"end":{"line":105,"column":34}},{"start":{"line":105,"column":38},"end":{"line":105,"column":40}}],"line":105},"2":{"loc":{"start":{"line":202,"column":4},"end":{"line":205,"column":77}},"type":"if","locations":[{"start":{"line":202,"column":4},"end":{"line":205,"column":77}},{"start":{"line":205,"column":9},"end":{"line":205,"column":77}}],"line":202},"3":{"loc":{"start":{"line":216,"column":4},"end":{"line":219,"column":5}},"type":"if","locations":[{"start":{"line":216,"column":4},"end":{"line":219,"column":5}},{"start":{},"end":{}}],"line":216},"4":{"loc":{"start":{"line":304,"column":15},"end":{"line":304,"column":81}},"type":"binary-expr","locations":[{"start":{"line":304,"column":15},"end":{"line":304,"column":44}},{"start":{"line":304,"column":48},"end":{"line":304,"column":60}},{"start":{"line":304,"column":64},"end":{"line":304,"column":81}}],"line":304}},"s":{"0":0,"1":0,"2":0,"3":0,"4":0,"5":0,"6":0,"7":0,"8":0,"9":0,"10":0,"11":0,"12":0,"13":0,"14":0,"15":0,"16":0,"17":0,"18":0,"19":0,"20":0,"21":0,"22":0,"23":0,"24":0,"25":0,"26":0,"27":0,"28":0,"29":0,"30":0,"31":0,"32":0,"33":0,"34":0,"35":0,"36":0,"37":0,"38":0,"39":0,"40":0,"41":0,"42":0,"43":0,"44":0,"45":0,"46":0,"47":0,"48":0,"49":0,"50":0,"51":0,"52":0,"53":0,"54":0,"55":0,"56":0,"57":0,"58":0,"59":0,"60":0,"61":0,"62":0,"63":0,"64":0,"65":0,"66":0,"67":0,"68":0,"69":0,"70":0,"71":0,"72":0,"73":0,"74":0,"75":0,"76":0,"77":0,"78":0,"79":0,"80":0,"81":0,"82":0,"83":0,"84":0,"85":0},"f":{"0":0,"1":0,"2":0,"3":0,"4":0,"5":0,"6":0,"7":0,"8":0,"9":0,"10":0,"11":0,"12":0,"13":0,"14":0,"15":0,"16":0,"17":0,"18":0,"19":0,"20":0,"21":0,"22":0,"23":0,"24":0,"25":0,"26":0,"27":0,"28":0,"29":0,"30":0,"31":0,"32":0,"33":0,"34":0,"35":0,"36":0,"37":0,"38":0,"39":0,"40":0,"41":0,"42":0},"b":{"0":[0,0],"1":[0,0],"2":[0,0],"3":[0,0],"4":[0,0,0]}}
,"/home/e35875/gremlin-visualizer/src/components/Details/SidebarComponent.tsx": {"path":"/home/e35875/gremlin-visualizer/src/components/Details/SidebarComponent.tsx","statementMap":{"0":{"start":{"line":20,"column":25},"end":{"line":28,"column":1}},"1":{"start":{"line":21,"column":2},"end":{"line":27,"column":9}},"2":{"start":{"line":23,"column":6},"end":{"line":25,"column":17}},"3":{"start":{"line":39,"column":47},"end":{"line":39,"column":52}},"4":{"start":{"line":41,"column":2},"end":{"line":55,"column":4}},"5":{"start":{"line":63,"column":32},"end":{"line":137,"column":1}},"6":{"start":{"line":64,"column":27},"end":{"line":64,"column":53}},"7":{"start":{"line":65,"column":28},"end":{"line":65,"column":45}},"8":{"start":{"line":66,"column":23},"end":{"line":68,"column":3}},"9":{"start":{"line":67,"column":4},"end":{"line":67,"column":23}},"10":{"start":{"line":70,"column":2},"end":{"line":136,"column":4}}},"fnMap":{"0":{"name":"(anonymous_0)","decl":{"start":{"line":20,"column":25},"end":{"line":20,"column":26}},"loc":{"start":{"line":21,"column":2},"end":{"line":27,"column":9}},"line":21},"1":{"name":"(anonymous_1)","decl":{"start":{"line":22,"column":14},"end":{"line":22,"column":15}},"loc":{"start":{"line":23,"column":6},"end":{"line":25,"column":17}},"line":23},"2":{"name":"TabPanel","decl":{"start":{"line":38,"column":9},"end":{"line":38,"column":17}},"loc":{"start":{"line":38,"column":40},"end":{"line":56,"column":1}},"line":38},"3":{"name":"(anonymous_3)","decl":{"start":{"line":63,"column":32},"end":{"line":63,"column":33}},"loc":{"start":{"line":63,"column":66},"end":{"line":137,"column":1}},"line":63},"4":{"name":"(anonymous_4)","decl":{"start":{"line":66,"column":23},"end":{"line":66,"column":24}},"loc":{"start":{"line":66,"column":75},"end":{"line":68,"column":3}},"line":66}},"branchMap":{"0":{"loc":{"start":{"line":49,"column":7},"end":{"line":53,"column":7}},"type":"binary-expr","locations":[{"start":{"line":49,"column":7},"end":{"line":49,"column":22}},{"start":{"line":50,"column":8},"end":{"line":52,"column":14}}],"line":49}},"s":{"0":0,"1":0,"2":0,"3":0,"4":0,"5":0,"6":0,"7":0,"8":0,"9":0,"10":0},"f":{"0":0,"1":0,"2":0,"3":0,"4":0},"b":{"0":[0,0]}}
,"/home/e35875/gremlin-visualizer/src/components/Details/TableComponent.tsx": {"path":"/home/e35875/gremlin-visualizer/src/components/Details/TableComponent.tsx","statementMap":{"0":{"start":{"line":37,"column":39},"end":{"line":50,"column":1}},"1":{"start":{"line":53,"column":26},"end":{"line":53,"column":28}},"2":{"start":{"line":54,"column":4},"end":{"line":59,"column":5}},"3":{"start":{"line":55,"column":8},"end":{"line":58,"column":10}},"4":{"start":{"line":56,"column":32},"end":{"line":56,"column":157}},"5":{"start":{"line":57,"column":12},"end":{"line":57,"column":28}},"6":{"start":{"line":60,"column":4},"end":{"line":65,"column":5}},"7":{"start":{"line":61,"column":8},"end":{"line":64,"column":10}},"8":{"start":{"line":62,"column":32},"end":{"line":62,"column":187}},"9":{"start":{"line":63,"column":12},"end":{"line":63,"column":28}},"10":{"start":{"line":66,"column":4},"end":{"line":66,"column":16}},"11":{"start":{"line":72,"column":20},"end":{"line":72,"column":25}},"12":{"start":{"line":73,"column":28},"end":{"line":73,"column":49}},"13":{"start":{"line":75,"column":4},"end":{"line":120,"column":6}},"14":{"start":{"line":82,"column":39},"end":{"line":82,"column":53}},"15":{"start":{"line":106,"column":40},"end":{"line":111,"column":51}},"16":{"start":{"line":124,"column":19},"end":{"line":124,"column":29}},"17":{"start":{"line":125,"column":19},"end":{"line":125,"column":29}},"18":{"start":{"line":127,"column":4},"end":{"line":139,"column":5}},"19":{"start":{"line":128,"column":21},"end":{"line":128,"column":35}},"20":{"start":{"line":129,"column":21},"end":{"line":129,"column":35}},"21":{"start":{"line":130,"column":8},"end":{"line":138,"column":9}},"22":{"start":{"line":131,"column":12},"end":{"line":133,"column":13}},"23":{"start":{"line":132,"column":16},"end":{"line":132,"column":26}},"24":{"start":{"line":134,"column":12},"end":{"line":136,"column":13}},"25":{"start":{"line":135,"column":16},"end":{"line":135,"column":25}},"26":{"start":{"line":137,"column":12},"end":{"line":137,"column":21}},"27":{"start":{"line":140,"column":4},"end":{"line":142,"column":5}},"28":{"start":{"line":141,"column":8},"end":{"line":141,"column":44}},"29":{"start":{"line":143,"column":4},"end":{"line":150,"column":5}},"30":{"start":{"line":144,"column":8},"end":{"line":146,"column":9}},"31":{"start":{"line":145,"column":12},"end":{"line":145,"column":22}},"32":{"start":{"line":147,"column":8},"end":{"line":149,"column":9}},"33":{"start":{"line":148,"column":12},"end":{"line":148,"column":21}},"34":{"start":{"line":151,"column":4},"end":{"line":151,"column":13}},"35":{"start":{"line":164,"column":4},"end":{"line":166,"column":57}},"36":{"start":{"line":165,"column":20},"end":{"line":165,"column":55}},"37":{"start":{"line":166,"column":20},"end":{"line":166,"column":56}},"38":{"start":{"line":180,"column":8},"end":{"line":180,"column":13}},"39":{"start":{"line":182,"column":8},"end":{"line":184,"column":9}},"40":{"start":{"line":182,"column":36},"end":{"line":184,"column":9}},"41":{"start":{"line":183,"column":12},"end":{"line":183,"column":59}},"42":{"start":{"line":186,"column":4},"end":{"line":212,"column":6}},"43":{"start":{"line":191,"column":20},"end":{"line":208,"column":32}},"44":{"start":{"line":216,"column":29},"end":{"line":216,"column":53}},"45":{"start":{"line":217,"column":28},"end":{"line":217,"column":109}},"46":{"start":{"line":218,"column":30},"end":{"line":218,"column":58}},"47":{"start":{"line":219,"column":34},"end":{"line":219,"column":70}},"48":{"start":{"line":220,"column":28},"end":{"line":220,"column":45}},"49":{"start":{"line":221,"column":42},"end":{"line":221,"column":60}},"50":{"start":{"line":222,"column":44},"end":{"line":222,"column":64}},"51":{"start":{"line":223,"column":44},"end":{"line":223,"column":65}},"52":{"start":{"line":225,"column":4},"end":{"line":227,"column":37}},"53":{"start":{"line":226,"column":8},"end":{"line":226,"column":70}},"54":{"start":{"line":229,"column":30},"end":{"line":236,"column":5}},"55":{"start":{"line":233,"column":22},"end":{"line":233,"column":61}},"56":{"start":{"line":234,"column":8},"end":{"line":234,"column":41}},"57":{"start":{"line":235,"column":8},"end":{"line":235,"column":29}},"58":{"start":{"line":238,"column":29},"end":{"line":240,"column":5}},"59":{"start":{"line":239,"column":8},"end":{"line":239,"column":25}},"60":{"start":{"line":242,"column":36},"end":{"line":245,"column":5}},"61":{"start":{"line":243,"column":8},"end":{"line":243,"column":57}},"62":{"start":{"line":244,"column":8},"end":{"line":244,"column":19}},"63":{"start":{"line":248,"column":8},"end":{"line":248,"column":74}},"64":{"start":{"line":250,"column":24},"end":{"line":257,"column":5}},"65":{"start":{"line":252,"column":12},"end":{"line":255,"column":13}},"66":{"start":{"line":259,"column":30},"end":{"line":264,"column":5}},"67":{"start":{"line":260,"column":8},"end":{"line":260,"column":46}},"68":{"start":{"line":261,"column":8},"end":{"line":263,"column":9}},"69":{"start":{"line":262,"column":12},"end":{"line":262,"column":34}},"70":{"start":{"line":266,"column":30},"end":{"line":271,"column":5}},"71":{"start":{"line":267,"column":8},"end":{"line":267,"column":46}},"72":{"start":{"line":268,"column":8},"end":{"line":270,"column":9}},"73":{"start":{"line":269,"column":12},"end":{"line":269,"column":34}},"74":{"start":{"line":273,"column":4},"end":{"line":325,"column":6}},"75":{"start":{"line":303,"column":32},"end":{"line":303,"column":83}}},"fnMap":{"0":{"name":"createData","decl":{"start":{"line":52,"column":9},"end":{"line":52,"column":19}},"loc":{"start":{"line":52,"column":108},"end":{"line":67,"column":1}},"line":52},"1":{"name":"(anonymous_1)","decl":{"start":{"line":55,"column":22},"end":{"line":55,"column":23}},"loc":{"start":{"line":55,"column":32},"end":{"line":58,"column":9}},"line":55},"2":{"name":"(anonymous_2)","decl":{"start":{"line":61,"column":22},"end":{"line":61,"column":23}},"loc":{"start":{"line":61,"column":32},"end":{"line":64,"column":9}},"line":61},"3":{"name":"Row","decl":{"start":{"line":71,"column":9},"end":{"line":71,"column":12}},"loc":{"start":{"line":71,"column":38},"end":{"line":121,"column":1}},"line":71},"4":{"name":"(anonymous_4)","decl":{"start":{"line":82,"column":33},"end":{"line":82,"column":34}},"loc":{"start":{"line":82,"column":39},"end":{"line":82,"column":53}},"line":82},"5":{"name":"(anonymous_5)","decl":{"start":{"line":105,"column":82},"end":{"line":105,"column":83}},"loc":{"start":{"line":106,"column":40},"end":{"line":111,"column":51}},"line":106},"6":{"name":"descendingComparator","decl":{"start":{"line":123,"column":9},"end":{"line":123,"column":29}},"loc":{"start":{"line":123,"column":63},"end":{"line":152,"column":1}},"line":123},"7":{"name":"getComparator","decl":{"start":{"line":157,"column":9},"end":{"line":157,"column":22}},"loc":{"start":{"line":163,"column":12},"end":{"line":167,"column":1}},"line":163},"8":{"name":"(anonymous_8)","decl":{"start":{"line":165,"column":10},"end":{"line":165,"column":11}},"loc":{"start":{"line":165,"column":20},"end":{"line":165,"column":55}},"line":165},"9":{"name":"(anonymous_9)","decl":{"start":{"line":166,"column":10},"end":{"line":166,"column":11}},"loc":{"start":{"line":166,"column":20},"end":{"line":166,"column":56}},"line":166},"10":{"name":"EnhancedTableHead","decl":{"start":{"line":178,"column":9},"end":{"line":178,"column":26}},"loc":{"start":{"line":178,"column":54},"end":{"line":213,"column":1}},"line":178},"11":{"name":"(anonymous_11)","decl":{"start":{"line":182,"column":8},"end":{"line":182,"column":9}},"loc":{"start":{"line":182,"column":36},"end":{"line":184,"column":9}},"line":182},"12":{"name":"(anonymous_12)","decl":{"start":{"line":182,"column":36},"end":{"line":182,"column":37}},"loc":{"start":{"line":182,"column":74},"end":{"line":184,"column":9}},"line":182},"13":{"name":"(anonymous_13)","decl":{"start":{"line":190,"column":31},"end":{"line":190,"column":32}},"loc":{"start":{"line":191,"column":20},"end":{"line":208,"column":32}},"line":191},"14":{"name":"CollapsibleTable","decl":{"start":{"line":215,"column":24},"end":{"line":215,"column":40}},"loc":{"start":{"line":215,"column":43},"end":{"line":326,"column":1}},"line":215},"15":{"name":"(anonymous_15)","decl":{"start":{"line":225,"column":14},"end":{"line":225,"column":15}},"loc":{"start":{"line":225,"column":20},"end":{"line":227,"column":5}},"line":225},"16":{"name":"(anonymous_16)","decl":{"start":{"line":229,"column":30},"end":{"line":229,"column":31}},"loc":{"start":{"line":232,"column":9},"end":{"line":236,"column":5}},"line":232},"17":{"name":"(anonymous_17)","decl":{"start":{"line":238,"column":29},"end":{"line":238,"column":30}},"loc":{"start":{"line":238,"column":66},"end":{"line":240,"column":5}},"line":238},"18":{"name":"(anonymous_18)","decl":{"start":{"line":242,"column":36},"end":{"line":242,"column":37}},"loc":{"start":{"line":242,"column":84},"end":{"line":245,"column":5}},"line":242},"19":{"name":"(anonymous_19)","decl":{"start":{"line":251,"column":8},"end":{"line":251,"column":9}},"loc":{"start":{"line":252,"column":12},"end":{"line":255,"column":13}},"line":252},"20":{"name":"(anonymous_20)","decl":{"start":{"line":259,"column":30},"end":{"line":259,"column":31}},"loc":{"start":{"line":259,"column":78},"end":{"line":264,"column":5}},"line":259},"21":{"name":"(anonymous_21)","decl":{"start":{"line":266,"column":30},"end":{"line":266,"column":31}},"loc":{"start":{"line":266,"column":78},"end":{"line":271,"column":5}},"line":266},"22":{"name":"(anonymous_22)","decl":{"start":{"line":302,"column":45},"end":{"line":302,"column":46}},"loc":{"start":{"line":303,"column":32},"end":{"line":303,"column":83}},"line":303}},"branchMap":{"0":{"loc":{"start":{"line":54,"column":4},"end":{"line":59,"column":5}},"type":"if","locations":[{"start":{"line":54,"column":4},"end":{"line":59,"column":5}},{"start":{},"end":{}}],"line":54},"1":{"loc":{"start":{"line":60,"column":4},"end":{"line":65,"column":5}},"type":"if","locations":[{"start":{"line":60,"column":4},"end":{"line":65,"column":5}},{"start":{},"end":{}}],"line":60},"2":{"loc":{"start":{"line":84,"column":25},"end":{"line":84,"column":83}},"type":"cond-expr","locations":[{"start":{"line":84,"column":32},"end":{"line":84,"column":55}},{"start":{"line":84,"column":58},"end":{"line":84,"column":83}}],"line":84},"3":{"loc":{"start":{"line":127,"column":4},"end":{"line":139,"column":5}},"type":"if","locations":[{"start":{"line":127,"column":4},"end":{"line":139,"column":5}},{"start":{},"end":{}}],"line":127},"4":{"loc":{"start":{"line":127,"column":8},"end":{"line":127,"column":64}},"type":"binary-expr","locations":[{"start":{"line":127,"column":8},"end":{"line":127,"column":34}},{"start":{"line":127,"column":38},"end":{"line":127,"column":64}}],"line":127},"5":{"loc":{"start":{"line":130,"column":8},"end":{"line":138,"column":9}},"type":"if","locations":[{"start":{"line":130,"column":8},"end":{"line":138,"column":9}},{"start":{},"end":{}}],"line":130},"6":{"loc":{"start":{"line":130,"column":12},"end":{"line":130,"column":40}},"type":"binary-expr","locations":[{"start":{"line":130,"column":12},"end":{"line":130,"column":24}},{"start":{"line":130,"column":28},"end":{"line":130,"column":40}}],"line":130},"7":{"loc":{"start":{"line":131,"column":12},"end":{"line":133,"column":13}},"type":"if","locations":[{"start":{"line":131,"column":12},"end":{"line":133,"column":13}},{"start":{},"end":{}}],"line":131},"8":{"loc":{"start":{"line":134,"column":12},"end":{"line":136,"column":13}},"type":"if","locations":[{"start":{"line":134,"column":12},"end":{"line":136,"column":13}},{"start":{},"end":{}}],"line":134},"9":{"loc":{"start":{"line":140,"column":4},"end":{"line":142,"column":5}},"type":"if","locations":[{"start":{"line":140,"column":4},"end":{"line":142,"column":5}},{"start":{},"end":{}}],"line":140},"10":{"loc":{"start":{"line":140,"column":8},"end":{"line":140,"column":64}},"type":"binary-expr","locations":[{"start":{"line":140,"column":8},"end":{"line":140,"column":34}},{"start":{"line":140,"column":38},"end":{"line":140,"column":64}}],"line":140},"11":{"loc":{"start":{"line":143,"column":4},"end":{"line":150,"column":5}},"type":"if","locations":[{"start":{"line":143,"column":4},"end":{"line":150,"column":5}},{"start":{},"end":{}}],"line":143},"12":{"loc":{"start":{"line":143,"column":8},"end":{"line":143,"column":64}},"type":"binary-expr","locations":[{"start":{"line":143,"column":8},"end":{"line":143,"column":34}},{"start":{"line":143,"column":38},"end":{"line":143,"column":64}}],"line":143},"13":{"loc":{"start":{"line":144,"column":8},"end":{"line":146,"column":9}},"type":"if","locations":[{"start":{"line":144,"column":8},"end":{"line":146,"column":9}},{"start":{},"end":{}}],"line":144},"14":{"loc":{"start":{"line":147,"column":8},"end":{"line":149,"column":9}},"type":"if","locations":[{"start":{"line":147,"column":8},"end":{"line":149,"column":9}},{"start":{},"end":{}}],"line":147},"15":{"loc":{"start":{"line":164,"column":11},"end":{"line":166,"column":56}},"type":"cond-expr","locations":[{"start":{"line":165,"column":10},"end":{"line":165,"column":55}},{"start":{"line":166,"column":10},"end":{"line":166,"column":56}}],"line":164},"16":{"loc":{"start":{"line":193,"column":31},"end":{"line":193,"column":65}},"type":"cond-expr","locations":[{"start":{"line":193,"column":49},"end":{"line":193,"column":55}},{"start":{"line":193,"column":58},"end":{"line":193,"column":65}}],"line":193},"17":{"loc":{"start":{"line":194,"column":39},"end":{"line":194,"column":78}},"type":"cond-expr","locations":[{"start":{"line":194,"column":65},"end":{"line":194,"column":70}},{"start":{"line":194,"column":73},"end":{"line":194,"column":78}}],"line":194},"18":{"loc":{"start":{"line":198,"column":39},"end":{"line":198,"column":78}},"type":"cond-expr","locations":[{"start":{"line":198,"column":65},"end":{"line":198,"column":70}},{"start":{"line":198,"column":73},"end":{"line":198,"column":78}}],"line":198},"19":{"loc":{"start":{"line":202,"column":29},"end":{"line":206,"column":36}},"type":"cond-expr","locations":[{"start":{"line":203,"column":32},"end":{"line":205,"column":38}},{"start":{"line":206,"column":32},"end":{"line":206,"column":36}}],"line":202},"20":{"loc":{"start":{"line":204,"column":37},"end":{"line":204,"column":96}},"type":"cond-expr","locations":[{"start":{"line":204,"column":56},"end":{"line":204,"column":75}},{"start":{"line":204,"column":78},"end":{"line":204,"column":96}}],"line":204},"21":{"loc":{"start":{"line":233,"column":22},"end":{"line":233,"column":61}},"type":"binary-expr","locations":[{"start":{"line":233,"column":22},"end":{"line":233,"column":42}},{"start":{"line":233,"column":46},"end":{"line":233,"column":61}}],"line":233},"22":{"loc":{"start":{"line":234,"column":17},"end":{"line":234,"column":39}},"type":"cond-expr","locations":[{"start":{"line":234,"column":25},"end":{"line":234,"column":31}},{"start":{"line":234,"column":34},"end":{"line":234,"column":39}}],"line":234},"23":{"loc":{"start":{"line":248,"column":8},"end":{"line":248,"column":74}},"type":"cond-expr","locations":[{"start":{"line":248,"column":19},"end":{"line":248,"column":70}},{"start":{"line":248,"column":73},"end":{"line":248,"column":74}}],"line":248},"24":{"loc":{"start":{"line":261,"column":8},"end":{"line":263,"column":9}},"type":"if","locations":[{"start":{"line":261,"column":8},"end":{"line":263,"column":9}},{"start":{},"end":{}}],"line":261},"25":{"loc":{"start":{"line":261,"column":12},"end":{"line":261,"column":59}},"type":"binary-expr","locations":[{"start":{"line":261,"column":12},"end":{"line":261,"column":33}},{"start":{"line":261,"column":37},"end":{"line":261,"column":59}}],"line":261},"26":{"loc":{"start":{"line":268,"column":8},"end":{"line":270,"column":9}},"type":"if","locations":[{"start":{"line":268,"column":8},"end":{"line":270,"column":9}},{"start":{},"end":{}}],"line":268},"27":{"loc":{"start":{"line":268,"column":12},"end":{"line":268,"column":59}},"type":"binary-expr","locations":[{"start":{"line":268,"column":12},"end":{"line":268,"column":33}},{"start":{"line":268,"column":37},"end":{"line":268,"column":59}}],"line":268},"28":{"loc":{"start":{"line":305,"column":29},"end":{"line":309,"column":29}},"type":"binary-expr","locations":[{"start":{"line":305,"column":29},"end":{"line":305,"column":42}},{"start":{"line":306,"column":32},"end":{"line":308,"column":43}}],"line":305}},"s":{"0":0,"1":0,"2":0,"3":0,"4":0,"5":0,"6":0,"7":0,"8":0,"9":0,"10":0,"11":0,"12":0,"13":0,"14":0,"15":0,"16":0,"17":0,"18":0,"19":0,"20":0,"21":0,"22":0,"23":0,"24":0,"25":0,"26":0,"27":0,"28":0,"29":0,"30":0,"31":0,"32":0,"33":0,"34":0,"35":0,"36":0,"37":0,"38":0,"39":0,"40":0,"41":0,"42":0,"43":0,"44":0,"45":0,"46":0,"47":0,"48":0,"49":0,"50":0,"51":0,"52":0,"53":0,"54":0,"55":0,"56":0,"57":0,"58":0,"59":0,"60":0,"61":0,"62":0,"63":0,"64":0,"65":0,"66":0,"67":0,"68":0,"69":0,"70":0,"71":0,"72":0,"73":0,"74":0,"75":0},"f":{"0":0,"1":0,"2":0,"3":0,"4":0,"5":0,"6":0,"7":0,"8":0,"9":0,"10":0,"11":0,"12":0,"13":0,"14":0,"15":0,"16":0,"17":0,"18":0,"19":0,"20":0,"21":0,"22":0},"b":{"0":[0,0],"1":[0,0],"2":[0,0],"3":[0,0],"4":[0,0],"5":[0,0],"6":[0,0],"7":[0,0],"8":[0,0],"9":[0,0],"10":[0,0],"11":[0,0],"12":[0,0],"13":[0,0],"14":[0,0],"15":[0,0],"16":[0,0],"17":[0,0],"18":[0,0],"19":[0,0],"20":[0,0],"21":[0,0],"22":[0,0],"23":[0,0],"24":[0,0],"25":[0,0],"26":[0,0],"27":[0,0],"28":[0,0]}}
,"/home/e35875/gremlin-visualizer/src/components/Header/HeaderComponent.tsx": {"path":"/home/e35875/gremlin-visualizer/src/components/Header/HeaderComponent.tsx","statementMap":{"0":{"start":{"line":5,"column":31},"end":{"line":13,"column":1}},"1":{"start":{"line":6,"column":20},"end":{"line":6,"column":46}},"2":{"start":{"line":8,"column":2},"end":{"line":12,"column":4}}},"fnMap":{"0":{"name":"(anonymous_0)","decl":{"start":{"line":5,"column":31},"end":{"line":5,"column":32}},"loc":{"start":{"line":5,"column":39},"end":{"line":13,"column":1}},"line":5}},"branchMap":{},"s":{"0":0,"1":0,"2":0},"f":{"0":0},"b":{}}
,"/home/e35875/gremlin-visualizer/src/components/ModalDialog/ModalDialogComponent.tsx": {"path":"/home/e35875/gremlin-visualizer/src/components/ModalDialog/ModalDialogComponent.tsx","statementMap":{"0":{"start":{"line":27,"column":28},"end":{"line":30,"column":1}},"1":{"start":{"line":32,"column":36},"end":{"line":286,"column":1}},"2":{"start":{"line":33,"column":25},"end":{"line":33,"column":51}},"3":{"start":{"line":34,"column":36},"end":{"line":34,"column":62}},"4":{"start":{"line":35,"column":19},"end":{"line":35,"column":32}},"5":{"start":{"line":36,"column":76},"end":{"line":36,"column":101}},"6":{"start":{"line":37,"column":38},"end":{"line":37,"column":63}},"7":{"start":{"line":38,"column":26},"end":{"line":38,"column":46}},"8":{"start":{"line":39,"column":46},"end":{"line":39,"column":66}},"9":{"start":{"line":40,"column":56},"end":{"line":40,"column":78}},"10":{"start":{"line":42,"column":2},"end":{"line":48,"column":21}},"11":{"start":{"line":43,"column":4},"end":{"line":47,"column":5}},"12":{"start":{"line":44,"column":6},"end":{"line":44,"column":24}},"13":{"start":{"line":45,"column":6},"end":{"line":45,"column":49}},"14":{"start":{"line":46,"column":6},"end":{"line":46,"column":28}},"15":{"start":{"line":50,"column":2},"end":{"line":64,"column":27}},"16":{"start":{"line":51,"column":4},"end":{"line":63,"column":5}},"17":{"start":{"line":52,"column":28},"end":{"line":58,"column":5}},"18":{"start":{"line":53,"column":8},"end":{"line":56,"column":9}},"19":{"start":{"line":59,"column":6},"end":{"line":59,"column":35}},"20":{"start":{"line":62,"column":6},"end":{"line":62,"column":24}},"21":{"start":{"line":66,"column":25},"end":{"line":75,"column":3}},"22":{"start":{"line":67,"column":4},"end":{"line":74,"column":5}},"23":{"start":{"line":69,"column":8},"end":{"line":69,"column":30}},"24":{"start":{"line":71,"column":8},"end":{"line":71,"column":30}},"25":{"start":{"line":73,"column":8},"end":{"line":73,"column":18}},"26":{"start":{"line":76,"column":24},"end":{"line":88,"column":3}},"27":{"start":{"line":77,"column":4},"end":{"line":87,"column":5}},"28":{"start":{"line":79,"column":8},"end":{"line":79,"column":20}},"29":{"start":{"line":81,"column":8},"end":{"line":84,"column":32}},"30":{"start":{"line":86,"column":8},"end":{"line":86,"column":20}},"31":{"start":{"line":89,"column":34},"end":{"line":101,"column":3}},"32":{"start":{"line":89,"column":81},"end":{"line":101,"column":3}},"33":{"start":{"line":90,"column":4},"end":{"line":100,"column":5}},"34":{"start":{"line":92,"column":8},"end":{"line":92,"column":76}},"35":{"start":{"line":93,"column":8},"end":{"line":93,"column":14}},"36":{"start":{"line":95,"column":8},"end":{"line":95,"column":69}},"37":{"start":{"line":96,"column":8},"end":{"line":96,"column":14}},"38":{"start":{"line":98,"column":8},"end":{"line":98,"column":35}},"39":{"start":{"line":99,"column":8},"end":{"line":99,"column":14}},"40":{"start":{"line":102,"column":35},"end":{"line":117,"column":3}},"41":{"start":{"line":102,"column":68},"end":{"line":117,"column":3}},"42":{"start":{"line":103,"column":4},"end":{"line":116,"column":5}},"43":{"start":{"line":105,"column":8},"end":{"line":109,"column":10}},"44":{"start":{"line":106,"column":10},"end":{"line":108,"column":11}},"45":{"start":{"line":107,"column":12},"end":{"line":107,"column":72}},"46":{"start":{"line":110,"column":8},"end":{"line":110,"column":14}},"47":{"start":{"line":112,"column":8},"end":{"line":112,"column":26}},"48":{"start":{"line":113,"column":8},"end":{"line":113,"column":14}},"49":{"start":{"line":115,"column":8},"end":{"line":115,"column":15}},"50":{"start":{"line":119,"column":22},"end":{"line":121,"column":3}},"51":{"start":{"line":120,"column":4},"end":{"line":120,"column":28}},"52":{"start":{"line":123,"column":27},"end":{"line":130,"column":3}},"53":{"start":{"line":124,"column":28},"end":{"line":124,"column":40}},"54":{"start":{"line":125,"column":4},"end":{"line":129,"column":6}},"55":{"start":{"line":126,"column":6},"end":{"line":128,"column":7}},"56":{"start":{"line":127,"column":8},"end":{"line":127,"column":65}},"57":{"start":{"line":132,"column":20},"end":{"line":138,"column":3}},"58":{"start":{"line":133,"column":17},"end":{"line":136,"column":5}},"59":{"start":{"line":137,"column":4},"end":{"line":137,"column":43}},"60":{"start":{"line":140,"column":23},"end":{"line":144,"column":3}},"61":{"start":{"line":141,"column":15},"end":{"line":141,"column":30}},"62":{"start":{"line":142,"column":4},"end":{"line":142,"column":26}},"63":{"start":{"line":143,"column":4},"end":{"line":143,"column":24}},"64":{"start":{"line":146,"column":23},"end":{"line":192,"column":3}},"65":{"start":{"line":147,"column":4},"end":{"line":147,"column":27}},"66":{"start":{"line":148,"column":18},"end":{"line":148,"column":61}},"67":{"start":{"line":148,"column":42},"end":{"line":148,"column":60}},"68":{"start":{"line":149,"column":24},"end":{"line":149,"column":38}},"69":{"start":{"line":151,"column":4},"end":{"line":154,"column":5}},"70":{"start":{"line":152,"column":6},"end":{"line":152,"column":68}},"71":{"start":{"line":153,"column":6},"end":{"line":153,"column":13}},"72":{"start":{"line":156,"column":17},"end":{"line":156,"column":45}},"73":{"start":{"line":157,"column":26},"end":{"line":157,"column":57}},"74":{"start":{"line":159,"column":16},"end":{"line":159,"column":18}},"75":{"start":{"line":160,"column":4},"end":{"line":164,"column":5}},"76":{"start":{"line":161,"column":6},"end":{"line":161,"column":34}},"77":{"start":{"line":163,"column":6},"end":{"line":163,"column":79}},"78":{"start":{"line":165,"column":4},"end":{"line":167,"column":5}},"79":{"start":{"line":166,"column":6},"end":{"line":166,"column":78}},"80":{"start":{"line":168,"column":4},"end":{"line":170,"column":5}},"81":{"start":{"line":169,"column":6},"end":{"line":169,"column":29}},"82":{"start":{"line":171,"column":4},"end":{"line":189,"column":9}},"83":{"start":{"line":183,"column":29},"end":{"line":183,"column":91}},"84":{"start":{"line":184,"column":8},"end":{"line":184,"column":75}},"85":{"start":{"line":187,"column":29},"end":{"line":187,"column":99}},"86":{"start":{"line":188,"column":8},"end":{"line":188,"column":41}},"87":{"start":{"line":191,"column":4},"end":{"line":191,"column":18}},"88":{"start":{"line":194,"column":2},"end":{"line":285,"column":4}},"89":{"start":{"line":216,"column":14},"end":{"line":227,"column":16}},"90":{"start":{"line":223,"column":33},"end":{"line":223,"column":56}},"91":{"start":{"line":232,"column":14},"end":{"line":270,"column":31}},"92":{"start":{"line":241,"column":22},"end":{"line":250,"column":24}},"93":{"start":{"line":247,"column":43},"end":{"line":247,"column":73}},"94":{"start":{"line":260,"column":39},"end":{"line":260,"column":69}},"95":{"start":{"line":266,"column":41},"end":{"line":266,"column":60}}},"fnMap":{"0":{"name":"(anonymous_0)","decl":{"start":{"line":32,"column":36},"end":{"line":32,"column":37}},"loc":{"start":{"line":32,"column":42},"end":{"line":286,"column":1}},"line":32},"1":{"name":"(anonymous_1)","decl":{"start":{"line":42,"column":12},"end":{"line":42,"column":13}},"loc":{"start":{"line":42,"column":18},"end":{"line":48,"column":3}},"line":42},"2":{"name":"(anonymous_2)","decl":{"start":{"line":50,"column":12},"end":{"line":50,"column":13}},"loc":{"start":{"line":50,"column":18},"end":{"line":64,"column":3}},"line":50},"3":{"name":"(anonymous_3)","decl":{"start":{"line":52,"column":70},"end":{"line":52,"column":71}},"loc":{"start":{"line":52,"column":79},"end":{"line":57,"column":7}},"line":52},"4":{"name":"(anonymous_4)","decl":{"start":{"line":66,"column":25},"end":{"line":66,"column":26}},"loc":{"start":{"line":66,"column":46},"end":{"line":75,"column":3}},"line":66},"5":{"name":"(anonymous_5)","decl":{"start":{"line":76,"column":24},"end":{"line":76,"column":25}},"loc":{"start":{"line":76,"column":45},"end":{"line":88,"column":3}},"line":76},"6":{"name":"(anonymous_6)","decl":{"start":{"line":89,"column":34},"end":{"line":89,"column":35}},"loc":{"start":{"line":89,"column":81},"end":{"line":101,"column":3}},"line":89},"7":{"name":"(anonymous_7)","decl":{"start":{"line":89,"column":81},"end":{"line":89,"column":82}},"loc":{"start":{"line":89,"column":98},"end":{"line":101,"column":3}},"line":89},"8":{"name":"(anonymous_8)","decl":{"start":{"line":102,"column":35},"end":{"line":102,"column":36}},"loc":{"start":{"line":102,"column":68},"end":{"line":117,"column":3}},"line":102},"9":{"name":"(anonymous_9)","decl":{"start":{"line":102,"column":68},"end":{"line":102,"column":69}},"loc":{"start":{"line":102,"column":99},"end":{"line":117,"column":3}},"line":102},"10":{"name":"(anonymous_10)","decl":{"start":{"line":105,"column":22},"end":{"line":105,"column":23}},"loc":{"start":{"line":106,"column":10},"end":{"line":108,"column":11}},"line":106},"11":{"name":"(anonymous_11)","decl":{"start":{"line":106,"column":29},"end":{"line":106,"column":30}},"loc":{"start":{"line":107,"column":12},"end":{"line":107,"column":72}},"line":107},"12":{"name":"(anonymous_12)","decl":{"start":{"line":119,"column":22},"end":{"line":119,"column":23}},"loc":{"start":{"line":119,"column":28},"end":{"line":121,"column":3}},"line":119},"13":{"name":"(anonymous_13)","decl":{"start":{"line":123,"column":27},"end":{"line":123,"column":28}},"loc":{"start":{"line":123,"column":112},"end":{"line":130,"column":3}},"line":123},"14":{"name":"(anonymous_14)","decl":{"start":{"line":125,"column":18},"end":{"line":125,"column":19}},"loc":{"start":{"line":126,"column":6},"end":{"line":128,"column":7}},"line":126},"15":{"name":"(anonymous_15)","decl":{"start":{"line":126,"column":25},"end":{"line":126,"column":26}},"loc":{"start":{"line":127,"column":8},"end":{"line":127,"column":65}},"line":127},"16":{"name":"(anonymous_16)","decl":{"start":{"line":132,"column":20},"end":{"line":132,"column":21}},"loc":{"start":{"line":132,"column":26},"end":{"line":138,"column":3}},"line":132},"17":{"name":"(anonymous_17)","decl":{"start":{"line":140,"column":23},"end":{"line":140,"column":24}},"loc":{"start":{"line":140,"column":42},"end":{"line":144,"column":3}},"line":140},"18":{"name":"(anonymous_18)","decl":{"start":{"line":146,"column":23},"end":{"line":146,"column":24}},"loc":{"start":{"line":146,"column":68},"end":{"line":192,"column":3}},"line":146},"19":{"name":"(anonymous_19)","decl":{"start":{"line":148,"column":33},"end":{"line":148,"column":34}},"loc":{"start":{"line":148,"column":42},"end":{"line":148,"column":60}},"line":148},"20":{"name":"(anonymous_20)","decl":{"start":{"line":182,"column":12},"end":{"line":182,"column":13}},"loc":{"start":{"line":182,"column":26},"end":{"line":185,"column":7}},"line":182},"21":{"name":"(anonymous_21)","decl":{"start":{"line":186,"column":13},"end":{"line":186,"column":14}},"loc":{"start":{"line":186,"column":24},"end":{"line":189,"column":7}},"line":186},"22":{"name":"(anonymous_22)","decl":{"start":{"line":215,"column":25},"end":{"line":215,"column":26}},"loc":{"start":{"line":216,"column":14},"end":{"line":227,"column":16}},"line":216},"23":{"name":"(anonymous_23)","decl":{"start":{"line":223,"column":26},"end":{"line":223,"column":27}},"loc":{"start":{"line":223,"column":33},"end":{"line":223,"column":56}},"line":223},"24":{"name":"(anonymous_24)","decl":{"start":{"line":231,"column":28},"end":{"line":231,"column":29}},"loc":{"start":{"line":232,"column":14},"end":{"line":270,"column":31}},"line":232},"25":{"name":"(anonymous_25)","decl":{"start":{"line":240,"column":33},"end":{"line":240,"column":34}},"loc":{"start":{"line":241,"column":22},"end":{"line":250,"column":24}},"line":241},"26":{"name":"(anonymous_26)","decl":{"start":{"line":247,"column":34},"end":{"line":247,"column":35}},"loc":{"start":{"line":247,"column":43},"end":{"line":247,"column":73}},"line":247},"27":{"name":"(anonymous_27)","decl":{"start":{"line":260,"column":30},"end":{"line":260,"column":31}},"loc":{"start":{"line":260,"column":39},"end":{"line":260,"column":69}},"line":260},"28":{"name":"(anonymous_28)","decl":{"start":{"line":266,"column":35},"end":{"line":266,"column":36}},"loc":{"start":{"line":266,"column":41},"end":{"line":266,"column":60}},"line":266}},"branchMap":{"0":{"loc":{"start":{"line":43,"column":4},"end":{"line":47,"column":5}},"type":"if","locations":[{"start":{"line":43,"column":4},"end":{"line":47,"column":5}},{"start":{},"end":{}}],"line":43},"1":{"loc":{"start":{"line":51,"column":4},"end":{"line":63,"column":5}},"type":"if","locations":[{"start":{"line":51,"column":4},"end":{"line":63,"column":5}},{"start":{"line":61,"column":9},"end":{"line":63,"column":5}}],"line":51},"2":{"loc":{"start":{"line":67,"column":4},"end":{"line":74,"column":5}},"type":"switch","locations":[{"start":{"line":68,"column":6},"end":{"line":69,"column":30}},{"start":{"line":70,"column":6},"end":{"line":71,"column":30}},{"start":{"line":72,"column":6},"end":{"line":73,"column":18}}],"line":67},"3":{"loc":{"start":{"line":77,"column":4},"end":{"line":87,"column":5}},"type":"switch","locations":[{"start":{"line":78,"column":6},"end":{"line":79,"column":20}},{"start":{"line":80,"column":6},"end":{"line":84,"column":32}},{"start":{"line":85,"column":6},"end":{"line":86,"column":20}}],"line":77},"4":{"loc":{"start":{"line":90,"column":4},"end":{"line":100,"column":5}},"type":"switch","locations":[{"start":{"line":91,"column":6},"end":{"line":93,"column":14}},{"start":{"line":94,"column":6},"end":{"line":96,"column":14}},{"start":{"line":97,"column":6},"end":{"line":99,"column":14}}],"line":90},"5":{"loc":{"start":{"line":92,"column":31},"end":{"line":92,"column":74}},"type":"binary-expr","locations":[{"start":{"line":92,"column":31},"end":{"line":92,"column":68}},{"start":{"line":92,"column":72},"end":{"line":92,"column":74}}],"line":92},"6":{"loc":{"start":{"line":95,"column":31},"end":{"line":95,"column":67}},"type":"binary-expr","locations":[{"start":{"line":95,"column":31},"end":{"line":95,"column":61}},{"start":{"line":95,"column":65},"end":{"line":95,"column":67}}],"line":95},"7":{"loc":{"start":{"line":103,"column":4},"end":{"line":116,"column":5}},"type":"switch","locations":[{"start":{"line":104,"column":6},"end":{"line":110,"column":14}},{"start":{"line":111,"column":6},"end":{"line":113,"column":14}},{"start":{"line":114,"column":6},"end":{"line":115,"column":15}}],"line":103},"8":{"loc":{"start":{"line":107,"column":12},"end":{"line":107,"column":72}},"type":"cond-expr","loc
[...]
:26},"end":{"line":60,"column":55}},"15":{"start":{"line":62,"column":6},"end":{"line":83,"column":9}},"16":{"start":{"line":63,"column":8},"end":{"line":68,"column":9}},"17":{"start":{"line":64,"column":10},"end":{"line":67,"column":12}},"18":{"start":{"line":70,"column":8},"end":{"line":76,"column":11}},"19":{"start":{"line":71,"column":26},"end":{"line":71,"column":78}},"20":{"start":{"line":72,"column":10},"end":{"line":74,"column":13}},"21":{"start":{"line":73,"column":12},"end":{"line":73,"column":32}},"22":{"start":{"line":75,"column":10},"end":{"line":75,"column":76}},"23":{"start":{"line":78,"column":24},"end":{"line":78,"column":68}},"24":{"start":{"line":79,"column":8},"end":{"line":81,"column":11}},"25":{"start":{"line":80,"column":10},"end":{"line":80,"column":28}},"26":{"start":{"line":82,"column":8},"end":{"line":82,"column":66}},"27":{"start":{"line":90,"column":94},"end":{"line":90,"column":107}},"28":{"start":{"line":91,"column":28},"end":{"line":91,"column":62}},"29":{"start":{"line":91,"column":50},"end":{"line":91,"column":62}}},"fnMap":{"0":{"name":"(anonymous_0)","decl":{"start":{"line":39,"column":20},"end":{"line":39,"column":21}},"loc":{"start":{"line":39,"column":39},"end":{"line":45,"column":5}},"line":39},"1":{"name":"(anonymous_1)","decl":{"start":{"line":46,"column":20},"end":{"line":46,"column":21}},"loc":{"start":{"line":46,"column":39},"end":{"line":52,"column":5}},"line":46},"2":{"name":"(anonymous_2)","decl":{"start":{"line":53,"column":17},"end":{"line":53,"column":18}},"loc":{"start":{"line":53,"column":28},"end":{"line":55,"column":5}},"line":53},"3":{"name":"(anonymous_3)","decl":{"start":{"line":56,"column":19},"end":{"line":56,"column":20}},"loc":{"start":{"line":56,"column":38},"end":{"line":58,"column":5}},"line":56},"4":{"name":"(anonymous_4)","decl":{"start":{"line":59,"column":20},"end":{"line":59,"column":21}},"loc":{"start":{"line":59,"column":39},"end":{"line":84,"column":5}},"line":59},"5":{"name":"(anonymous_5)","decl":{"start":{"line":62,"column":42},"end":{"line":62,"column":43}},"loc":{"start":{"line":62,"column":80},"end":{"line":83,"column":7}},"line":62},"6":{"name":"(anonymous_6)","decl":{"start":{"line":70,"column":58},"end":{"line":70,"column":59}},"loc":{"start":{"line":70,"column":79},"end":{"line":76,"column":9}},"line":70},"7":{"name":"(anonymous_7)","decl":{"start":{"line":72,"column":25},"end":{"line":72,"column":26}},"loc":{"start":{"line":72,"column":35},"end":{"line":74,"column":11}},"line":72},"8":{"name":"(anonymous_8)","decl":{"start":{"line":79,"column":41},"end":{"line":79,"column":42}},"loc":{"start":{"line":79,"column":51},"end":{"line":81,"column":9}},"line":79},"9":{"name":"(anonymous_9)","decl":{"start":{"line":91,"column":28},"end":{"line":91,"column":29}},"loc":{"start":{"line":91,"column":50},"end":{"line":91,"column":62}},"line":91}},"branchMap":{"0":{"loc":{"start":{"line":63,"column":8},"end":{"line":68,"column":9}},"type":"if","locations":[{"start":{"line":63,"column":8},"end":{"line":68,"column":9}},{"start":{},"end":{}}],"line":63}},"s":{"0":0,"1":0,"2":0,"3":0,"4":0,"5":0,"6":0,"7":0,"8":0,"9":0,"10":0,"11":0,"12":0,"13":0,"14":0,"15":0,"16":0,"17":0,"18":0,"19":0,"20":0,"21":0,"22":0,"23":0,"24":0,"25":0,"26":0,"27":0,"28":0,"29":0},"f":{"0":0,"1":0,"2":0,"3":0,"4":0,"5":0,"6":0,"7":0,"8":0,"9":0},"b":{"0":[0,0]}}
,"/home/e35875/gremlin-visualizer/src/reducers/graphReducer.ts": {"path":"/home/e35875/gremlin-visualizer/src/reducers/graphReducer.ts","statementMap":{"0":{"start":{"line":24,"column":33},"end":{"line":31,"column":1}},"1":{"start":{"line":33,"column":14},"end":{"line":118,"column":2}},"2":{"start":{"line":38,"column":6},"end":{"line":38,"column":39}},"3":{"start":{"line":39,"column":6},"end":{"line":39,"column":23}},"4":{"start":{"line":40,"column":6},"end":{"line":40,"column":23}},"5":{"start":{"line":41,"column":6},"end":{"line":41,"column":37}},"6":{"start":{"line":42,"column":6},"end":{"line":42,"column":37}},"7":{"start":{"line":43,"column":6},"end":{"line":43,"column":19}},"8":{"start":{"line":46,"column":6},"end":{"line":46,"column":39}},"9":{"start":{"line":47,"column":23},"end":{"line":47,"column":90}},"10":{"start":{"line":47,"column":82},"end":{"line":47,"column":89}},"11":{"start":{"line":48,"column":6},"end":{"line":48,"column":50}},"12":{"start":{"line":49,"column":6},"end":{"line":49,"column":19}},"13":{"start":{"line":52,"column":43},"end":{"line":52,"column":57}},"14":{"start":{"line":53,"column":29},"end":{"line":53,"column":80}},"15":{"start":{"line":53,"column":59},"end":{"line":53,"column":79}},"16":{"start":{"line":54,"column":6},"end":{"line":59,"column":7}},"17":{"start":{"line":55,"column":8},"end":{"line":55,"column":92}},"18":{"start":{"line":56,"column":8},"end":{"line":56,"column":44}},"19":{"start":{"line":58,"column":8},"end":{"line":58,"column":65}},"20":{"start":{"line":62,"column":43},"end":{"line":62,"column":57}},"21":{"start":{"line":63,"column":29},"end":{"line":63,"column":80}},"22":{"start":{"line":63,"column":59},"end":{"line":63,"column":79}},"23":{"start":{"line":64,"column":6},"end":{"line":69,"column":7}},"24":{"start":{"line":65,"column":8},"end":{"line":65,"column":92}},"25":{"start":{"line":66,"column":8},"end":{"line":66,"column":44}},"26":{"start":{"line":68,"column":8},"end":{"line":68,"column":65}},"27":{"start":{"line":72,"column":6},"end":{"line":72,"column":39}},"28":{"start":{"line":73,"column":23},"end":{"line":73,"column":95}},"29":{"start":{"line":73,"column":82},"end":{"line":73,"column":94}},"30":{"start":{"line":74,"column":6},"end":{"line":74,"column":50}},"31":{"start":{"line":75,"column":6},"end":{"line":75,"column":19}},"32":{"start":{"line":78,"column":21},"end":{"line":78,"column":35}},"33":{"start":{"line":79,"column":6},"end":{"line":79,"column":39}},"34":{"start":{"line":80,"column":6},"end":{"line":82,"column":7}},"35":{"start":{"line":81,"column":8},"end":{"line":81,"column":76}},"36":{"start":{"line":81,"column":57},"end":{"line":81,"column":74}},"37":{"start":{"line":83,"column":6},"end":{"line":83,"column":37}},"38":{"start":{"line":84,"column":6},"end":{"line":84,"column":19}},"39":{"start":{"line":87,"column":21},"end":{"line":87,"column":35}},"40":{"start":{"line":88,"column":6},"end":{"line":88,"column":39}},"41":{"start":{"line":89,"column":6},"end":{"line":91,"column":7}},"42":{"start":{"line":90,"column":8},"end":{"line":90,"column":77}},"43":{"start":{"line":90,"column":57},"end":{"line":90,"column":75}},"44":{"start":{"line":92,"column":6},"end":{"line":92,"column":37}},"45":{"start":{"line":93,"column":6},"end":{"line":93,"column":19}},"46":{"start":{"line":96,"column":27},"end":{"line":96,"column":80}},"47":{"start":{"line":97,"column":6},"end":{"line":107,"column":9}},"48":{"start":{"line":98,"column":8},"end":{"line":105,"column":9}},"49":{"start":{"line":99,"column":24},"end":{"line":99,"column":47}},"50":{"start":{"line":100,"column":24},"end":{"line":100,"column":46}},"51":{"start":{"line":101,"column":10},"end":{"line":104,"column":38}},"52":{"start":{"line":102,"column":12},"end":{"line":102,"column":68}},"53":{"start":{"line":104,"column":12},"end":{"line":104,"column":38}},"54":{"start":{"line":106,"column":8},"end":{"line":106,"column":64}},"55":{"start":{"line":110,"column":6},"end":{"line":110,"column":56}},"56":{"start":{"line":113,"column":38},"end":{"line":113,"column":117}},"57":{"start":{"line":113,"column":78},"end":{"line":113,"column":116}},"58":{"start":{"line":114,"column":6},"end":{"line":115,"column":48}},"59":{"start":{"line":114,"column":44},"end":{"line":114,"column":104}},"60":{"start":{"line":115,"column":11},"end":{"line":115,"column":48}},"61":{"start":{"line":131,"column":4},"end":{"line":131,"column":17}},"62":{"start":{"line":133,"column":27},"end":{"line":133,"column":60}},"63":{"start":{"line":133,"column":49},"end":{"line":133,"column":60}}},"fnMap":{"0":{"name":"(anonymous_0)","decl":{"start":{"line":37,"column":16},"end":{"line":37,"column":17}},"loc":{"start":{"line":37,"column":27},"end":{"line":44,"column":5}},"line":37},"1":{"name":"(anonymous_1)","decl":{"start":{"line":45,"column":14},"end":{"line":45,"column":15}},"loc":{"start":{"line":45,"column":33},"end":{"line":50,"column":5}},"line":45},"2":{"name":"(anonymous_2)","decl":{"start":{"line":47,"column":67},"end":{"line":47,"column":68}},"loc":{"start":{"line":47,"column":82},"end":{"line":47,"column":89}},"line":47},"3":{"name":"(anonymous_3)","decl":{"start":{"line":51,"column":16},"end":{"line":51,"column":17}},"loc":{"start":{"line":51,"column":35},"end":{"line":60,"column":5}},"line":51},"4":{"name":"(anonymous_4)","decl":{"start":{"line":53,"column":51},"end":{"line":53,"column":52}},"loc":{"start":{"line":53,"column":59},"end":{"line":53,"column":79}},"line":53},"5":{"name":"(anonymous_5)","decl":{"start":{"line":61,"column":16},"end":{"line":61,"column":17}},"loc":{"start":{"line":61,"column":35},"end":{"line":70,"column":5}},"line":61},"6":{"name":"(anonymous_6)","decl":{"start":{"line":63,"column":51},"end":{"line":63,"column":52}},"loc":{"start":{"line":63,"column":59},"end":{"line":63,"column":79}},"line":63},"7":{"name":"(anonymous_7)","decl":{"start":{"line":71,"column":14},"end":{"line":71,"column":15}},"loc":{"start":{"line":71,"column":33},"end":{"line":76,"column":5}},"line":71},"8":{"name":"(anonymous_8)","decl":{"start":{"line":73,"column":67},"end":{"line":73,"column":68}},"loc":{"start":{"line":73,"column":82},"end":{"line":73,"column":94}},"line":73},"9":{"name":"(anonymous_9)","decl":{"start":{"line":77,"column":21},"end":{"line":77,"column":22}},"loc":{"start":{"line":77,"column":40},"end":{"line":85,"column":5}},"line":77},"10":{"name":"(anonymous_10)","decl":{"start":{"line":81,"column":49},"end":{"line":81,"column":50}},"loc":{"start":{"line":81,"column":57},"end":{"line":81,"column":74}},"line":81},"11":{"name":"(anonymous_11)","decl":{"start":{"line":86,"column":21},"end":{"line":86,"column":22}},"loc":{"start":{"line":86,"column":40},"end":{"line":94,"column":5}},"line":86},"12":{"name":"(anonymous_12)","decl":{"start":{"line":90,"column":49},"end":{"line":90,"column":50}},"loc":{"start":{"line":90,"column":57},"end":{"line":90,"column":75}},"line":90},"13":{"name":"(anonymous_13)","decl":{"start":{"line":95,"column":23},"end":{"line":95,"column":24}},"loc":{"start":{"line":95,"column":42},"end":{"line":108,"column":5}},"line":95},"14":{"name":"(anonymous_14)","decl":{"start":{"line":97,"column":36},"end":{"line":97,"column":37}},"loc":{"start":{"line":97,"column":51},"end":{"line":107,"column":7}},"line":97},"15":{"name":"(anonymous_15)","decl":{"start":{"line":109,"column":20},"end":{"line":109,"column":21}},"loc":{"start":{"line":109,"column":39},"end":{"line":111,"column":5}},"line":109},"16":{"name":"(anonymous_16)","decl":{"start":{"line":112,"column":18},"end":{"line":112,"column":19}},"loc":{"start":{"line":112,"column":37},"end":{"line":116,"column":5}},"line":112},"17":{"name":"(anonymous_17)","decl":{"start":{"line":113,"column":65},"end":{"line":113,"column":66}},"loc":{"start":{"line":113,"column":78},"end":{"line":113,"column":116}},"line":113},"18":{"name":"(anonymous_18)","decl":{"start":{"line":133,"column":27},"end":{"line":133,"column":28}},"loc":{"start":{"line":133,"column":49},"end":{"line":133,"column":60}},"line":133}},"branchMap":{"0":{"loc":{"start":{"line":54,"column":6},"end":{"line":59,"column":7}},"type":"if","locations":[{"start":{"line":54,"column":6},"end":{"line":59,"column":7}},{"start":{"line":57,"column":13},"end":{"line":59,"column":7}}],"line":54},"1":{"loc":{"start":{"line":64,"column":6},"end":{"line":69,"column":7}},"type":"if","locations":[{"start":{"line":64,"column":6},"end":{"line":69,"column":7}},{"start":{"line":67,"column":13},"end":{"line":69,"column":7}}],"line":64},"2":{"loc":{"start":{"line":80,"column":6},"end":{"line":82,"column":7}},"type":"if","locations":[{"start":{"line":80,"column":6},"end":{"line":82,"column":7}},{"start":{},"end":{}}],"line":80},"3":{"loc":{"start":{"line":89,"column":6},"end":{"line":91,"column":7}},"type":"if","locations":[{"start":{"line":89,"column":6},"end":{"line":91,"column":7}},{"start":{},"end":{}}],"line":89},"4":{"loc":{"start":{"line":98,"column":8},"end":{"line":105,"column":9}},"type":"if","locations":[{"start":{"line":98,"column":8},"end":{"line":105,"column":9}},{"start":{},"end":{}}],"line":98},"5":{"loc":{"start":{"line":101,"column":10},"end":{"line":104,"column":38}},"type":"if","locations":[{"start":{"line":101,"column":10},"end":{"line":104,"column":38}},{"start":{"line":104,"column":12},"end":{"line":104,"column":38}}],"line":101},"6":{"loc":{"start":{"line":114,"column":6},"end":{"line":115,"column":48}},"type":"if","locations":[{"start":{"line":114,"column":6},"end":{"line":115,"column":48}},{"start":{"line":115,"column":11},"end":{"line":115,"column":48}}],"line":114}},"s":{"0":0,"1":0,"2":0,"3":0,"4":0,"5":0,"6":0,"7":0,"8":0,"9":0,"10":0,"11":0,"12":0,"13":0,"14":0,"15":0,"16":0,"17":0,"18":0,"19":0,"20":0,"21":0,"22":0,"23":0,"24":0,"25":0,"26":0,"27":0,"28":0,"29":0,"30":0,"31":0,"32":0,"33":0,"34":0,"35":0,"36":0,"37":0,"38":0,"39":0,"40":0,"41":0,"42":0,"43":0,"44":0,"45":0,"46":0,"47":0,"48":0,"49":0,"50":0,"51":0,"52":0,"53":0,"54":0,"55":0,"56":0,"57":0,"58":0,"59":0,"60":0,"61":0,"62":0,"63":0},"f":{"0":0,"1":0,"2":0,"3":0,"4":0,"5":0,"6":0,"7":0,"8":0,"9":0,"10":0,"11":0,"12":0,"13":0,"14":0,"15":0,"16":0,"17":0,"18":0},"b":{"0":[0,0],"1":[0,0],"2":[0,0],"3":[0,0],"4":[0,0],"5":[0,0],"6":[0,0]}}
,"/home/e35875/gremlin-visualizer/src/reducers/gremlinReducer.ts": {"path":"/home/e35875/gremlin-visualizer/src/reducers/gremlinReducer.ts","statementMap":{"0":{"start":{"line":4,"column":21},"end":{"line":9,"column":1}},"1":{"start":{"line":11,"column":14},"end":{"line":32,"column":2}},"2":{"start":{"line":16,"column":6},"end":{"line":16,"column":34}},"3":{"start":{"line":19,"column":6},"end":{"line":19,"column":34}},"4":{"start":{"line":22,"column":6},"end":{"line":22,"column":35}},"5":{"start":{"line":23,"column":6},"end":{"line":23,"column":25}},"6":{"start":{"line":26,"column":6},"end":{"line":28,"column":7}},"7":{"start":{"line":27,"column":8},"end":{"line":27,"column":37}},"8":{"start":{"line":29,"column":6},"end":{"line":29,"column":35}},"9":{"start":{"line":34,"column":56},"end":{"line":34,"column":69}},"10":{"start":{"line":35,"column":29},"end":{"line":35,"column":64}},"11":{"start":{"line":35,"column":51},"end":{"line":35,"column":64}}},"fnMap":{"0":{"name":"(anonymous_0)","decl":{"start":{"line":15,"column":13},"end":{"line":15,"column":14}},"loc":{"start":{"line":15,"column":32},"end":{"line":17,"column":5}},"line":15},"1":{"name":"(anonymous_1)","decl":{"start":{"line":18,"column":13},"end":{"line":18,"column":14}},"loc":{"start":{"line":18,"column":32},"end":{"line":20,"column":5}},"line":18},"2":{"name":"(anonymous_2)","decl":{"start":{"line":21,"column":14},"end":{"line":21,"column":15}},"loc":{"start":{"line":21,"column":33},"end":{"line":24,"column":5}},"line":21},"3":{"name":"(anonymous_3)","decl":{"start":{"line":25,"column":14},"end":{"line":25,"column":15}},"loc":{"start":{"line":25,"column":33},"end":{"line":30,"column":5}},"line":25},"4":{"name":"(anonymous_4)","decl":{"start":{"line":35,"column":29},"end":{"line":35,"column":30}},"loc":{"start":{"line":35,"column":51},"end":{"line":35,"column":64}},"line":35}},"branchMap":{"0":{"loc":{"start":{"line":26,"column":6},"end":{"line":28,"column":7}},"type":"if","locations":[{"start":{"line":26,"column":6},"end":{"line":28,"column":7}},{"start":{},"end":{}}],"line":26}},"s":{"0":0,"1":0,"2":0,"3":0,"4":0,"5":0,"6":0,"7":0,"8":0,"9":0,"10":0,"11":0},"f":{"0":0,"1":0,"2":0,"3":0,"4":0},"b":{"0":[0,0]}}
,"/home/e35875/gremlin-visualizer/src/reducers/optionReducer.ts": {"path":"/home/e35875/gremlin-visualizer/src/reducers/optionReducer.ts","statementMap":{"0":{"start":{"line":19,"column":39},"end":{"line":20,"column":20}},"1":{"start":{"line":20,"column":3},"end":{"line":20,"column":18}},"2":{"start":{"line":22,"column":34},"end":{"line":30,"column":1}},"3":{"start":{"line":32,"column":14},"end":{"line":79,"column":2}},"4":{"start":{"line":37,"column":6},"end":{"line":37,"column":75}},"5":{"start":{"line":40,"column":6},"end":{"line":40,"column":48}},"6":{"start":{"line":43,"column":6},"end":{"line":43,"column":67}},"7":{"start":{"line":46,"column":6},"end":{"line":46,"column":30}},"8":{"start":{"line":49,"column":6},"end":{"line":49,"column":54}},"9":{"start":{"line":52,"column":6},"end":{"line":52,"column":72}},"10":{"start":{"line":55,"column":24},"end":{"line":55,"column":41}},"11":{"start":{"line":56,"column":30},"end":{"line":56,"column":54}},"12":{"start":{"line":58,"column":6},"end":{"line":64,"column":7}},"13":{"start":{"line":59,"column":8},"end":{"line":63,"column":10}},"14":{"start":{"line":67,"column":26},"end":{"line":67,"column":40}},"15":{"start":{"line":68,"column":6},"end":{"line":73,"column":7}},"16":{"start":{"line":69,"column":8},"end":{"line":72,"column":10}},"17":{"start":{"line":76,"column":6},"end":{"line":76,"column":39}},"18":{"start":{"line":91,"column":4},"end":{"line":91,"column":17}},"19":{"start":{"line":93,"column":29},"end":{"line":93,"column":64}},"20":{"start":{"line":93,"column":51},"end":{"line":93,"column":64}}},"fnMap":{"0":{"name":"(anonymous_0)","decl":{"start":{"line":19,"column":82},"end":{"line":19,"column":83}},"loc":{"start":{"line":20,"column":3},"end":{"line":20,"column":18}},"line":20},"1":{"name":"(anonymous_1)","decl":{"start":{"line":36,"column":25},"end":{"line":36,"column":26}},"loc":{"start":{"line":36,"column":44},"end":{"line":38,"column":5}},"line":36},"2":{"name":"(anonymous_2)","decl":{"start":{"line":39,"column":15},"end":{"line":39,"column":16}},"loc":{"start":{"line":39,"column":34},"end":{"line":41,"column":5}},"line":39},"3":{"name":"(anonymous_3)","decl":{"start":{"line":42,"column":21},"end":{"line":42,"column":22}},"loc":{"start":{"line":42,"column":40},"end":{"line":44,"column":5}},"line":42},"4":{"name":"(anonymous_4)","decl":{"start":{"line":45,"column":23},"end":{"line":45,"column":24}},"loc":{"start":{"line":45,"column":34},"end":{"line":47,"column":5}},"line":45},"5":{"name":"(anonymous_5)","decl":{"start":{"line":48,"column":19},"end":{"line":48,"column":20}},"loc":{"start":{"line":48,"column":38},"end":{"line":50,"column":5}},"line":48},"6":{"name":"(anonymous_6)","decl":{"start":{"line":51,"column":18},"end":{"line":51,"column":19}},"loc":{"start":{"line":51,"column":29},"end":{"line":53,"column":5}},"line":51},"7":{"name":"(anonymous_7)","decl":{"start":{"line":54,"column":19},"end":{"line":54,"column":20}},"loc":{"start":{"line":54,"column":38},"end":{"line":65,"column":5}},"line":54},"8":{"name":"(anonymous_8)","decl":{"start":{"line":66,"column":21},"end":{"line":66,"column":22}},"loc":{"start":{"line":66,"column":40},"end":{"line":74,"column":5}},"line":66},"9":{"name":"(anonymous_9)","decl":{"start":{"line":75,"column":18},"end":{"line":75,"column":19}},"loc":{"start":{"line":75,"column":37},"end":{"line":77,"column":5}},"line":75},"10":{"name":"(anonymous_10)","decl":{"start":{"line":93,"column":29},"end":{"line":93,"column":30}},"loc":{"start":{"line":93,"column":51},"end":{"line":93,"column":64}},"line":93}},"branchMap":{"0":{"loc":{"start":{"line":58,"column":6},"end":{"line":64,"column":7}},"type":"if","locations":[{"start":{"line":58,"column":6},"end":{"line":64,"column":7}},{"start":{},"end":{}}],"line":58},"1":{"loc":{"start":{"line":68,"column":6},"end":{"line":73,"column":7}},"type":"if","locations":[{"start":{"line":68,"column":6},"end":{"line":73,"column":7}},{"start":{},"end":{}}],"line":68}},"s":{"0":0,"1":0,"2":0,"3":0,"4":0,"5":0,"6":0,"7":0,"8":0,"9":0,"10":0,"11":0,"12":0,"13":0,"14":0,"15":0,"16":0,"17":0,"18":0,"19":0,"20":0},"f":{"0":0,"1":0,"2":0,"3":0,"4":0,"5":0,"6":0,"7":0,"8":0,"9":0,"10":0},"b":{"0":[0,0],"1":[0,0]}}
}
