TN:
SF:src/App.tsx
FN:7,(anonymous_0)
FN:11,(anonymous_1)
FN:17,(anonymous_2)
FN:27,(anonymous_3)
FNF:4
FNH:0
FNDA:0,(anonymous_0)
FNDA:0,(anonymous_1)
FNDA:0,(anonymous_2)
FNDA:0,(anonymous_3)
DA:7,0
DA:9,0
DA:11,0
DA:12,0
DA:13,0
DA:14,0
DA:17,0
DA:19,0
DA:20,0
DA:21,0
DA:22,0
DA:23,0
DA:27,0
DA:28,0
DA:29,0
DA:30,0
DA:33,0
LF:17
LH:0
BRDA:22,0,0,0
BRDA:22,0,1,0
BRDA:22,1,0,0
BRDA:22,1,1,0
BRF:4
BRH:0
end_of_record
TN:
SF:src/constants.js
FNF:0
FNH:0
DA:1,0
DA:2,0
DA:3,0
DA:4,0
DA:5,0
DA:6,0
DA:28,0
DA:29,0
DA:34,0
DA:38,0
LF:10
LH:0
BRF:0
BRH:0
end_of_record
TN:
SF:src/index.tsx
FNF:0
FNH:0
DA:8,0
DA:10,0
LF:2
LH:0
BRF:0
BRH:0
end_of_record
TN:
SF:src/app/store.ts
FNF:0
FNH:0
DA:11,0
DA:18,0
LF:2
LH:0
BRF:0
BRH:0
end_of_record
TN:
SF:src/assets/icons.ts
FN:14,(anonymous_0)
FNF:1
FNH:0
FNDA:0,(anonymous_0)
DA:1,0
DA:14,0
DA:15,0
DA:16,0
DA:17,0
DA:18,0
DA:20,0
LF:7
LH:0
BRDA:15,0,0,0
BRDA:15,0,1,0
BRDA:17,1,0,0
BRDA:17,1,1,0
BRF:4
BRH:0
end_of_record
TN:
SF:src/components/Details/DetailsComponent.tsx
FN:46,(anonymous_0)
FN:79,(anonymous_1)
FN:89,getRows
FN:91,(anonymous_3)
FN:109,(anonymous_4)
FN:122,onTraverse
FN:135,(anonymous_6)
FN:138,(anonymous_7)
FN:144,sendUpdateQuery
FN:156,(anonymous_9)
FN:159,(anonymous_10)
FN:165,sendRawQuery
FN:186,updateElementProperty
FN:206,(anonymous_13)
FN:210,onConfirmEdit
FN:217,onConfirmAddProperty
FN:224,onCancelAddProperty
FN:238,(anonymous_17)
FN:248,(anonymous_18)
FN:282,(anonymous_19)
FN:306,(anonymous_20)
FN:316,(anonymous_21)
FNF:22
FNH:0
FNDA:0,(anonymous_0)
FNDA:0,(anonymous_1)
FNDA:0,getRows
FNDA:0,(anonymous_3)
FNDA:0,(anonymous_4)
FNDA:0,onTraverse
FNDA:0,(anonymous_6)
FNDA:0,(anonymous_7)
FNDA:0,sendUpdateQuery
FNDA:0,(anonymous_9)
FNDA:0,(anonymous_10)
FNDA:0,sendRawQuery
FNDA:0,updateElementProperty
FNDA:0,(anonymous_13)
FNDA:0,onConfirmEdit
FNDA:0,onConfirmAddProperty
FNDA:0,onCancelAddProperty
FNDA:0,(anonymous_17)
FNDA:0,(anonymous_18)
FNDA:0,(anonymous_19)
FNDA:0,(anonymous_20)
FNDA:0,(anonymous_21)
DA:46,0
DA:47,0
DA:48,0
DA:49,0
DA:50,0
DA:52,0
DA:53,0
DA:54,0
DA:55,0
DA:56,0
DA:58,0
DA:59,0
DA:60,0
DA:61,0
DA:62,0
DA:63,0
DA:64,0
DA:65,0
DA:66,0
DA:67,0
DA:68,0
DA:69,0
DA:70,0
DA:71,0
DA:72,0
DA:73,0
DA:74,0
DA:75,0
DA:76,0
DA:79,0
DA:80,0
DA:81,0
DA:90,0
DA:91,0
DA:93,0
DA:110,0
DA:123,0
DA:124,0
DA:136,0
DA:139,0
DA:140,0
DA:145,0
DA:157,0
DA:160,0
DA:161,0
DA:166,0
DA:167,0
DA:178,0
DA:180,0
DA:181,0
DA:182,0
DA:188,0
DA:190,0
DA:191,0
DA:192,0
DA:193,0
DA:194,0
DA:195,0
DA:196,0
DA:197,0
DA:198,0
DA:199,0
DA:201,0
DA:202,0
DA:205,0
DA:206,0
DA:211,0
DA:212,0
DA:213,0
DA:214,0
DA:218,0
DA:219,0
DA:220,0
DA:221,0
DA:225,0
DA:226,0
DA:227,0
DA:230,0
DA:238,0
DA:248,0
DA:282,0
DA:306,0
DA:316,0
LF:83
LH:0
BRDA:63,0,0,0
BRDA:63,0,1,0
BRDA:70,1,0,0
BRDA:70,1,1,0
BRDA:90,2,0,0
BRDA:90,2,1,0
BRDA:96,3,0,0
BRDA:96,3,1,0
BRDA:107,4,0,0
BRDA:107,4,1,0
BRDA:160,5,0,0
BRDA:160,5,1,0
BRDA:160,5,2,0
BRDA:180,6,0,0
BRDA:180,6,1,0
BRDA:180,6,2,0
BRDA:190,7,0,0
BRDA:190,7,1,0
BRDA:190,8,0,0
BRDA:190,8,1,0
BRDA:194,9,0,0
BRDA:194,9,1,0
BRDA:197,10,0,0
BRDA:197,10,1,0
BRDA:197,11,0,0
BRDA:197,11,1,0
BRDA:219,12,0,0
BRDA:219,12,1,0
BRDA:219,13,0,0
BRDA:219,13,1,0
BRDA:230,14,0,0
BRDA:230,14,1,0
BRDA:230,14,2,0
BRDA:232,15,0,0
BRDA:232,15,1,0
BRDA:263,16,0,0
BRDA:263,16,1,0
BRDA:268,17,0,0
BRDA:268,17,1,0
BRDA:275,18,0,0
BRDA:275,18,1,0
BRF:41
BRH:0
end_of_record
TN:
SF:src/components/Details/QueryComponent.tsx
FN:12,(anonymous_0)
FN:16,(anonymous_1)
FN:19,handleClearGraph
FN:24,sendQuery
FN:32,(anonymous_4)
FN:35,(anonymous_5)
FN:41,onQueryChanged
FNF:7
FNH:0
FNDA:0,(anonymous_0)
FNDA:0,(anonymous_1)
FNDA:0,handleClearGraph
FNDA:0,sendQuery
FNDA:0,(anonymous_4)
FNDA:0,(anonymous_5)
FNDA:0,onQueryChanged
DA:12,0
DA:13,0
DA:14,0
DA:15,0
DA:16,0
DA:20,0
DA:21,0
DA:25,0
DA:26,0
DA:33,0
DA:36,0
DA:37,0
DA:42,0
DA:43,0
DA:46,0
LF:15
LH:0
BRF:0
BRH:0
end_of_record
TN:
SF:src/components/Details/SavedQueriesComponent.tsx
FN:18,(anonymous_0)
FN:22,(anonymous_1)
FN:26,(anonymous_2)
FN:29,(anonymous_3)
FN:35,(anonymous_4)
FN:44,(anonymous_5)
FN:47,(anonymous_6)
FN:59,(anonymous_7)
FN:62,(anonymous_8)
FN:64,(anonymous_9)
FN:95,(anonymous_10)
FNF:11
FNH:0
FNDA:0,(anonymous_0)
FNDA:0,(anonymous_1)
FNDA:0,(anonymous_2)
FNDA:0,(anonymous_3)
FNDA:0,(anonymous_4)
FNDA:0,(anonymous_5)
FNDA:0,(anonymous_6)
FNDA:0,(anonymous_7)
FNDA:0,(anonymous_8)
FNDA:0,(anonymous_9)
FNDA:0,(anonymous_10)
DA:18,0
DA:19,0
DA:20,0
DA:21,0
DA:22,0
DA:24,0
DA:25,0
DA:26,0
DA:27,0
DA:29,0
DA:30,0
DA:31,0
DA:35,0
DA:36,0
DA:37,0
DA:38,0
DA:45,0
DA:48,0
DA:49,0
DA:55,0
DA:60,0
DA:62,0
DA:64,0
DA:95,0
LF:24
LH:0
BRDA:57,0,0,0
BRDA:57,0,1,0
BRDA:73,1,0,0
BRDA:73,1,1,0
BRDA:73,1,2,0
BRF:5
BRH:0
end_of_record
TN:
SF:src/components/Details/SettingsComponent.tsx
FN:53,(anonymous_0)
FN:57,(anonymous_1)
FN:64,(anonymous_2)
FN:68,onEditNodeLabel
FN:71,(anonymous_4)
FN:71,(anonymous_5)
FN:75,(anonymous_6)
FN:75,(anonymous_7)
FN:87,(anonymous_8)
FN:95,(anonymous_9)
FN:108,(anonymous_10)
FN:114,(anonymous_11)
FN:124,(anonymous_12)
FN:134,(anonymous_13)
FN:146,onHostChanged
FN:150,onPortChanged
FN:154,onAddNodeLabel
FN:158,onEditNodeLabel
FN:162,onRemoveNodeLabel
FN:166,onEditNodeLimit
FN:170,onRefresh
FN:174,onTogglePhysics
FN:178,onLayoutChange
FN:184,onSelectWorkspace
FN:188,onConfirmLoadWorkspace
FN:190,(anonymous_25)
FN:195,onCancelLoadWorkspace
FN:200,loadWorkspaceOptions
FN:201,(anonymous_28)
FN:202,(anonymous_29)
FN:208,onCancelSaveWorkspace
FN:214,onConfirmSaveWorkspace
FN:216,(anonymous_32)
FN:223,finishSaveWorkspace
FN:234,onWorkspaceSaveNameChange
FN:245,(anonymous_35)
FN:253,(anonymous_36)
FN:272,(anonymous_37)
FN:295,(anonymous_38)
FN:303,(anonymous_39)
FN:315,(anonymous_40)
FN:321,(anonymous_41)
FN:421,(anonymous_42)
FNF:43
FNH:0
FNDA:0,(anonymous_0)
FNDA:0,(anonymous_1)
FNDA:0,(anonymous_2)
FNDA:0,onEditNodeLabel
FNDA:0,(anonymous_4)
FNDA:0,(anonymous_5)
FNDA:0,(anonymous_6)
FNDA:0,(anonymous_7)
FNDA:0,(anonymous_8)
FNDA:0,(anonymous_9)
FNDA:0,(anonymous_10)
FNDA:0,(anonymous_11)
FNDA:0,(anonymous_12)
FNDA:0,(anonymous_13)
FNDA:0,onHostChanged
FNDA:0,onPortChanged
FNDA:0,onAddNodeLabel
FNDA:0,onEditNodeLabel
FNDA:0,onRemoveNodeLabel
FNDA:0,onEditNodeLimit
FNDA:0,onRefresh
FNDA:0,onTogglePhysics
FNDA:0,onLayoutChange
FNDA:0,onSelectWorkspace
FNDA:0,onConfirmLoadWorkspace
FNDA:0,(anonymous_25)
FNDA:0,onCancelLoadWorkspace
FNDA:0,loadWorkspaceOptions
FNDA:0,(anonymous_28)
FNDA:0,(anonymous_29)
FNDA:0,onCancelSaveWorkspace
FNDA:0,onConfirmSaveWorkspace
FNDA:0,(anonymous_32)
FNDA:0,finishSaveWorkspace
FNDA:0,onWorkspaceSaveNameChange
FNDA:0,(anonymous_35)
FNDA:0,(anonymous_36)
FNDA:0,(anonymous_37)
FNDA:0,(anonymous_38)
FNDA:0,(anonymous_39)
FNDA:0,(anonymous_40)
FNDA:0,(anonymous_41)
FNDA:0,(anonymous_42)
DA:53,0
DA:54,0
DA:55,0
DA:56,0
DA:57,0
DA:58,0
DA:64,0
DA:65,0
DA:69,0
DA:71,0
DA:72,0
DA:75,0
DA:76,0
DA:77,0
DA:78,0
DA:85,0
DA:88,0
DA:96,0
DA:97,0
DA:98,0
DA:109,0
DA:115,0
DA:116,0
DA:117,0
DA:124,0
DA:134,0
DA:135,0
DA:136,0
DA:137,0
DA:138,0
DA:140,0
DA:141,0
DA:142,0
DA:143,0
DA:144,0
DA:147,0
DA:151,0
DA:155,0
DA:159,0
DA:163,0
DA:167,0
DA:171,0
DA:175,0
DA:179,0
DA:180,0
DA:185,0
DA:189,0
DA:190,0
DA:191,0
DA:192,0
DA:196,0
DA:197,0
DA:201,0
DA:202,0
DA:203,0
DA:205,0
DA:209,0
DA:210,0
DA:211,0
DA:215,0
DA:216,0
DA:217,0
DA:218,0
DA:220,0
DA:224,0
DA:225,0
DA:230,0
DA:231,0
DA:235,0
DA:236,0
DA:239,0
DA:245,0
DA:253,0
DA:273,0
DA:274,0
DA:295,0
DA:303,0
DA:315,0
DA:321,0
DA:421,0
LF:80
LH:0
BRDA:72,0,0,0
BRDA:72,0,1,0
BRDA:105,1,0,0
BRDA:105,1,1,0
BRDA:202,2,0,0
BRDA:202,2,1,0
BRDA:216,3,0,0
BRDA:216,3,1,0
BRDA:304,4,0,0
BRDA:304,4,1,0
BRDA:304,4,2,0
BRF:11
BRH:0
end_of_record
TN:
SF:src/components/Details/SidebarComponent.tsx
FN:20,(anonymous_0)
FN:22,(anonymous_1)
FN:38,TabPanel
FN:63,(anonymous_3)
FN:66,(anonymous_4)
FNF:5
FNH:0
FNDA:0,(anonymous_0)
FNDA:0,(anonymous_1)
FNDA:0,TabPanel
FNDA:0,(anonymous_3)
FNDA:0,(anonymous_4)
DA:20,0
DA:21,0
DA:23,0
DA:39,0
DA:41,0
DA:63,0
DA:64,0
DA:65,0
DA:66,0
DA:67,0
DA:70,0
LF:11
LH:0
BRDA:49,0,0,0
BRDA:49,0,1,0
BRF:2
BRH:0
end_of_record
TN:
SF:src/components/Details/TableComponent.tsx
FN:52,createData
FN:55,(anonymous_1)
FN:61,(anonymous_2)
FN:71,Row
FN:82,(anonymous_4)
FN:105,(anonymous_5)
FN:123,descendingComparator
FN:157,getComparator
FN:165,(anonymous_8)
FN:166,(anonymous_9)
FN:178,EnhancedTableHead
FN:182,(anonymous_11)
FN:182,(anonymous_12)
FN:190,(anonymous_13)
FN:215,CollapsibleTable
FN:225,(anonymous_15)
FN:229,(anonymous_16)
FN:238,(anonymous_17)
FN:242,(anonymous_18)
FN:251,(anonymous_19)
FN:259,(anonymous_20)
FN:266,(anonymous_21)
FN:302,(anonymous_22)
FNF:23
FNH:0
FNDA:0,createData
FNDA:0,(anonymous_1)
FNDA:0,(anonymous_2)
FNDA:0,Row
FNDA:0,(anonymous_4)
FNDA:0,(anonymous_5)
FNDA:0,descendingComparator
FNDA:0,getComparator
FNDA:0,(anonymous_8)
FNDA:0,(anonymous_9)
FNDA:0,EnhancedTableHead
FNDA:0,(anonymous_11)
FNDA:0,(anonymous_12)
FNDA:0,(anonymous_13)
FNDA:0,CollapsibleTable
FNDA:0,(anonymous_15)
FNDA:0,(anonymous_16)
FNDA:0,(anonymous_17)
FNDA:0,(anonymous_18)
FNDA:0,(anonymous_19)
FNDA:0,(anonymous_20)
FNDA:0,(anonymous_21)
FNDA:0,(anonymous_22)
DA:37,0
DA:53,0
DA:54,0
DA:55,0
DA:56,0
DA:57,0
DA:60,0
DA:61,0
DA:62,0
DA:63,0
DA:66,0
DA:72,0
DA:73,0
DA:75,0
DA:82,0
DA:106,0
DA:124,0
DA:125,0
DA:127,0
DA:128,0
DA:129,0
DA:130,0
DA:131,0
DA:132,0
DA:134,0
DA:135,0
DA:137,0
DA:140,0
DA:141,0
DA:143,0
DA:144,0
DA:145,0
DA:147,0
DA:148,0
DA:151,0
DA:164,0
DA:165,0
DA:166,0
DA:180,0
DA:182,0
DA:183,0
DA:186,0
DA:191,0
DA:216,0
DA:217,0
DA:218,0
DA:219,0
DA:220,0
DA:221,0
DA:222,0
DA:223,0
DA:225,0
DA:226,0
DA:229,0
DA:233,0
DA:234,0
DA:235,0
DA:238,0
DA:239,0
DA:242,0
DA:243,0
DA:244,0
DA:248,0
DA:250,0
DA:252,0
DA:259,0
DA:260,0
DA:261,0
DA:262,0
DA:266,0
DA:267,0
DA:268,0
DA:269,0
DA:273,0
DA:303,0
LF:75
LH:0
BRDA:54,0,0,0
BRDA:54,0,1,0
BRDA:60,1,0,0
BRDA:60,1,1,0
BRDA:84,2,0,0
BRDA:84,2,1,0
BRDA:127,3,0,0
BRDA:127,3,1,0
BRDA:127,4,0,0
BRDA:127,4,1,0
BRDA:130,5,0,0
BRDA:130,5,1,0
BRDA:130,6,0,0
BRDA:130,6,1,0
BRDA:131,7,0,0
BRDA:131,7,1,0
BRDA:134,8,0,0
BRDA:134,8,1,0
BRDA:140,9,0,0
BRDA:140,9,1,0
BRDA:140,10,0,0
BRDA:140,10,1,0
BRDA:143,11,0,0
BRDA:143,11,1,0
BRDA:143,12,0,0
BRDA:143,12,1,0
BRDA:144,13,0,0
BRDA:144,13,1,0
BRDA:147,14,0,0
BRDA:147,14,1,0
BRDA:164,15,0,0
BRDA:164,15,1,0
BRDA:193,16,0,0
BRDA:193,16,1,0
BRDA:194,17,0,0
BRDA:194,17,1,0
BRDA:198,18,0,0
BRDA:198,18,1,0
BRDA:202,19,0,0
BRDA:202,19,1,0
BRDA:204,20,0,0
BRDA:204,20,1,0
BRDA:233,21,0,0
BRDA:233,21,1,0
BRDA:234,22,0,0
BRDA:234,22,1,0
BRDA:248,23,0,0
BRDA:248,23,1,0
BRDA:261,24,0,0
BRDA:261,24,1,0
BRDA:261,25,0,0
BRDA:261,25,1,0
BRDA:268,26,0,0
BRDA:268,26,1,0
BRDA:268,27,0,0
BRDA:268,27,1,0
BRDA:305,28,0,0
BRDA:305,28,1,0
BRF:58
BRH:0
end_of_record
TN:
SF:src/components/Header/HeaderComponent.tsx
FN:5,(anonymous_0)
FNF:1
FNH:0
FNDA:0,(anonymous_0)
DA:5,0
DA:6,0
DA:8,0
LF:3
LH:0
BRF:0
BRH:0
end_of_record
TN:
SF:src/components/ModalDialog/ModalDialogComponent.tsx
FN:32,(anonymous_0)
FN:42,(anonymous_1)
FN:50,(anonymous_2)
FN:52,(anonymous_3)
FN:66,(anonymous_4)
FN:76,(anonymous_5)
FN:89,(anonymous_6)
FN:89,(anonymous_7)
FN:102,(anonymous_8)
FN:102,(anonymous_9)
FN:105,(anonymous_10)
FN:106,(anonymous_11)
FN:119,(anonymous_12)
FN:123,(anonymous_13)
FN:125,(anonymous_14)
FN:126,(anonymous_15)
FN:132,(anonymous_16)
FN:140,(anonymous_17)
FN:146,(anonymous_18)
FN:148,(anonymous_19)
FN:182,(anonymous_20)
FN:186,(anonymous_21)
FN:215,(anonymous_22)
FN:223,(anonymous_23)
FN:231,(anonymous_24)
FN:240,(anonymous_25)
FN:247,(anonymous_26)
FN:260,(anonymous_27)
FN:266,(anonymous_28)
FNF:29
FNH:0
FNDA:0,(anonymous_0)
FNDA:0,(anonymous_1)
FNDA:0,(anonymous_2)
FNDA:0,(anonymous_3)
FNDA:0,(anonymous_4)
FNDA:0,(anonymous_5)
FNDA:0,(anonymous_6)
FNDA:0,(anonymous_7)
FNDA:0,(anonymous_8)
FNDA:0,(anonymous_9)
FNDA:0,(anonymous_10)
FNDA:0,(anonymous_11)
FNDA:0,(anonymous_12)
FNDA:0,(anonymous_13)
FNDA:0,(anonymous_14)
FNDA:0,(anonymous_15)
FNDA:0,(anonymous_16)
FNDA:0,(anonymous_17)
FNDA:0,(anonymous_18)
FNDA:0,(anonymous_19)
FNDA:0,(anonymous_20)
FNDA:0,(anonymous_21)
FNDA:0,(anonymous_22)
FNDA:0,(anonymous_23)
FNDA:0,(anonymous_24)
FNDA:0,(anonymous_25)
FNDA:0,(anonymous_26)
FNDA:0,(anonymous_27)
FNDA:0,(anonymous_28)
DA:27,0
DA:32,0
DA:33,0
DA:34,0
DA:35,0
DA:36,0
DA:37,0
DA:38,0
DA:39,0
DA:40,0
DA:42,0
DA:43,0
DA:44,0
DA:45,0
DA:46,0
DA:50,0
DA:51,0
DA:52,0
DA:53,0
DA:59,0
DA:62,0
DA:66,0
DA:67,0
DA:69,0
DA:71,0
DA:73,0
DA:76,0
DA:77,0
DA:79,0
DA:81,0
DA:86,0
DA:89,0
DA:90,0
DA:92,0
DA:93,0
DA:95,0
DA:96,0
DA:98,0
DA:99,0
DA:102,0
DA:103,0
DA:105,0
DA:106,0
DA:107,0
DA:110,0
DA:112,0
DA:113,0
DA:115,0
DA:119,0
DA:120,0
DA:123,0
DA:124,0
DA:125,0
DA:126,0
DA:127,0
DA:132,0
DA:133,0
DA:137,0
DA:140,0
DA:141,0
DA:142,0
DA:143,0
DA:146,0
DA:147,0
DA:148,0
DA:149,0
DA:151,0
DA:152,0
DA:153,0
DA:156,0
DA:157,0
DA:159,0
DA:160,0
DA:161,0
DA:163,0
DA:165,0
DA:166,0
DA:168,0
DA:169,0
DA:171,0
DA:183,0
DA:184,0
DA:187,0
DA:188,0
DA:191,0
DA:194,0
DA:216,0
DA:223,0
DA:232,0
DA:241,0
DA:247,0
DA:260,0
DA:266,0
LF:93
LH:0
BRDA:43,0,0,0
BRDA:43,0,1,0
BRDA:51,1,0,0
BRDA:51,1,1,0
BRDA:67,2,0,0
BRDA:67,2,1,0
BRDA:67,2,2,0
BRDA:77,3,0,0
BRDA:77,3,1,0
BRDA:77,3,2,0
BRDA:90,4,0,0
BRDA:90,4,1,0
BRDA:90,4,2,0
BRDA:92,5,0,0
BRDA:92,5,1,0
BRDA:95,6,0,0
BRDA:95,6,1,0
BRDA:103,7,0,0
BRDA:103,7,1,0
BRDA:103,7,2,0
BRDA:107,8,0,0
BRDA:107,8,1,0
BRDA:127,9,0,0
BRDA:127,9,1,0
BRDA:151,10,0,0
BRDA:151,10,1,0
BRDA:160,11,0,0
BRDA:160,11,1,0
BRDA:168,12,0,0
BRDA:168,12,1,0
BRDA:183,13,0,0
BRDA:183,13,1,0
BRDA:187,14,0,0
BRDA:187,14,1,0
BRDA:187,14,2,0
BRDA:212,15,0,0
BRDA:212,15,1,0
BRDA:229,16,0,0
BRDA:229,16,1,0
BRDA:237,17,0,0
BRDA:237,17,1,0
BRF:41
BRH:0
end_of_record
TN:
SF:src/components/NetworkGraph/NetworkGraphComponent.tsx
FN:25,(anonymous_0)
FN:31,(anonymous_1)
FN:36,(anonymous_2)
FN:36,(anonymous_3)
FN:48,(anonymous_4)
FN:66,(anonymous_5)
FN:71,(anonymous_6)
FNF:7
FNH:0
FNDA:0,(anonymous_0)
FNDA:0,(anonymous_1)
FNDA:0,(anonymous_2)
FNDA:0,(anonymous_3)
FNDA:0,(anonymous_4)
FNDA:0,(anonymous_5)
FNDA:0,(anonymous_6)
DA:25,0
DA:27,0
DA:28,0
DA:31,0
DA:32,0
DA:33,0
DA:34,0
DA:36,0
DA:37,0
DA:42,0
DA:49,0
DA:66,0
DA:67,0
DA:68,0
DA:69,0
DA:71,0
DA:72,0
DA:73,0
DA:81,0
LF:19
LH:0
BRDA:58,0,0,0
BRDA:58,0,1,0
BRDA:58,0,2,0
BRDA:72,1,0,0
BRDA:72,1,1,0
BRDA:84,2,0,0
BRDA:84,2,1,0
BRDA:84,2,2,0
BRF:8
BRH:0
end_of_record
TN:
SF:src/logics/actionHelper.ts
FN:7,(anonymous_0)
FN:18,(anonymous_1)
FN:27,(anonymous_2)
FN:33,(anonymous_3)
FNF:4
FNH:0
FNDA:0,(anonymous_0)
FNDA:0,(anonymous_1)
FNDA:0,(anonymous_2)
FNDA:0,(anonymous_3)
DA:7,0
DA:8,0
DA:12,0
DA:13,0
DA:14,0
DA:15,0
DA:18,0
DA:19,0
DA:23,0
DA:24,0
DA:25,0
DA:27,0
DA:28,0
DA:30,0
DA:33,0
DA:34,0
DA:38,0
DA:39,0
DA:40,0
DA:41,0
DA:43,0
DA:44,0
DA:45,0
LF:23
LH:0
BRDA:23,0,0,0
BRDA:23,0,1,0
BRDA:38,1,0,0
BRDA:38,1,1,0
BRF:4
BRH:0
end_of_record
TN:
SF:src/logics/graph.ts
FN:10,(anonymous_0)
FN:20,getControls
FNF:2
FNH:0
FNDA:0,(anonymous_0)
FNDA:0,getControls
DA:10,0
DA:11,0
DA:12,0
DA:13,0
DA:14,0
DA:16,0
DA:21,0
DA:22,0
DA:24,0
DA:25,0
DA:28,0
LF:11
LH:0
BRDA:11,0,0,0
BRDA:11,0,1,0
BRDA:13,1,0,0
BRDA:13,1,1,0
BRDA:21,2,0,0
BRDA:21,2,1,0
BRDA:24,3,0,0
BRDA:24,3,1,0
BRF:8
BRH:0
end_of_record
TN:
SF:src/logics/utils.ts
FN:16,(anonymous_0)
FN:59,(anonymous_1)
FN:71,(anonymous_2)
FN:78,(anonymous_3)
FN:83,(anonymous_4)
FN:87,(anonymous_5)
FN:96,(anonymous_6)
FN:101,(anonymous_7)
FN:105,(anonymous_8)
FN:115,(anonymous_9)
FN:122,(anonymous_10)
FN:138,(anonymous_11)
FN:145,(anonymous_12)
FN:147,(anonymous_13)
FN:155,defaultNodeLabel
FNF:15
FNH:0
FNDA:0,(anonymous_0)
FNDA:0,(anonymous_1)
FNDA:0,(anonymous_2)
FNDA:0,(anonymous_3)
FNDA:0,(anonymous_4)
FNDA:0,(anonymous_5)
FNDA:0,(anonymous_6)
FNDA:0,(anonymous_7)
FNDA:0,(anonymous_8)
FNDA:0,(anonymous_9)
FNDA:0,(anonymous_10)
FNDA:0,(anonymous_11)
FNDA:0,(anonymous_12)
FNDA:0,(anonymous_13)
FNDA:0,defaultNodeLabel
DA:10,0
DA:12,0
DA:13,0
DA:14,0
DA:16,0
DA:17,0
DA:18,0
DA:19,0
DA:20,0
DA:59,0
DA:61,0
DA:62,0
DA:71,0
DA:72,0
DA:77,0
DA:78,0
DA:79,0
DA:80,0
DA:81,0
DA:83,0
DA:84,0
DA:87,0
DA:88,0
DA:89,0
DA:91,0
DA:92,0
DA:95,0
DA:96,0
DA:97,0
DA:98,0
DA:99,0
DA:101,0
DA:102,0
DA:105,0
DA:106,0
DA:107,0
DA:109,0
DA:110,0
DA:112,0
DA:115,0
DA:116,0
DA:117,0
DA:118,0
DA:120,0
DA:122,0
DA:123,0
DA:124,0
DA:125,0
DA:126,0
DA:127,0
DA:128,0
DA:129,0
DA:130,0
DA:132,0
DA:133,0
DA:134,0
DA:136,0
DA:138,0
DA:141,0
DA:142,0
DA:145,0
DA:146,0
DA:147,0
DA:148,0
DA:149,0
DA:152,0
DA:156,0
LF:67
LH:0
BRDA:18,0,0,0
BRDA:18,0,1,0
BRDA:18,1,0,0
BRDA:18,1,1,0
BRDA:18,2,0,0
BRDA:18,2,1,0
BRDA:80,3,0,0
BRDA:80,3,1,0
BRDA:98,4,0,0
BRDA:98,4,1,0
BRDA:115,5,0,0
BRDA:125,6,0,0
BRDA:125,6,1,0
BRDA:126,7,0,0
BRDA:126,7,1,0
BRDA:133,8,0,0
BRDA:133,8,1,0
BRDA:133,9,0,0
BRDA:133,9,1,0
BRDA:148,10,0,0
BRDA:148,10,1,0
BRF:21
BRH:0
end_of_record
TN:
SF:src/logics/graphImpl/cytoImpl.ts
FN:29,toCyNode
FN:47,toCyEdge
FN:54,getCytoGraph
FN:94,(anonymous_3)
FN:97,(anonymous_4)
FN:100,(anonymous_5)
FN:103,(anonymous_6)
FN:109,(anonymous_7)
FN:116,(anonymous_8)
FN:123,(anonymous_9)
FN:135,(anonymous_10)
FN:143,(anonymous_11)
FN:145,(anonymous_12)
FN:152,(anonymous_13)
FN:157,(anonymous_14)
FN:161,(anonymous_15)
FN:162,(anonymous_16)
FN:174,applyLayout
FN:208,getNodePositions
FN:212,(anonymous_19)
FN:222,setNodePositions
FN:225,(anonymous_21)
FN:233,zoomIn
FN:239,zoomOut
FN:245,fitTo
FN:250,exportIMG
FNF:26
FNH:0
FNDA:0,toCyNode
FNDA:0,toCyEdge
FNDA:0,getCytoGraph
FNDA:0,(anonymous_3)
FNDA:0,(anonymous_4)
FNDA:0,(anonymous_5)
FNDA:0,(anonymous_6)
FNDA:0,(anonymous_7)
FNDA:0,(anonymous_8)
FNDA:0,(anonymous_9)
FNDA:0,(anonymous_10)
FNDA:0,(anonymous_11)
FNDA:0,(anonymous_12)
FNDA:0,(anonymous_13)
FNDA:0,(anonymous_14)
FNDA:0,(anonymous_15)
FNDA:0,(anonymous_16)
FNDA:0,applyLayout
FNDA:0,getNodePositions
FNDA:0,(anonymous_19)
FNDA:0,setNodePositions
FNDA:0,(anonymous_21)
FNDA:0,zoomIn
FNDA:0,zoomOut
FNDA:0,fitTo
FNDA:0,exportIMG
DA:11,0
DA:12,0
DA:13,0
DA:14,0
DA:15,0
DA:16,0
DA:25,0
DA:26,0
DA:30,0
DA:31,0
DA:32,0
DA:48,0
DA:55,0
DA:56,0
DA:89,0
DA:91,0
DA:93,0
DA:94,0
DA:95,0
DA:97,0
DA:98,0
DA:100,0
DA:101,0
DA:103,0
DA:104,0
DA:105,0
DA:109,0
DA:110,0
DA:111,0
DA:112,0
DA:113,0
DA:116,0
DA:117,0
DA:118,0
DA:119,0
DA:123,0
DA:124,0
DA:125,0
DA:126,0
DA:131,0
DA:133,0
DA:135,0
DA:136,0
DA:137,0
DA:138,0
DA:139,0
DA:141,0
DA:143,0
DA:144,0
DA:145,0
DA:146,0
DA:148,0
DA:151,0
DA:152,0
DA:153,0
DA:156,0
DA:157,0
DA:158,0
DA:161,0
DA:162,0
DA:163,0
DA:167,0
DA:168,0
DA:169,0
DA:171,0
DA:175,0
DA:176,0
DA:177,0
DA:178,0
DA:180,0
DA:181,0
DA:182,0
DA:183,0
DA:186,0
DA:187,0
DA:188,0
DA:191,0
DA:192,0
DA:193,0
DA:196,0
DA:197,0
DA:198,0
DA:201,0
DA:204,0
DA:209,0
DA:210,0
DA:211,0
DA:212,0
DA:213,0
DA:215,0
DA:223,0
DA:224,0
DA:225,0
DA:226,0
DA:227,0
DA:229,0
DA:230,0
DA:234,0
DA:235,0
DA:236,0
DA:240,0
DA:241,0
DA:242,0
DA:246,0
DA:247,0
DA:251,0
DA:252,0
DA:253,0
DA:254,0
DA:255,0
DA:256,0
DA:257,0
LF:112
LH:0
BRDA:31,0,0,0
BRDA:31,0,1,0
BRDA:43,1,0,0
BRDA:43,1,1,0
BRDA:43,2,0,0
BRDA:43,2,1,0
BRDA:55,3,0,0
BRDA:55,3,1,0
BRDA:104,4,0,0
BRDA:104,4,1,0
BRDA:104,5,0,0
BRDA:104,5,1,0
BRDA:117,6,0,0
BRDA:117,6,1,0
BRDA:117,7,0,0
BRDA:117,7,1,0
BRDA:124,8,0,0
BRDA:124,8,1,0
BRDA:124,9,0,0
BRDA:124,9,1,0
BRDA:133,10,0,0
BRDA:133,10,1,0
BRDA:133,11,0,0
BRDA:133,11,1,0
BRDA:135,12,0,0
BRDA:135,12,1,0
BRDA:137,13,0,0
BRDA:137,13,1,0
BRDA:137,14,0,0
BRDA:137,14,1,0
BRDA:143,15,0,0
BRDA:143,15,1,0
BRDA:145,16,0,0
BRDA:145,16,1,0
BRDA:152,17,0,0
BRDA:152,17,1,0
BRDA:157,18,0,0
BRDA:157,18,1,0
BRDA:157,19,0,0
BRDA:157,19,1,0
BRDA:162,20,0,0
BRDA:162,20,1,0
BRDA:167,21,0,0
BRDA:167,21,1,0
BRDA:168,22,0,0
BRDA:168,22,1,0
BRDA:176,23,0,0
BRDA:176,23,1,0
BRDA:176,24,0,0
BRDA:176,24,1,0
BRDA:178,25,0,0
BRDA:178,25,1,0
BRDA:178,25,2,0
BRDA:178,25,3,0
BRDA:178,25,4,0
BRDA:227,26,0,0
BRDA:227,26,1,0
BRF:57
BRH:0
end_of_record
TN:
SF:src/logics/graphImpl/sigmaImpl.ts
FN:24,getCurvature
FN:33,createSigmaGraph
FN:51,(anonymous_2)
FN:54,(anonymous_3)
FN:72,(anonymous_4)
FN:84,(anonymous_5)
FN:95,(anonymous_6)
FN:113,(anonymous_7)
FN:122,(anonymous_8)
FN:126,(anonymous_9)
FN:132,(anonymous_10)
FN:138,(anonymous_11)
FN:148,curveEdges
FN:154,(anonymous_13)
FN:175,getSigmaGraph
FN:216,(anonymous_15)
FN:226,(anonymous_16)
FN:240,(anonymous_17)
FN:249,applyLayout
FN:275,getNodePositions
FN:279,(anonymous_20)
FN:292,setNodePositions
FN:295,(anonymous_22)
FN:297,(anonymous_23)
FN:313,zoomIn
FN:322,zoomOut
FN:331,fitTo
FN:336,exportIMG
FN:374,(anonymous_28)
FN:375,(anonymous_29)
FN:390,(anonymous_30)
FNF:31
FNH:0
FNDA:0,getCurvature
FNDA:0,createSigmaGraph
FNDA:0,(anonymous_2)
FNDA:0,(anonymous_3)
FNDA:0,(anonymous_4)
FNDA:0,(anonymous_5)
FNDA:0,(anonymous_6)
FNDA:0,(anonymous_7)
FNDA:0,(anonymous_8)
FNDA:0,(anonymous_9)
FNDA:0,(anonymous_10)
FNDA:0,(anonymous_11)
FNDA:0,curveEdges
FNDA:0,(anonymous_13)
FNDA:0,getSigmaGraph
FNDA:0,(anonymous_15)
FNDA:0,(anonymous_16)
FNDA:0,(anonymous_17)
FNDA:0,applyLayout
FNDA:0,getNodePositions
FNDA:0,(anonymous_20)
FNDA:0,setNodePositions
FNDA:0,(anonymous_22)
FNDA:0,(anonymous_23)
FNDA:0,zoomIn
FNDA:0,zoomOut
FNDA:0,fitTo
FNDA:0,exportIMG
FNDA:0,(anonymous_28)
FNDA:0,(anonymous_29)
FNDA:0,(anonymous_30)
DA:18,0
DA:19,0
DA:20,0
DA:21,0
DA:22,0
DA:25,0
DA:26,0
DA:27,0
DA:28,0
DA:29,0
DA:34,0
DA:51,0
DA:52,0
DA:54,0
DA:55,0
DA:59,0
DA:60,0
DA:63,0
DA:64,0
DA:65,0
DA:72,0
DA:73,0
DA:74,0
DA:75,0
DA:77,0
DA:78,0
DA:79,0
DA:81,0
DA:82,0
DA:84,0
DA:85,0
DA:86,0
DA:87,0
DA:88,0
DA:89,0
DA:90,0
DA:95,0
DA:96,0
DA:99,0
DA:100,0
DA:102,0
DA:103,0
DA:107,0
DA:108,0
DA:109,0
DA:113,0
DA:114,0
DA:115,0
DA:117,0
DA:118,0
DA:122,0
DA:123,0
DA:126,0
DA:127,0
DA:128,0
DA:129,0
DA:132,0
DA:133,0
DA:134,0
DA:138,0
DA:139,0
DA:140,0
DA:141,0
DA:142,0
DA:145,0
DA:149,0
DA:154,0
DA:158,0
DA:159,0
DA:163,0
DA:164,0
DA:169,0
DA:177,0
DA:178,0
DA:179,0
DA:182,0
DA:183,0
DA:185,0
DA:188,0
DA:189,0
DA:190,0
DA:193,0
DA:194,0
DA:195,0
DA:196,0
DA:197,0
DA:198,0
DA:200,0
DA:201,0
DA:202,0
DA:203,0
DA:204,0
DA:206,0
DA:207,0
DA:216,0
DA:217,0
DA:225,0
DA:226,0
DA:227,0
DA:230,0
DA:231,0
DA:232,0
DA:239,0
DA:240,0
DA:241,0
DA:245,0
DA:246,0
DA:250,0
DA:251,0
DA:252,0
DA:253,0
DA:255,0
DA:256,0
DA:257,0
DA:258,0
DA:259,0
DA:262,0
DA:265,0
DA:266,0
DA:267,0
DA:270,0
DA:276,0
DA:277,0
DA:278,0
DA:279,0
DA:280,0
DA:282,0
DA:293,0
DA:294,0
DA:295,0
DA:296,0
DA:297,0
DA:298,0
DA:305,0
DA:314,0
DA:315,0
DA:323,0
DA:324,0
DA:332,0
DA:333,0
DA:337,0
DA:338,0
DA:344,0
DA:346,0
DA:347,0
DA:348,0
DA:349,0
DA:350,0
DA:351,0
DA:352,0
DA:355,0
DA:359,0
DA:360,0
DA:363,0
DA:364,0
DA:365,0
DA:366,0
DA:369,0
DA:370,0
DA:373,0
DA:374,0
DA:375,0
DA:376,0
DA:390,0
DA:391,0
DA:394,0
DA:395,0
LF:167
LH:0
BRDA:25,0,0,0
BRDA:25,0,1,0
BRDA:26,1,0,0
BRDA:26,1,1,0
BRDA:73,2,0,0
BRDA:73,2,1,0
BRDA:85,3,0,0
BRDA:85,3,1,0
BRDA:85,4,0,0
BRDA:85,4,1,0
BRDA:85,4,2,0
BRDA:96,5,0,0
BRDA:96,5,1,0
BRDA:96,6,0,0
BRDA:96,6,1,0
BRDA:96,6,2,0
BRDA:96,6,3,0
BRDA:99,7,0,0
BRDA:99,7,1,0
BRDA:99,8,0,0
BRDA:99,8,1,0
BRDA:114,9,0,0
BRDA:114,9,1,0
BRDA:123,10,0,0
BRDA:123,10,1,0
BRDA:128,11,0,0
BRDA:128,11,1,0
BRDA:128,12,0,0
BRDA:128,12,1,0
BRDA:133,13,0,0
BRDA:133,13,1,0
BRDA:133,14,0,0
BRDA:133,14,1,0
BRDA:139,15,0,0
BRDA:139,15,1,0
BRDA:139,16,0,0
BRDA:139,16,1,0
BRDA:158,17,0,0
BRDA:158,17,1,0
BRDA:160,18,0,0
BRDA:160,18,1,0
BRDA:163,19,0,0
BRDA:163,19,1,0
BRDA:177,20,0,0
BRDA:177,20,1,0
BRDA:182,21,0,0
BRDA:182,21,1,0
BRDA:188,22,0,0
BRDA:188,22,1,0
BRDA:189,23,0,0
BRDA:189,23,1,0
BRDA:193,24,0,0
BRDA:193,24,1,0
BRDA:193,25,0,0
BRDA:193,25,1,0
BRDA:196,26,0,0
BRDA:196,26,1,0
BRDA:196,27,0,0
BRDA:196,27,1,0
BRDA:200,28,0,0
BRDA:200,28,1,0
BRDA:201,29,0,0
BRDA:201,29,1,0
BRDA:203,30,0,0
BRDA:203,30,1,0
BRDA:203,31,0,0
BRDA:203,31,1,0
BRDA:226,32,0,0
BRDA:226,32,1,0
BRDA:231,33,0,0
BRDA:231,33,1,0
BRDA:231,34,0,0
BRDA:231,34,1,0
BRDA:240,35,0,0
BRDA:240,35,1,0
BRDA:251,36,0,0
BRDA:251,36,1,0
BRDA:253,37,0,0
BRDA:253,37,1,0
BRDA:253,37,2,0
BRDA:297,38,0,0
BRDA:297,38,1,0
BRDA:344,39,0,0
BRDA:344,39,1,0
BRDA:374,40,0,0
BRDA:374,40,1,0
BRDA:391,41,0,0
BRDA:391,41,1,0
BRF:88
BRH:0
end_of_record
TN:
SF:src/logics/graphImpl/visImpl.ts
FN:20,(anonymous_0)
FN:64,getOptions
FN:84,(anonymous_2)
FN:112,toVisEdge
FN:116,toVisNode
FN:125,getCurvature
FN:140,curveEdges
FN:143,(anonymous_7)
FN:156,(anonymous_8)
FN:172,getVisNetwork
FN:182,(anonymous_10)
FN:187,(anonymous_11)
FN:192,(anonymous_12)
FN:208,(anonymous_13)
FN:213,(anonymous_14)
FN:221,(anonymous_15)
FN:228,(anonymous_16)
FN:234,(anonymous_17)
FN:241,(anonymous_18)
FN:247,(anonymous_19)
FN:256,applyLayout
FN:260,getNodePositions
FN:269,setNodePositions
FN:273,(anonymous_23)
FN:284,zoomIn
FN:289,zoomOut
FN:294,fitTo
FN:298,exportIMG
FNF:28
FNH:0
FNDA:0,(anonymous_0)
FNDA:0,getOptions
FNDA:0,(anonymous_2)
FNDA:0,toVisEdge
FNDA:0,toVisNode
FNDA:0,getCurvature
FNDA:0,curveEdges
FNDA:0,(anonymous_7)
FNDA:0,(anonymous_8)
FNDA:0,getVisNetwork
FNDA:0,(anonymous_10)
FNDA:0,(anonymous_11)
FNDA:0,(anonymous_12)
FNDA:0,(anonymous_13)
FNDA:0,(anonymous_14)
FNDA:0,(anonymous_15)
FNDA:0,(anonymous_16)
FNDA:0,(anonymous_17)
FNDA:0,(anonymous_18)
FNDA:0,(anonymous_19)
FNDA:0,applyLayout
FNDA:0,getNodePositions
FNDA:0,setNodePositions
FNDA:0,(anonymous_23)
FNDA:0,zoomIn
FNDA:0,zoomOut
FNDA:0,fitTo
FNDA:0,exportIMG
DA:11,0
DA:12,0
DA:13,0
DA:14,0
DA:15,0
DA:16,0
DA:18,0
DA:21,0
DA:22,0
DA:23,0
DA:65,0
DA:66,0
DA:67,0
DA:68,0
DA:69,0
DA:75,0
DA:81,0
DA:82,0
DA:84,0
DA:85,0
DA:88,0
DA:90,0
DA:91,0
DA:94,0
DA:101,0
DA:104,0
DA:109,0
DA:113,0
DA:117,0
DA:118,0
DA:119,0
DA:120,0
DA:122,0
DA:126,0
DA:127,0
DA:128,0
DA:129,0
DA:130,0
DA:131,0
DA:132,0
DA:133,0
DA:134,0
DA:135,0
DA:137,0
DA:141,0
DA:142,0
DA:143,0
DA:144,0
DA:145,0
DA:146,0
DA:147,0
DA:148,0
DA:149,0
DA:150,0
DA:151,0
DA:153,0
DA:156,0
DA:157,0
DA:158,0
DA:159,0
DA:160,0
DA:161,0
DA:173,0
DA:174,0
DA:175,0
DA:176,0
DA:178,0
DA:181,0
DA:182,0
DA:183,0
DA:186,0
DA:187,0
DA:188,0
DA:191,0
DA:192,0
DA:193,0
DA:196,0
DA:197,0
DA:200,0
DA:203,0
DA:204,0
DA:208,0
DA:210,0
DA:211,0
DA:213,0
DA:215,0
DA:216,0
DA:217,0
DA:218,0
DA:221,0
DA:223,0
DA:224,0
DA:226,0
DA:228,0
DA:229,0
DA:230,0
DA:231,0
DA:234,0
DA:235,0
DA:236,0
DA:237,0
DA:241,0
DA:242,0
DA:243,0
DA:244,0
DA:247,0
DA:248,0
DA:253,0
DA:257,0
DA:261,0
DA:262,0
DA:270,0
DA:271,0
DA:272,0
DA:273,0
DA:274,0
DA:275,0
DA:277,0
DA:285,0
DA:286,0
DA:290,0
DA:291,0
DA:295,0
DA:299,0
DA:300,0
DA:301,0
DA:302,0
DA:303,0
DA:304,0
DA:305,0
DA:306,0
DA:307,0
DA:308,0
DA:310,0
LF:134
LH:0
BRDA:66,0,0,0
BRDA:66,0,1,0
BRDA:68,1,0,0
BRDA:68,1,1,0
BRDA:81,2,0,0
BRDA:81,2,1,0
BRDA:81,3,0,0
BRDA:81,3,1,0
BRDA:88,4,0,0
BRDA:88,4,1,0
BRDA:88,4,2,0
BRDA:119,5,0,0
BRDA:119,5,1,0
BRDA:126,6,0,0
BRDA:126,6,1,0
BRDA:127,7,0,0
BRDA:127,7,1,0
BRDA:128,8,0,0
BRDA:128,8,1,0
BRDA:132,9,0,0
BRDA:132,9,1,0
BRDA:132,10,0,0
BRDA:132,10,1,0
BRDA:134,11,0,0
BRDA:134,11,1,0
BRDA:148,12,0,0
BRDA:148,12,1,0
BRDA:149,13,0,0
BRDA:149,13,1,0
BRDA:149,14,0,0
BRDA:149,14,1,0
BRDA:150,15,0,0
BRDA:150,15,1,0
BRDA:159,16,0,0
BRDA:159,16,1,0
BRDA:160,17,0,0
BRDA:160,17,1,0
BRDA:173,18,0,0
BRDA:173,18,1,0
BRDA:174,19,0,0
BRDA:174,19,1,0
BRDA:175,20,0,0
BRDA:175,20,1,0
BRDA:182,21,0,0
BRDA:182,21,1,0
BRDA:186,22,0,0
BRDA:186,22,1,0
BRDA:187,23,0,0
BRDA:187,23,1,0
BRDA:187,24,0,0
BRDA:187,24,1,0
BRDA:192,25,0,0
BRDA:192,25,1,0
BRDA:196,26,0,0
BRDA:196,26,1,0
BRDA:203,27,0,0
BRDA:203,27,1,0
BRDA:203,28,0,0
BRDA:203,28,1,0
BRDA:210,29,0,0
BRDA:210,29,1,0
BRDA:210,30,0,0
BRDA:210,30,1,0
BRDA:215,31,0,0
BRDA:215,31,1,0
BRDA:215,32,0,0
BRDA:215,32,1,0
BRDA:216,33,0,0
BRDA:216,33,1,0
BRDA:217,34,0,0
BRDA:217,34,1,0
BRDA:217,35,0,0
BRDA:217,35,1,0
BRDA:223,36,0,0
BRDA:223,36,1,0
BRDA:230,37,0,0
BRDA:230,37,1,0
BRDA:230,38,0,0
BRDA:230,38,1,0
BRDA:230,38,2,0
BRDA:235,39,0,0
BRDA:235,39,1,0
BRDA:235,40,0,0
BRDA:235,40,1,0
BRDA:242,41,0,0
BRDA:242,41,1,0
BRDA:242,42,0,0
BRDA:242,42,1,0
BRDA:271,43,0,0
BRDA:271,43,1,0
BRDA:274,44,0,0
BRDA:274,44,1,0
BRDA:274,45,0,0
BRDA:274,45,1,0
BRDA:301,46,0,0
BRDA:301,46,1,0
BRF:96
BRH:0
end_of_record
TN:
SF:src/reducers/dialogReducer.ts
FN:39,(anonymous_0)
FN:46,(anonymous_1)
FN:53,(anonymous_2)
FN:56,(anonymous_3)
FN:59,(anonymous_4)
FN:62,(anonymous_5)
FN:70,(anonymous_6)
FN:72,(anonymous_7)
FN:79,(anonymous_8)
FN:91,(anonymous_9)
FNF:10
FNH:0
FNDA:0,(anonymous_0)
FNDA:0,(anonymous_1)
FNDA:0,(anonymous_2)
FNDA:0,(anonymous_3)
FNDA:0,(anonymous_4)
FNDA:0,(anonymous_5)
FNDA:0,(anonymous_6)
FNDA:0,(anonymous_7)
FNDA:0,(anonymous_8)
FNDA:0,(anonymous_9)
DA:24,0
DA:35,0
DA:40,0
DA:41,0
DA:42,0
DA:43,0
DA:44,0
DA:47,0
DA:48,0
DA:49,0
DA:50,0
DA:51,0
DA:54,0
DA:57,0
DA:60,0
DA:62,0
DA:63,0
DA:64,0
DA:70,0
DA:71,0
DA:72,0
DA:73,0
DA:75,0
DA:78,0
DA:79,0
DA:80,0
DA:82,0
DA:90,0
DA:91,0
LF:29
LH:0
BRDA:63,0,0,0
BRDA:63,0,1,0
BRF:2
BRH:0
end_of_record
TN:
SF:src/reducers/graphReducer.ts
FN:37,(anonymous_0)
FN:45,(anonymous_1)
FN:47,(anonymous_2)
FN:51,(anonymous_3)
FN:53,(anonymous_4)
FN:61,(anonymous_5)
FN:63,(anonymous_6)
FN:71,(anonymous_7)
FN:73,(anonymous_8)
FN:77,(anonymous_9)
FN:81,(anonymous_10)
FN:86,(anonymous_11)
FN:90,(anonymous_12)
FN:95,(anonymous_13)
FN:97,(anonymous_14)
FN:109,(anonymous_15)
FN:112,(anonymous_16)
FN:113,(anonymous_17)
FN:133,(anonymous_18)
FNF:19
FNH:0
FNDA:0,(anonymous_0)
FNDA:0,(anonymous_1)
FNDA:0,(anonymous_2)
FNDA:0,(anonymous_3)
FNDA:0,(anonymous_4)
FNDA:0,(anonymous_5)
FNDA:0,(anonymous_6)
FNDA:0,(anonymous_7)
FNDA:0,(anonymous_8)
FNDA:0,(anonymous_9)
FNDA:0,(anonymous_10)
FNDA:0,(anonymous_11)
FNDA:0,(anonymous_12)
FNDA:0,(anonymous_13)
FNDA:0,(anonymous_14)
FNDA:0,(anonymous_15)
FNDA:0,(anonymous_16)
FNDA:0,(anonymous_17)
FNDA:0,(anonymous_18)
DA:24,0
DA:33,0
DA:38,0
DA:39,0
DA:40,0
DA:41,0
DA:42,0
DA:43,0
DA:46,0
DA:47,0
DA:48,0
DA:49,0
DA:52,0
DA:53,0
DA:54,0
DA:55,0
DA:56,0
DA:58,0
DA:62,0
DA:63,0
DA:64,0
DA:65,0
DA:66,0
DA:68,0
DA:72,0
DA:73,0
DA:74,0
DA:75,0
DA:78,0
DA:79,0
DA:80,0
DA:81,0
DA:83,0
DA:84,0
DA:87,0
DA:88,0
DA:89,0
DA:90,0
DA:92,0
DA:93,0
DA:96,0
DA:97,0
DA:98,0
DA:99,0
DA:100,0
DA:101,0
DA:102,0
DA:104,0
DA:106,0
DA:110,0
DA:113,0
DA:114,0
DA:115,0
DA:131,0
DA:133,0
LF:55
LH:0
BRDA:54,0,0,0
BRDA:54,0,1,0
BRDA:64,1,0,0
BRDA:64,1,1,0
BRDA:80,2,0,0
BRDA:80,2,1,0
BRDA:89,3,0,0
BRDA:89,3,1,0
BRDA:98,4,0,0
BRDA:98,4,1,0
BRDA:101,5,0,0
BRDA:101,5,1,0
BRDA:114,6,0,0
BRDA:114,6,1,0
BRF:14
BRH:0
end_of_record
TN:
SF:src/reducers/gremlinReducer.ts
FN:15,(anonymous_0)
FN:18,(anonymous_1)
FN:21,(anonymous_2)
FN:25,(anonymous_3)
FN:35,(anonymous_4)
FNF:5
FNH:0
FNDA:0,(anonymous_0)
FNDA:0,(anonymous_1)
FNDA:0,(anonymous_2)
FNDA:0,(anonymous_3)
FNDA:0,(anonymous_4)
DA:4,0
DA:11,0
DA:16,0
DA:19,0
DA:22,0
DA:23,0
DA:26,0
DA:27,0
DA:29,0
DA:34,0
DA:35,0
LF:11
LH:0
BRDA:26,0,0,0
BRDA:26,0,1,0
BRF:2
BRH:0
end_of_record
TN:
SF:src/reducers/optionReducer.ts
FN:19,(anonymous_0)
FN:36,(anonymous_1)
FN:39,(anonymous_2)
FN:42,(anonymous_3)
FN:45,(anonymous_4)
FN:48,(anonymous_5)
FN:51,(anonymous_6)
FN:54,(anonymous_7)
FN:66,(anonymous_8)
FN:75,(anonymous_9)
FN:93,(anonymous_10)
FNF:11
FNH:0
FNDA:0,(anonymous_0)
FNDA:0,(anonymous_1)
FNDA:0,(anonymous_2)
FNDA:0,(anonymous_3)
FNDA:0,(anonymous_4)
FNDA:0,(anonymous_5)
FNDA:0,(anonymous_6)
FNDA:0,(anonymous_7)
FNDA:0,(anonymous_8)
FNDA:0,(anonymous_9)
FNDA:0,(anonymous_10)
DA:19,0
DA:20,0
DA:22,0
DA:32,0
DA:37,0
DA:40,0
DA:43,0
DA:46,0
DA:49,0
DA:52,0
DA:55,0
DA:56,0
DA:58,0
DA:59,0
DA:67,0
DA:68,0
DA:69,0
DA:76,0
DA:91,0
DA:93,0
LF:20
LH:0
BRDA:58,0,0,0
BRDA:58,0,1,0
BRDA:68,1,0,0
BRDA:68,1,1,0
BRF:4
BRH:0
end_of_record
