TN:
SF:src/constants.js
FNF:0
FNH:0
DA:1,2
DA:2,2
DA:3,2
DA:4,2
DA:5,2
DA:6,2
DA:28,2
DA:29,2
DA:34,2
DA:38,2
LF:10
LH:10
BRF:0
BRH:0
end_of_record
TN:
SF:src/app/store.ts
FN:11,(anonymous_0)
FNF:1
FNH:1
FNDA:3,(anonymous_0)
DA:11,3
DA:16,2
DA:20,2
LF:3
LH:3
BRDA:11,0,0,1
BRF:1
BRH:1
end_of_record
TN:
SF:src/components/Details/DetailsComponent.tsx
FN:46,(anonymous_0)
FN:80,(anonymous_1)
FN:90,getRows
FN:92,(anonymous_3)
FN:109,(anonymous_4)
FN:123,onTraverse
FN:136,(anonymous_6)
FN:139,(anonymous_7)
FN:145,sendUpdateQuery
FN:157,(anonymous_9)
FN:160,(anonymous_10)
FN:166,sendRawQuery
FN:187,updateElementProperty
FN:207,(anonymous_13)
FN:211,onConfirmEdit
FN:216,onConfirmAddProperty
FN:223,onCancelAddProperty
FN:237,(anonymous_17)
FN:247,(anonymous_18)
FN:281,(anonymous_19)
FN:305,(anonymous_20)
FN:315,(anonymous_21)
FNF:22
FNH:19
FNDA:19,(anonymous_0)
FNDA:6,(anonymous_1)
FNDA:18,getRows
FNDA:36,(anonymous_3)
FNDA:1,(anonymous_4)
FNDA:2,onTraverse
FNDA:2,(anonymous_6)
FNDA:0,(anonymous_7)
FNDA:2,sendUpdateQuery
FNDA:2,(anonymous_9)
FNDA:0,(anonymous_10)
FNDA:1,sendRawQuery
FNDA:2,updateElementProperty
FNDA:1,(anonymous_13)
FNDA:0,onConfirmEdit
FNDA:1,onConfirmAddProperty
FNDA:1,onCancelAddProperty
FNDA:1,(anonymous_17)
FNDA:1,(anonymous_18)
FNDA:1,(anonymous_19)
FNDA:6,(anonymous_20)
FNDA:3,(anonymous_21)
DA:46,2
DA:47,19
DA:48,18
DA:49,18
DA:50,18
DA:52,18
DA:53,18
DA:54,18
DA:55,18
DA:56,18
DA:59,18
DA:60,18
DA:61,18
DA:62,18
DA:63,18
DA:64,18
DA:65,17
DA:66,17
DA:67,17
DA:68,17
DA:69,17
DA:70,17
DA:71,1
DA:72,1
DA:73,1
DA:74,1
DA:75,1
DA:76,1
DA:77,1
DA:80,18
DA:81,6
DA:82,6
DA:91,18
DA:92,18
DA:93,36
DA:110,1
DA:124,2
DA:125,2
DA:137,2
DA:140,0
DA:141,0
DA:146,2
DA:158,2
DA:161,0
DA:162,0
DA:167,1
DA:168,1
DA:179,1
DA:181,0
DA:182,0
DA:183,0
DA:189,2
DA:191,2
DA:192,1
DA:193,1
DA:194,1
DA:195,1
DA:196,1
DA:197,1
DA:198,0
DA:199,0
DA:200,0
DA:202,0
DA:203,0
DA:206,1
DA:207,1
DA:212,0
DA:213,0
DA:217,1
DA:218,1
DA:219,1
DA:220,1
DA:224,1
DA:225,1
DA:226,1
DA:229,18
DA:237,1
DA:247,1
DA:281,1
DA:305,6
DA:315,3
LF:81
LH:67
BRDA:64,0,0,17
BRDA:64,0,1,1
BRDA:71,1,0,1
BRDA:71,1,1,0
BRDA:91,2,0,0
BRDA:91,2,1,18
BRDA:96,3,0,36
BRDA:96,3,1,0
BRDA:107,4,0,36
BRDA:107,4,1,0
BRDA:161,5,0,0
BRDA:161,5,1,0
BRDA:161,5,2,0
BRDA:181,6,0,0
BRDA:181,6,1,0
BRDA:181,6,2,0
BRDA:191,7,0,1
BRDA:191,7,1,1
BRDA:191,8,0,2
BRDA:191,8,1,2
BRDA:195,9,0,1
BRDA:195,9,1,0
BRDA:198,10,0,0
BRDA:198,10,1,0
BRDA:198,11,0,0
BRDA:198,11,1,0
BRDA:218,12,0,0
BRDA:218,12,1,1
BRDA:218,13,0,1
BRDA:218,13,1,1
BRDA:229,14,0,18
BRDA:229,14,1,18
BRDA:229,14,2,0
BRDA:231,15,0,18
BRDA:231,15,1,17
BRDA:262,16,0,18
BRDA:262,16,1,0
BRDA:267,17,0,18
BRDA:267,17,1,0
BRDA:274,18,0,18
BRDA:274,18,1,0
BRF:41
BRH:21
end_of_record
TN:
SF:src/components/Details/QueryComponent.tsx
FN:12,(anonymous_0)
FN:16,(anonymous_1)
FN:19,handleClearGraph
FN:24,sendQuery
FN:32,(anonymous_4)
FN:35,(anonymous_5)
FN:41,onQueryChanged
FNF:7
FNH:5
FNDA:53,(anonymous_0)
FNDA:109,(anonymous_1)
FNDA:0,handleClearGraph
FNDA:2,sendQuery
FNDA:2,(anonymous_4)
FNDA:0,(anonymous_5)
FNDA:43,onQueryChanged
DA:12,2
DA:13,53
DA:14,53
DA:15,53
DA:16,109
DA:20,0
DA:21,0
DA:25,2
DA:26,2
DA:33,2
DA:36,0
DA:37,0
DA:42,43
DA:43,43
DA:46,53
LF:15
LH:11
BRF:0
BRH:0
end_of_record
TN:
SF:src/components/Details/SavedQueriesComponent.tsx
FN:18,(anonymous_0)
FN:22,(anonymous_1)
FN:26,(anonymous_2)
FN:29,(anonymous_3)
FN:35,(anonymous_4)
FN:44,(anonymous_5)
FN:47,(anonymous_6)
FN:59,(anonymous_7)
FN:62,(anonymous_8)
FN:64,(anonymous_9)
FN:95,(anonymous_10)
FNF:11
FNH:0
FNDA:0,(anonymous_0)
FNDA:0,(anonymous_1)
FNDA:0,(anonymous_2)
FNDA:0,(anonymous_3)
FNDA:0,(anonymous_4)
FNDA:0,(anonymous_5)
FNDA:0,(anonymous_6)
FNDA:0,(anonymous_7)
FNDA:0,(anonymous_8)
FNDA:0,(anonymous_9)
FNDA:0,(anonymous_10)
DA:18,2
DA:19,0
DA:20,0
DA:21,0
DA:22,0
DA:24,0
DA:25,0
DA:26,0
DA:27,0
DA:29,0
DA:30,0
DA:31,0
DA:35,0
DA:36,0
DA:37,0
DA:38,0
DA:45,0
DA:48,0
DA:49,0
DA:55,0
DA:60,0
DA:62,0
DA:64,0
DA:95,0
LF:24
LH:1
BRDA:57,0,0,0
BRDA:57,0,1,0
BRDA:73,1,0,0
BRDA:73,1,1,0
BRDA:73,1,2,0
BRF:5
BRH:0
end_of_record
TN:
SF:src/components/Details/SettingsComponent.tsx
FN:53,(anonymous_0)
FN:57,(anonymous_1)
FN:64,(anonymous_2)
FN:68,onEditNodeLabel
FN:71,(anonymous_4)
FN:71,(anonymous_5)
FN:75,(anonymous_6)
FN:75,(anonymous_7)
FN:87,(anonymous_8)
FN:95,(anonymous_9)
FN:108,(anonymous_10)
FN:114,(anonymous_11)
FN:124,(anonymous_12)
FN:134,(anonymous_13)
FN:146,onHostChanged
FN:150,onPortChanged
FN:154,onAddNodeLabel
FN:158,onEditNodeLabel
FN:162,onRemoveNodeLabel
FN:166,onEditNodeLimit
FN:170,onRefresh
FN:174,onTogglePhysics
FN:178,onLayoutChange
FN:184,onSelectWorkspace
FN:188,onConfirmLoadWorkspace
FN:190,(anonymous_25)
FN:195,onCancelLoadWorkspace
FN:200,loadWorkspaceOptions
FN:201,(anonymous_28)
FN:202,(anonymous_29)
FN:208,onCancelSaveWorkspace
FN:214,onConfirmSaveWorkspace
FN:216,(anonymous_32)
FN:223,finishSaveWorkspace
FN:234,onWorkspaceSaveNameChange
FN:245,(anonymous_35)
FN:253,(anonymous_36)
FN:272,(anonymous_37)
FN:295,(anonymous_38)
FN:303,(anonymous_39)
FN:315,(anonymous_40)
FN:321,(anonymous_41)
FN:421,(anonymous_42)
FNF:43
FNH:0
FNDA:0,(anonymous_0)
FNDA:0,(anonymous_1)
FNDA:0,(anonymous_2)
FNDA:0,onEditNodeLabel
FNDA:0,(anonymous_4)
FNDA:0,(anonymous_5)
FNDA:0,(anonymous_6)
FNDA:0,(anonymous_7)
FNDA:0,(anonymous_8)
FNDA:0,(anonymous_9)
FNDA:0,(anonymous_10)
FNDA:0,(anonymous_11)
FNDA:0,(anonymous_12)
FNDA:0,(anonymous_13)
FNDA:0,onHostChanged
FNDA:0,onPortChanged
FNDA:0,onAddNodeLabel
FNDA:0,onEditNodeLabel
FNDA:0,onRemoveNodeLabel
FNDA:0,onEditNodeLimit
FNDA:0,onRefresh
FNDA:0,onTogglePhysics
FNDA:0,onLayoutChange
FNDA:0,onSelectWorkspace
FNDA:0,onConfirmLoadWorkspace
FNDA:0,(anonymous_25)
FNDA:0,onCancelLoadWorkspace
FNDA:0,loadWorkspaceOptions
FNDA:0,(anonymous_28)
FNDA:0,(anonymous_29)
FNDA:0,onCancelSaveWorkspace
FNDA:0,onConfirmSaveWorkspace
FNDA:0,(anonymous_32)
FNDA:0,finishSaveWorkspace
FNDA:0,onWorkspaceSaveNameChange
FNDA:0,(anonymous_35)
FNDA:0,(anonymous_36)
FNDA:0,(anonymous_37)
FNDA:0,(anonymous_38)
FNDA:0,(anonymous_39)
FNDA:0,(anonymous_40)
FNDA:0,(anonymous_41)
FNDA:0,(anonymous_42)
DA:53,2
DA:54,0
DA:55,0
DA:56,0
DA:57,0
DA:58,0
DA:64,0
DA:65,0
DA:69,0
DA:71,0
DA:72,0
DA:75,0
DA:76,0
DA:77,0
DA:78,0
DA:85,0
DA:88,0
DA:96,0
DA:97,0
DA:98,0
DA:109,0
DA:115,0
DA:116,0
DA:117,0
DA:124,0
DA:134,2
DA:135,0
DA:136,0
DA:137,0
DA:138,0
DA:140,0
DA:141,0
DA:142,0
DA:143,0
DA:144,0
DA:147,0
DA:151,0
DA:155,0
DA:159,0
DA:163,0
DA:167,0
DA:171,0
DA:175,0
DA:179,0
DA:180,0
DA:185,0
DA:189,0
DA:190,0
DA:191,0
DA:192,0
DA:196,0
DA:197,0
DA:201,0
DA:202,0
DA:203,0
DA:205,0
DA:209,0
DA:210,0
DA:211,0
DA:215,0
DA:216,0
DA:217,0
DA:218,0
DA:220,0
DA:224,0
DA:225,0
DA:230,0
DA:231,0
DA:235,0
DA:236,0
DA:239,0
DA:245,0
DA:253,0
DA:273,0
DA:274,0
DA:295,0
DA:303,0
DA:315,0
DA:321,0
DA:421,0
LF:80
LH:2
BRDA:72,0,0,0
BRDA:72,0,1,0
BRDA:105,1,0,0
BRDA:105,1,1,0
BRDA:202,2,0,0
BRDA:202,2,1,0
BRDA:216,3,0,0
BRDA:216,3,1,0
BRDA:304,4,0,0
BRDA:304,4,1,0
BRDA:304,4,2,0
BRF:11
BRH:0
end_of_record
TN:
SF:src/components/Details/SidebarComponent.tsx
FN:20,(anonymous_0)
FN:22,(anonymous_1)
FN:38,TabPanel
FN:63,(anonymous_3)
FN:66,(anonymous_4)
FNF:5
FNH:5
FNDA:8,(anonymous_0)
FNDA:1,(anonymous_1)
FNDA:71,TabPanel
FNDA:15,(anonymous_3)
FNDA:6,(anonymous_4)
DA:20,2
DA:21,8
DA:23,1
DA:39,71
DA:41,70
DA:63,2
DA:64,15
DA:65,14
DA:66,14
DA:67,6
DA:70,14
LF:11
LH:11
BRDA:49,0,0,70
BRDA:49,0,1,14
BRF:2
BRH:2
end_of_record
TN:
SF:src/components/Details/TableComponent.tsx
FN:52,createData
FN:55,(anonymous_1)
FN:61,(anonymous_2)
FN:71,Row
FN:82,(anonymous_4)
FN:105,(anonymous_5)
FN:123,descendingComparator
FN:157,getComparator
FN:165,(anonymous_8)
FN:166,(anonymous_9)
FN:178,EnhancedTableHead
FN:182,(anonymous_11)
FN:182,(anonymous_12)
FN:190,(anonymous_13)
FN:215,CollapsibleTable
FN:225,(anonymous_15)
FN:229,(anonymous_16)
FN:238,(anonymous_17)
FN:242,(anonymous_18)
FN:251,(anonymous_19)
FN:259,(anonymous_20)
FN:266,(anonymous_21)
FN:302,(anonymous_22)
FNF:23
FNH:0
FNDA:0,createData
FNDA:0,(anonymous_1)
FNDA:0,(anonymous_2)
FNDA:0,Row
FNDA:0,(anonymous_4)
FNDA:0,(anonymous_5)
FNDA:0,descendingComparator
FNDA:0,getComparator
FNDA:0,(anonymous_8)
FNDA:0,(anonymous_9)
FNDA:0,EnhancedTableHead
FNDA:0,(anonymous_11)
FNDA:0,(anonymous_12)
FNDA:0,(anonymous_13)
FNDA:0,CollapsibleTable
FNDA:0,(anonymous_15)
FNDA:0,(anonymous_16)
FNDA:0,(anonymous_17)
FNDA:0,(anonymous_18)
FNDA:0,(anonymous_19)
FNDA:0,(anonymous_20)
FNDA:0,(anonymous_21)
FNDA:0,(anonymous_22)
DA:37,2
DA:53,0
DA:54,0
DA:55,0
DA:56,0
DA:57,0
DA:60,0
DA:61,0
DA:62,0
DA:63,0
DA:66,0
DA:72,0
DA:73,0
DA:75,0
DA:82,0
DA:106,0
DA:124,0
DA:125,0
DA:127,0
DA:128,0
DA:129,0
DA:130,0
DA:131,0
DA:132,0
DA:134,0
DA:135,0
DA:137,0
DA:140,0
DA:141,0
DA:143,0
DA:144,0
DA:145,0
DA:147,0
DA:148,0
DA:151,0
DA:164,0
DA:165,0
DA:166,0
DA:180,0
DA:182,0
DA:183,0
DA:186,0
DA:191,0
DA:216,0
DA:217,0
DA:218,0
DA:219,0
DA:220,0
DA:221,0
DA:222,0
DA:223,0
DA:225,0
DA:226,0
DA:229,0
DA:233,0
DA:234,0
DA:235,0
DA:238,0
DA:239,0
DA:242,0
DA:243,0
DA:244,0
DA:248,0
DA:250,0
DA:252,0
DA:259,0
DA:260,0
DA:261,0
DA:262,0
DA:266,0
DA:267,0
DA:268,0
DA:269,0
DA:273,0
DA:303,0
LF:75
LH:1
BRDA:54,0,0,0
BRDA:54,0,1,0
BRDA:60,1,0,0
BRDA:60,1,1,0
BRDA:84,2,0,0
BRDA:84,2,1,0
BRDA:127,3,0,0
BRDA:127,3,1,0
BRDA:127,4,0,0
BRDA:127,4,1,0
BRDA:130,5,0,0
BRDA:130,5,1,0
BRDA:130,6,0,0
BRDA:130,6,1,0
BRDA:131,7,0,0
BRDA:131,7,1,0
BRDA:134,8,0,0
BRDA:134,8,1,0
BRDA:140,9,0,0
BRDA:140,9,1,0
BRDA:140,10,0,0
BRDA:140,10,1,0
BRDA:143,11,0,0
BRDA:143,11,1,0
BRDA:143,12,0,0
BRDA:143,12,1,0
BRDA:144,13,0,0
BRDA:144,13,1,0
BRDA:147,14,0,0
BRDA:147,14,1,0
BRDA:164,15,0,0
BRDA:164,15,1,0
BRDA:193,16,0,0
BRDA:193,16,1,0
BRDA:194,17,0,0
BRDA:194,17,1,0
BRDA:198,18,0,0
BRDA:198,18,1,0
BRDA:202,19,0,0
BRDA:202,19,1,0
BRDA:204,20,0,0
BRDA:204,20,1,0
BRDA:233,21,0,0
BRDA:233,21,1,0
BRDA:234,22,0,0
BRDA:234,22,1,0
BRDA:248,23,0,0
BRDA:248,23,1,0
BRDA:261,24,0,0
BRDA:261,24,1,0
BRDA:261,25,0,0
BRDA:261,25,1,0
BRDA:268,26,0,0
BRDA:268,26,1,0
BRDA:268,27,0,0
BRDA:268,27,1,0
BRDA:305,28,0,0
BRDA:305,28,1,0
BRF:58
BRH:0
end_of_record
TN:
SF:src/components/ModalDialog/ModalDialogComponent.tsx
FN:32,(anonymous_0)
FN:42,(anonymous_1)
FN:50,(anonymous_2)
FN:52,(anonymous_3)
FN:66,(anonymous_4)
FN:76,(anonymous_5)
FN:89,(anonymous_6)
FN:89,(anonymous_7)
FN:102,(anonymous_8)
FN:102,(anonymous_9)
FN:105,(anonymous_10)
FN:106,(anonymous_11)
FN:119,(anonymous_12)
FN:123,(anonymous_13)
FN:125,(anonymous_14)
FN:126,(anonymous_15)
FN:132,(anonymous_16)
FN:140,(anonymous_17)
FN:146,(anonymous_18)
FN:148,(anonymous_19)
FN:182,(anonymous_20)
FN:186,(anonymous_21)
FN:215,(anonymous_22)
FN:223,(anonymous_23)
FN:231,(anonymous_24)
FN:240,(anonymous_25)
FN:247,(anonymous_26)
FN:260,(anonymous_27)
FN:266,(anonymous_28)
FNF:29
FNH:0
FNDA:0,(anonymous_0)
FNDA:0,(anonymous_1)
FNDA:0,(anonymous_2)
FNDA:0,(anonymous_3)
FNDA:0,(anonymous_4)
FNDA:0,(anonymous_5)
FNDA:0,(anonymous_6)
FNDA:0,(anonymous_7)
FNDA:0,(anonymous_8)
FNDA:0,(anonymous_9)
FNDA:0,(anonymous_10)
FNDA:0,(anonymous_11)
FNDA:0,(anonymous_12)
FNDA:0,(anonymous_13)
FNDA:0,(anonymous_14)
FNDA:0,(anonymous_15)
FNDA:0,(anonymous_16)
FNDA:0,(anonymous_17)
FNDA:0,(anonymous_18)
FNDA:0,(anonymous_19)
FNDA:0,(anonymous_20)
FNDA:0,(anonymous_21)
FNDA:0,(anonymous_22)
FNDA:0,(anonymous_23)
FNDA:0,(anonymous_24)
FNDA:0,(anonymous_25)
FNDA:0,(anonymous_26)
FNDA:0,(anonymous_27)
FNDA:0,(anonymous_28)
DA:27,2
DA:32,2
DA:33,0
DA:34,0
DA:35,0
DA:36,0
DA:37,0
DA:38,0
DA:39,0
DA:40,0
DA:42,0
DA:43,0
DA:44,0
DA:45,0
DA:46,0
DA:50,0
DA:51,0
DA:52,0
DA:53,0
DA:59,0
DA:62,0
DA:66,0
DA:67,0
DA:69,0
DA:71,0
DA:73,0
DA:76,0
DA:77,0
DA:79,0
DA:81,0
DA:86,0
DA:89,0
DA:90,0
DA:92,0
DA:93,0
DA:95,0
DA:96,0
DA:98,0
DA:99,0
DA:102,0
DA:103,0
DA:105,0
DA:106,0
DA:107,0
DA:110,0
DA:112,0
DA:113,0
DA:115,0
DA:119,0
DA:120,0
DA:123,0
DA:124,0
DA:125,0
DA:126,0
DA:127,0
DA:132,0
DA:133,0
DA:137,0
DA:140,0
DA:141,0
DA:142,0
DA:143,0
DA:146,0
DA:147,0
DA:148,0
DA:149,0
DA:151,0
DA:152,0
DA:153,0
DA:156,0
DA:157,0
DA:159,0
DA:160,0
DA:161,0
DA:163,0
DA:165,0
DA:166,0
DA:168,0
DA:169,0
DA:171,0
DA:183,0
DA:184,0
DA:187,0
DA:188,0
DA:191,0
DA:194,0
DA:216,0
DA:223,0
DA:232,0
DA:241,0
DA:247,0
DA:260,0
DA:266,0
LF:93
LH:2
BRDA:43,0,0,0
BRDA:43,0,1,0
BRDA:51,1,0,0
BRDA:51,1,1,0
BRDA:67,2,0,0
BRDA:67,2,1,0
BRDA:67,2,2,0
BRDA:77,3,0,0
BRDA:77,3,1,0
BRDA:77,3,2,0
BRDA:90,4,0,0
BRDA:90,4,1,0
BRDA:90,4,2,0
BRDA:92,5,0,0
BRDA:92,5,1,0
BRDA:95,6,0,0
BRDA:95,6,1,0
BRDA:103,7,0,0
BRDA:103,7,1,0
BRDA:103,7,2,0
BRDA:107,8,0,0
BRDA:107,8,1,0
BRDA:127,9,0,0
BRDA:127,9,1,0
BRDA:151,10,0,0
BRDA:151,10,1,0
BRDA:160,11,0,0
BRDA:160,11,1,0
BRDA:168,12,0,0
BRDA:168,12,1,0
BRDA:183,13,0,0
BRDA:183,13,1,0
BRDA:187,14,0,0
BRDA:187,14,1,0
BRDA:187,14,2,0
BRDA:212,15,0,0
BRDA:212,15,1,0
BRDA:229,16,0,0
BRDA:229,16,1,0
BRDA:237,17,0,0
BRDA:237,17,1,0
BRF:41
BRH:0
end_of_record
TN:
SF:src/logics/actionHelper.ts
FN:7,(anonymous_0)
FN:18,(anonymous_1)
FN:27,(anonymous_2)
FN:33,(anonymous_3)
FNF:4
FNH:2
FNDA:4,(anonymous_0)
FNDA:2,(anonymous_1)
FNDA:0,(anonymous_2)
FNDA:0,(anonymous_3)
DA:7,2
DA:8,4
DA:12,4
DA:13,4
DA:14,4
DA:15,4
DA:18,2
DA:19,2
DA:23,2
DA:24,2
DA:25,2
DA:27,0
DA:28,0
DA:30,2
DA:33,2
DA:34,0
DA:38,0
DA:39,0
DA:40,0
DA:41,0
DA:43,0
DA:44,0
DA:45,0
LF:23
LH:13
BRDA:23,0,0,2
BRDA:23,0,1,0
BRDA:38,1,0,0
BRDA:38,1,1,0
BRF:4
BRH:1
end_of_record
TN:
SF:src/logics/utils.ts
FN:16,(anonymous_0)
FN:59,(anonymous_1)
FN:71,(anonymous_2)
FN:78,(anonymous_3)
FN:83,(anonymous_4)
FN:87,(anonymous_5)
FN:96,(anonymous_6)
FN:101,(anonymous_7)
FN:105,(anonymous_8)
FN:115,(anonymous_9)
FN:122,(anonymous_10)
FN:138,(anonymous_11)
FN:145,(anonymous_12)
FN:147,(anonymous_13)
FN:155,defaultNodeLabel
FNF:15
FNH:5
FNDA:0,(anonymous_0)
FNDA:0,(anonymous_1)
FNDA:6,(anonymous_2)
FNDA:0,(anonymous_3)
FNDA:0,(anonymous_4)
FNDA:0,(anonymous_5)
FNDA:0,(anonymous_6)
FNDA:0,(anonymous_7)
FNDA:0,(anonymous_8)
FNDA:6,(anonymous_9)
FNDA:84,(anonymous_10)
FNDA:0,(anonymous_11)
FNDA:18,(anonymous_12)
FNDA:36,(anonymous_13)
FNDA:0,defaultNodeLabel
DA:10,2
DA:12,2
DA:13,2
DA:14,2
DA:16,2
DA:17,0
DA:18,0
DA:19,0
DA:20,0
DA:59,2
DA:61,0
DA:62,0
DA:71,2
DA:72,6
DA:77,6
DA:78,6
DA:79,0
DA:80,0
DA:81,0
DA:83,0
DA:84,0
DA:87,6
DA:88,0
DA:89,0
DA:91,6
DA:92,6
DA:95,6
DA:96,6
DA:97,0
DA:98,0
DA:99,0
DA:101,0
DA:102,0
DA:105,6
DA:106,0
DA:107,0
DA:109,6
DA:110,6
DA:112,6
DA:115,2
DA:116,6
DA:117,6
DA:118,6
DA:120,6
DA:122,6
DA:123,84
DA:124,84
DA:125,84
DA:126,0
DA:127,0
DA:128,0
DA:129,0
DA:130,0
DA:132,0
DA:133,0
DA:134,0
DA:136,0
DA:138,0
DA:141,6
DA:142,6
DA:145,2
DA:146,18
DA:147,18
DA:148,36
DA:149,0
DA:152,18
DA:156,0
LF:67
LH:35
BRDA:18,0,0,0
BRDA:18,0,1,0
BRDA:18,1,0,0
BRDA:18,1,1,0
BRDA:18,2,0,0
BRDA:18,2,1,0
BRDA:80,3,0,0
BRDA:80,3,1,0
BRDA:98,4,0,0
BRDA:98,4,1,0
BRDA:115,5,0,0
BRDA:125,6,0,0
BRDA:125,6,1,84
BRDA:126,7,0,0
BRDA:126,7,1,0
BRDA:133,8,0,0
BRDA:133,8,1,0
BRDA:133,9,0,0
BRDA:133,9,1,0
BRDA:148,10,0,0
BRDA:148,10,1,36
BRF:21
BRH:2
end_of_record
TN:
SF:src/reducers/dialogReducer.ts
FN:39,(anonymous_0)
FN:46,(anonymous_1)
FN:53,(anonymous_2)
FN:56,(anonymous_3)
FN:59,(anonymous_4)
FN:62,(anonymous_5)
FN:70,(anonymous_6)
FN:72,(anonymous_7)
FN:79,(anonymous_8)
FN:91,(anonymous_9)
FNF:10
FNH:0
FNDA:0,(anonymous_0)
FNDA:0,(anonymous_1)
FNDA:0,(anonymous_2)
FNDA:0,(anonymous_3)
FNDA:0,(anonymous_4)
FNDA:0,(anonymous_5)
FNDA:0,(anonymous_6)
FNDA:0,(anonymous_7)
FNDA:0,(anonymous_8)
FNDA:0,(anonymous_9)
DA:24,2
DA:35,2
DA:40,0
DA:41,0
DA:42,0
DA:43,0
DA:44,0
DA:47,0
DA:48,0
DA:49,0
DA:50,0
DA:51,0
DA:54,0
DA:57,0
DA:60,0
DA:62,0
DA:63,0
DA:64,0
DA:70,0
DA:71,0
DA:72,0
DA:73,0
DA:75,0
DA:78,0
DA:79,0
DA:80,0
DA:82,0
DA:90,2
DA:91,2
LF:29
LH:4
BRDA:63,0,0,0
BRDA:63,0,1,0
BRF:2
BRH:0
end_of_record
TN:
SF:src/reducers/graphReducer.ts
FN:37,(anonymous_0)
FN:45,(anonymous_1)
FN:47,(anonymous_2)
FN:51,(anonymous_3)
FN:53,(anonymous_4)
FN:61,(anonymous_5)
FN:63,(anonymous_6)
FN:71,(anonymous_7)
FN:73,(anonymous_8)
FN:77,(anonymous_9)
FN:81,(anonymous_10)
FN:86,(anonymous_11)
FN:90,(anonymous_12)
FN:95,(anonymous_13)
FN:97,(anonymous_14)
FN:109,(anonymous_15)
FN:112,(anonymous_16)
FN:113,(anonymous_17)
FN:133,(anonymous_18)
FNF:19
FNH:3
FNDA:0,(anonymous_0)
FNDA:1,(anonymous_1)
FNDA:0,(anonymous_2)
FNDA:0,(anonymous_3)
FNDA:0,(anonymous_4)
FNDA:0,(anonymous_5)
FNDA:0,(anonymous_6)
FNDA:1,(anonymous_7)
FNDA:0,(anonymous_8)
FNDA:0,(anonymous_9)
FNDA:0,(anonymous_10)
FNDA:0,(anonymous_11)
FNDA:0,(anonymous_12)
FNDA:0,(anonymous_13)
FNDA:0,(anonymous_14)
FNDA:0,(anonymous_15)
FNDA:0,(anonymous_16)
FNDA:0,(anonymous_17)
FNDA:12,(anonymous_18)
DA:24,2
DA:33,2
DA:38,0
DA:39,0
DA:40,0
DA:41,0
DA:42,0
DA:43,0
DA:46,1
DA:47,1
DA:48,1
DA:49,1
DA:52,0
DA:53,0
DA:54,0
DA:55,0
DA:56,0
DA:58,0
DA:62,0
DA:63,0
DA:64,0
DA:65,0
DA:66,0
DA:68,0
DA:72,1
DA:73,1
DA:74,1
DA:75,1
DA:78,0
DA:79,0
DA:80,0
DA:81,0
DA:83,0
DA:84,0
DA:87,0
DA:88,0
DA:89,0
DA:90,0
DA:92,0
DA:93,0
DA:96,0
DA:97,0
DA:98,0
DA:99,0
DA:100,0
DA:101,0
DA:102,0
DA:104,0
DA:106,0
DA:110,0
DA:113,0
DA:114,0
DA:115,0
DA:131,2
DA:133,12
LF:55
LH:12
BRDA:54,0,0,0
BRDA:54,0,1,0
BRDA:64,1,0,0
BRDA:64,1,1,0
BRDA:80,2,0,0
BRDA:80,2,1,0
BRDA:89,3,0,0
BRDA:89,3,1,0
BRDA:98,4,0,0
BRDA:98,4,1,0
BRDA:101,5,0,0
BRDA:101,5,1,0
BRDA:114,6,0,0
BRDA:114,6,1,0
BRF:14
BRH:0
end_of_record
TN:
SF:src/reducers/gremlinReducer.ts
FN:15,(anonymous_0)
FN:18,(anonymous_1)
FN:21,(anonymous_2)
FN:25,(anonymous_3)
FN:35,(anonymous_4)
FNF:5
FNH:3
FNDA:0,(anonymous_0)
FNDA:0,(anonymous_1)
FNDA:43,(anonymous_2)
FNDA:1,(anonymous_3)
FNDA:79,(anonymous_4)
DA:4,2
DA:11,2
DA:16,0
DA:19,0
DA:22,43
DA:23,43
DA:26,1
DA:27,0
DA:29,1
DA:34,2
DA:35,79
LF:11
LH:8
BRDA:26,0,0,0
BRDA:26,0,1,1
BRF:2
BRH:1
end_of_record
TN:
SF:src/reducers/optionReducer.ts
FN:19,(anonymous_0)
FN:36,(anonymous_1)
FN:39,(anonymous_2)
FN:42,(anonymous_3)
FN:45,(anonymous_4)
FN:48,(anonymous_5)
FN:51,(anonymous_6)
FN:54,(anonymous_7)
FN:66,(anonymous_8)
FN:75,(anonymous_9)
FN:93,(anonymous_10)
FNF:11
FNH:3
FNDA:0,(anonymous_0)
FNDA:0,(anonymous_1)
FNDA:0,(anonymous_2)
FNDA:3,(anonymous_3)
FNDA:0,(anonymous_4)
FNDA:1,(anonymous_5)
FNDA:0,(anonymous_6)
FNDA:0,(anonymous_7)
FNDA:0,(anonymous_8)
FNDA:0,(anonymous_9)
FNDA:74,(anonymous_10)
DA:19,2
DA:20,0
DA:22,2
DA:32,2
DA:37,0
DA:40,0
DA:43,3
DA:46,0
DA:49,1
DA:52,0
DA:55,0
DA:56,0
DA:58,0
DA:59,0
DA:67,0
DA:68,0
DA:69,0
DA:76,0
DA:91,2
DA:93,74
LF:20
LH:7
BRDA:58,0,0,0
BRDA:58,0,1,0
BRDA:68,1,0,0
BRDA:68,1,1,0
BRF:4
BRH:0
end_of_record
